[0.030s] Invoking command in '/home/autodrive/laser_ws/build/urg_node': CMAKE_PREFIX_PATH=/opt/ros/foxy /usr/bin/cmake --build /home/autodrive/laser_ws/build/urg_node -- -j6 -l6
[0.083s] -- Found ament_cmake: 0.9.12 (/opt/ros/foxy/share/ament_cmake/cmake)
[0.127s] -- Using PYTHON_EXECUTABLE: /usr/bin/python3
[0.520s] -- Found diagnostic_updater: 3.1.2 (/opt/ros/foxy/share/diagnostic_updater/cmake)
[0.566s] -- Using all available rosidl_typesupport_c: rosidl_typesupport_fastrtps_c;rosidl_typesupport_introspection_c
[0.572s] -- Found rosidl_adapter: 1.3.1 (/opt/ros/foxy/share/rosidl_adapter/cmake)
[0.807s] -- Using all available rosidl_typesupport_cpp: rosidl_typesupport_fastrtps_cpp;rosidl_typesupport_introspection_cpp
[1.033s] -- Found rmw_implementation_cmake: 1.0.4 (/opt/ros/foxy/share/rmw_implementation_cmake/cmake)
[1.035s] -- Using RMW implementation 'rmw_fastrtps_cpp' as default
[1.300s] -- Found laser_proc: 1.0.2 (/opt/ros/foxy/share/laser_proc/cmake)
[1.532s] -- Found rclcpp_components: 2.4.3 (/opt/ros/foxy/share/rclcpp_components/cmake)
[1.634s] -- Found std_srvs: 2.0.5 (/opt/ros/foxy/share/std_srvs/cmake)
[1.650s] -- Found urg_c: 1.0.4001 (/opt/ros/foxy/share/urg_c/cmake)
[1.652s] -- Found urg_node_msgs: 1.0.1 (/opt/ros/foxy/share/urg_node_msgs/cmake)
[1.718s] -- Found laser_geometry: 2.2.0 (/opt/ros/foxy/share/laser_geometry/cmake)
[1.746s] CMake Error at CMakeLists.txt:32 (find_package):
[1.746s]   By not providing "FindEigen.cmake" in CMAKE_MODULE_PATH this project has
[1.746s]   asked CMake to find a package configuration file provided by "Eigen", but
[1.747s]   CMake did not find one.
[1.747s] 
[1.747s]   Could not find a package configuration file provided by "Eigen" with any of
[1.747s]   the following names:
[1.747s] 
[1.747s]     EigenConfig.cmake
[1.747s]     eigen-config.cmake
[1.748s] 
[1.748s]   Add the installation prefix of "Eigen" to CMAKE_PREFIX_PATH or set
[1.748s]   "Eigen_DIR" to a directory containing one of the above files.  If "Eigen"
[1.748s]   provides a separate development package or SDK, be sure it has been
[1.748s]   installed.
[1.748s] 
[1.749s] 
[1.751s] -- Configuring incomplete, errors occurred!
[1.751s] See also "/home/autodrive/laser_ws/build/urg_node/CMakeFiles/CMakeOutput.log".
[1.751s] See also "/home/autodrive/laser_ws/build/urg_node/CMakeFiles/CMakeError.log".
[1.773s] make: *** [Makefile:428: cmake_check_build_system] Error 1
[1.779s] Invoked command in '/home/autodrive/laser_ws/build/urg_node' returned '2': CMAKE_PREFIX_PATH=/opt/ros/foxy /usr/bin/cmake --build /home/autodrive/laser_ws/build/urg_node -- -j6 -l6
