[3.081s] Invoking command in '/home/autodrive/laser_ws/src/keyboard_serial': PYTHONPATH=/home/autodrive/laser_ws/build/keyboard_serial/prefix_override:/usr/lib/python3/dist-packages/colcon_core/task/python/colcon_distutils_commands:/home/autodrive/laser_ws/install/keyboard_serial/lib/python3.8/site-packages:${PYTHONPATH} /usr/bin/python3 -W ignore:setup.py install is deprecated -W ignore:easy_install command is deprecated setup.py egg_info --egg-base ../../build/keyboard_serial build --build-base /home/autodrive/laser_ws/build/keyboard_serial/build install --record /home/autodrive/laser_ws/build/keyboard_serial/install.log --install-scripts $base/lib/keyboard_serial --single-version-externally-managed install_data
[3.949s] running egg_info
[3.954s] writing ../../build/keyboard_serial/keyboard_serial.egg-info/PKG-INFO
[3.955s] writing dependency_links to ../../build/keyboard_serial/keyboard_serial.egg-info/dependency_links.txt
[3.956s] writing entry points to ../../build/keyboard_serial/keyboard_serial.egg-info/entry_points.txt
[3.957s] writing requirements to ../../build/keyboard_serial/keyboard_serial.egg-info/requires.txt
[3.958s] writing top-level names to ../../build/keyboard_serial/keyboard_serial.egg-info/top_level.txt
[4.043s] reading manifest file '../../build/keyboard_serial/keyboard_serial.egg-info/SOURCES.txt'
[4.045s] writing manifest file '../../build/keyboard_serial/keyboard_serial.egg-info/SOURCES.txt'
[4.046s] running build
[4.046s] running build_py
[4.046s] running install
[4.047s] running install_lib
[4.056s] running install_data
[4.058s] running install_egg_info
[4.063s] removing '/home/autodrive/laser_ws/install/keyboard_serial/lib/python3.8/site-packages/keyboard_serial-0.0.0-py3.8.egg-info' (and everything under it)
[4.063s] Copying ../../build/keyboard_serial/keyboard_serial.egg-info to /home/autodrive/laser_ws/install/keyboard_serial/lib/python3.8/site-packages/keyboard_serial-0.0.0-py3.8.egg-info
[4.066s] running install_scripts
[4.108s] Installing keyboard_serial_node script to /home/autodrive/laser_ws/install/keyboard_serial/lib/keyboard_serial
[4.112s] writing list of installed files to '/home/autodrive/laser_ws/build/keyboard_serial/install.log'
[4.190s] Invoked command in '/home/autodrive/laser_ws/src/keyboard_serial' returned '0': PYTHONPATH=/home/autodrive/laser_ws/build/keyboard_serial/prefix_override:/usr/lib/python3/dist-packages/colcon_core/task/python/colcon_distutils_commands:/home/autodrive/laser_ws/install/keyboard_serial/lib/python3.8/site-packages:${PYTHONPATH} /usr/bin/python3 -W ignore:setup.py install is deprecated -W ignore:easy_install command is deprecated setup.py egg_info --egg-base ../../build/keyboard_serial build --build-base /home/autodrive/laser_ws/build/keyboard_serial/build install --record /home/autodrive/laser_ws/build/keyboard_serial/install.log --install-scripts $base/lib/keyboard_serial --single-version-externally-managed install_data
