[2.413s] Invoking command in '/home/autodrive/laser_ws/build/keyboard_serial': PYTHONPATH=/home/autodrive/laser_ws/build/keyboard_serial/prefix_override:/usr/lib/python3/dist-packages/colcon_core/task/python/colcon_distutils_commands:/home/autodrive/laser_ws/install/keyboard_serial/lib/python3.8/site-packages:${PYTHONPATH} /usr/bin/python3 -W ignore:setup.py install is deprecated -W ignore:easy_install command is deprecated setup.py develop --uninstall --editable --build-directory /home/autodrive/laser_ws/build/keyboard_serial/build
[2.965s] running develop
[3.379s] Removing /home/autodrive/laser_ws/install/keyboard_serial/lib/python3.8/site-packages/keyboard-serial.egg-link (link to .)
[3.465s] Invoked command in '/home/autodrive/laser_ws/build/keyboard_serial' returned '0': PYTHONPATH=/home/autodrive/laser_ws/build/keyboard_serial/prefix_override:/usr/lib/python3/dist-packages/colcon_core/task/python/colcon_distutils_commands:/home/autodrive/laser_ws/install/keyboard_serial/lib/python3.8/site-packages:${PYTHONPATH} /usr/bin/python3 -W ignore:setup.py install is deprecated -W ignore:easy_install command is deprecated setup.py develop --uninstall --editable --build-directory /home/autodrive/laser_ws/build/keyboard_serial/build
[3.471s] Invoking command in '/home/autodrive/laser_ws/src/keyboard_serial': PYTHONPATH=/home/autodrive/laser_ws/build/keyboard_serial/prefix_override:/usr/lib/python3/dist-packages/colcon_core/task/python/colcon_distutils_commands:/home/autodrive/laser_ws/install/keyboard_serial/lib/python3.8/site-packages:${PYTHONPATH} /usr/bin/python3 -W ignore:setup.py install is deprecated -W ignore:easy_install command is deprecated setup.py egg_info --egg-base ../../build/keyboard_serial build --build-base /home/autodrive/laser_ws/build/keyboard_serial/build install --record /home/autodrive/laser_ws/build/keyboard_serial/install.log --install-scripts $base/lib/keyboard_serial --single-version-externally-managed install_data --force
[3.996s] running egg_info
[3.998s] writing ../../build/keyboard_serial/keyboard_serial.egg-info/PKG-INFO
[3.998s] writing dependency_links to ../../build/keyboard_serial/keyboard_serial.egg-info/dependency_links.txt
[3.998s] writing entry points to ../../build/keyboard_serial/keyboard_serial.egg-info/entry_points.txt
[3.999s] writing requirements to ../../build/keyboard_serial/keyboard_serial.egg-info/requires.txt
[3.999s] writing top-level names to ../../build/keyboard_serial/keyboard_serial.egg-info/top_level.txt
[4.065s] reading manifest file '../../build/keyboard_serial/keyboard_serial.egg-info/SOURCES.txt'
[4.067s] writing manifest file '../../build/keyboard_serial/keyboard_serial.egg-info/SOURCES.txt'
[4.067s] running build
[4.068s] running build_py
[4.068s] running install
[4.070s] running install_lib
[4.072s] creating /home/autodrive/laser_ws/install/keyboard_serial/lib/python3.8/site-packages/keyboard_serial
[4.072s] copying /home/autodrive/laser_ws/build/keyboard_serial/build/lib/keyboard_serial/keyboard_serial_node.py -> /home/autodrive/laser_ws/install/keyboard_serial/lib/python3.8/site-packages/keyboard_serial
[4.073s] copying /home/autodrive/laser_ws/build/keyboard_serial/build/lib/keyboard_serial/__init__.py -> /home/autodrive/laser_ws/install/keyboard_serial/lib/python3.8/site-packages/keyboard_serial
[4.074s] byte-compiling /home/autodrive/laser_ws/install/keyboard_serial/lib/python3.8/site-packages/keyboard_serial/keyboard_serial_node.py to keyboard_serial_node.cpython-38.pyc
[4.077s] byte-compiling /home/autodrive/laser_ws/install/keyboard_serial/lib/python3.8/site-packages/keyboard_serial/__init__.py to __init__.cpython-38.pyc
[4.078s] running install_data
[4.079s] copying resource/keyboard_serial -> /home/autodrive/laser_ws/install/keyboard_serial/share/ament_index/resource_index/packages
[4.079s] copying package.xml -> /home/autodrive/laser_ws/install/keyboard_serial/share/keyboard_serial
[4.080s] running install_egg_info
[4.083s] Copying ../../build/keyboard_serial/keyboard_serial.egg-info to /home/autodrive/laser_ws/install/keyboard_serial/lib/python3.8/site-packages/keyboard_serial-0.0.0-py3.8.egg-info
[4.085s] running install_scripts
[4.120s] Installing keyboard_serial_node script to /home/autodrive/laser_ws/install/keyboard_serial/lib/keyboard_serial
[4.121s] writing list of installed files to '/home/autodrive/laser_ws/build/keyboard_serial/install.log'
[4.194s] Invoked command in '/home/autodrive/laser_ws/src/keyboard_serial' returned '0': PYTHONPATH=/home/autodrive/laser_ws/build/keyboard_serial/prefix_override:/usr/lib/python3/dist-packages/colcon_core/task/python/colcon_distutils_commands:/home/autodrive/laser_ws/install/keyboard_serial/lib/python3.8/site-packages:${PYTHONPATH} /usr/bin/python3 -W ignore:setup.py install is deprecated -W ignore:easy_install command is deprecated setup.py egg_info --egg-base ../../build/keyboard_serial build --build-base /home/autodrive/laser_ws/build/keyboard_serial/build install --record /home/autodrive/laser_ws/build/keyboard_serial/install.log --install-scripts $base/lib/keyboard_serial --single-version-externally-managed install_data --force
