[0.504s] Invoking command in '/home/autodrive/laser_ws/build/urg_node': CMAKE_PREFIX_PATH=/opt/ros/foxy /usr/bin/cmake --build /home/autodrive/laser_ws/build/urg_node -- -j6 -l6
[0.623s] [ 22%] Built target urg_node_driver
[0.625s] [ 55%] Built target urg_node
[0.649s] [35m[1mScanning dependencies of target pointcloud_2d_to_3d[0m
[0.686s] [ 77%] Built target getID
[0.703s] [ 88%] [32mBuilding CXX object CMakeFiles/pointcloud_2d_to_3d.dir/src/pointcloud_2d_to_3d.cpp.o[0m
[12.341s] [100%] [32m[1mLinking CXX executable pointcloud_2d_to_3d[0m
[12.926s] [100%] Built target pointcloud_2d_to_3d
[12.951s] Invoked command in '/home/autodrive/laser_ws/build/urg_node' returned '0': CMAKE_PREFIX_PATH=/opt/ros/foxy /usr/bin/cmake --build /home/autodrive/laser_ws/build/urg_node -- -j6 -l6
[12.959s] Invoking command in '/home/autodrive/laser_ws/build/urg_node': CMAKE_PREFIX_PATH=/opt/ros/foxy /usr/bin/cmake --install /home/autodrive/laser_ws/build/urg_node
[12.977s] -- Install configuration: ""
[12.978s] -- Execute custom install script
[12.978s] -- Up-to-date symlink: /home/autodrive/laser_ws/install/urg_node/lib/urg_node/urg_node_driver
[12.979s] -- Up-to-date symlink: /home/autodrive/laser_ws/install/urg_node/lib/urg_node/pointcloud_2d_to_3d
[12.980s] -- Up-to-date symlink: /home/autodrive/laser_ws/install/urg_node/lib/liburg_node.so
[12.980s] -- Up-to-date symlink: /home/autodrive/laser_ws/install/urg_node/lib/urg_node/getID
[12.981s] -- Up-to-date symlink: /home/autodrive/laser_ws/install/urg_node/include/urg_node/urg_c_wrapper.hpp
[12.982s] -- Up-to-date symlink: /home/autodrive/laser_ws/install/urg_node/include/urg_node/urg_node.hpp
[12.982s] -- Up-to-date symlink: /home/autodrive/laser_ws/install/urg_node/lib/urg_node/set_urg_ip.py
[12.983s] -- Up-to-date symlink: /home/autodrive/laser_ws/install/urg_node/share/urg_node/launch/hokuyo_laser.urdf
[12.983s] -- Up-to-date symlink: /home/autodrive/laser_ws/install/urg_node/share/urg_node/launch/urg_lidar.launch
[12.984s] -- Up-to-date symlink: /home/autodrive/laser_ws/install/urg_node/share/urg_node/launch/urg_node_ethernet.yaml
[12.984s] -- Up-to-date symlink: /home/autodrive/laser_ws/install/urg_node/share/urg_node/launch/urg_node_launch.py
[12.984s] -- Up-to-date symlink: /home/autodrive/laser_ws/install/urg_node/share/urg_node/launch/urg_node_serial.yaml
[12.985s] -- Up-to-date symlink: /home/autodrive/laser_ws/install/urg_node/share/urg_node/meshes/hokuyo_ust10.stl
[12.985s] -- Up-to-date symlink: /home/autodrive/laser_ws/install/urg_node/share/urg_node/urdf/hokuyo_ust10.urdf.xacro
[12.986s] -- Up-to-date symlink: /home/autodrive/laser_ws/install/urg_node/share/urg_node/environment/library_path.sh
[12.986s] -- Up-to-date symlink: /home/autodrive/laser_ws/install/urg_node/share/urg_node/environment/library_path.dsv
[12.987s] -- Up-to-date symlink: /home/autodrive/laser_ws/install/urg_node/share/ament_index/resource_index/package_run_dependencies/urg_node
[12.987s] -- Up-to-date symlink: /home/autodrive/laser_ws/install/urg_node/share/ament_index/resource_index/parent_prefix_path/urg_node
[12.988s] -- Up-to-date symlink: /home/autodrive/laser_ws/install/urg_node/share/urg_node/environment/ament_prefix_path.sh
[12.988s] -- Up-to-date symlink: /home/autodrive/laser_ws/install/urg_node/share/urg_node/environment/ament_prefix_path.dsv
[12.989s] -- Up-to-date symlink: /home/autodrive/laser_ws/install/urg_node/share/urg_node/environment/path.sh
[12.989s] -- Up-to-date symlink: /home/autodrive/laser_ws/install/urg_node/share/urg_node/environment/path.dsv
[12.990s] -- Up-to-date symlink: /home/autodrive/laser_ws/install/urg_node/share/urg_node/local_setup.bash
[12.990s] -- Up-to-date symlink: /home/autodrive/laser_ws/install/urg_node/share/urg_node/local_setup.sh
[12.991s] -- Up-to-date symlink: /home/autodrive/laser_ws/install/urg_node/share/urg_node/local_setup.zsh
[12.991s] -- Up-to-date symlink: /home/autodrive/laser_ws/install/urg_node/share/urg_node/local_setup.dsv
[12.991s] -- Symlinking: /home/autodrive/laser_ws/install/urg_node/share/urg_node/package.dsv
[13.009s] -- Up-to-date symlink: /home/autodrive/laser_ws/install/urg_node/share/ament_index/resource_index/packages/urg_node
[13.009s] -- Up-to-date symlink: /home/autodrive/laser_ws/install/urg_node/share/ament_index/resource_index/rclcpp_components/urg_node
[13.010s] -- Up-to-date symlink: /home/autodrive/laser_ws/install/urg_node/share/urg_node/cmake/ament_cmake_export_dependencies-extras.cmake
[13.010s] -- Up-to-date symlink: /home/autodrive/laser_ws/install/urg_node/share/urg_node/cmake/ament_cmake_export_include_directories-extras.cmake
[13.011s] -- Up-to-date symlink: /home/autodrive/laser_ws/install/urg_node/share/urg_node/cmake/ament_cmake_export_libraries-extras.cmake
[13.011s] -- Up-to-date symlink: /home/autodrive/laser_ws/install/urg_node/share/urg_node/cmake/urg_nodeConfig.cmake
[13.012s] -- Up-to-date symlink: /home/autodrive/laser_ws/install/urg_node/share/urg_node/cmake/urg_nodeConfig-version.cmake
[13.012s] -- Up-to-date symlink: /home/autodrive/laser_ws/install/urg_node/share/urg_node/package.xml
[13.019s] Invoked command in '/home/autodrive/laser_ws/build/urg_node' returned '0': CMAKE_PREFIX_PATH=/opt/ros/foxy /usr/bin/cmake --install /home/autodrive/laser_ws/build/urg_node
