[01m[K/home/autodrive/laser_ws/src/urg_node-ros2-devel/src/pointcloud_2d_to_3d.cpp:[m[K In member function ‘[01m[Kvoid PointCloudNode::laserScanToPointCloud2(const LaserScan&, sensor_msgs::msg::PointCloud2&)[m[K’:
[01m[K/home/autodrive/laser_ws/src/urg_node-ros2-devel/src/pointcloud_2d_to_3d.cpp:159:31:[m[K [01;31m[Kerror: [m[Kbase operand of ‘[01m[K->[m[K’ has non-pointer type ‘[01m[Kconst LaserScan[m[K’ {aka ‘[01m[Kconst sensor_msgs::msg::LaserScan_<std::allocator<void> >[m[K’}
  159 |         float angle = scan_msg[01;31m[K->[m[Kangle_min;
      |                               [01;31m[K^~[m[K
[01m[K/home/autodrive/laser_ws/src/urg_node-ros2-devel/src/pointcloud_2d_to_3d.cpp:160:40:[m[K [01;31m[Kerror: [m[Kbase operand of ‘[01m[K->[m[K’ has non-pointer type ‘[01m[Kconst LaserScan[m[K’ {aka ‘[01m[Kconst sensor_msgs::msg::LaserScan_<std::allocator<void> >[m[K’}
  160 |         for (size_t i = 0; i < scan_msg[01;31m[K->[m[Kranges.size(); ++i)
      |                                        [01;31m[K^~[m[K
[01m[K/home/autodrive/laser_ws/src/urg_node-ros2-devel/src/pointcloud_2d_to_3d.cpp:162:25:[m[K [01;31m[Kerror: [m[Kbase operand of ‘[01m[K->[m[K’ has non-pointer type ‘[01m[Kconst LaserScan[m[K’ {aka ‘[01m[Kconst sensor_msgs::msg::LaserScan_<std::allocator<void> >[m[K’}
  162 |             if (scan_msg[01;31m[K->[m[Kranges[i] < scan_msg->range_min || scan_msg->ranges[i] > scan_msg->range_max)
      |                         [01;31m[K^~[m[K
[01m[K/home/autodrive/laser_ws/src/urg_node-ros2-devel/src/pointcloud_2d_to_3d.cpp:162:47:[m[K [01;31m[Kerror: [m[Kbase operand of ‘[01m[K->[m[K’ has non-pointer type ‘[01m[Kconst LaserScan[m[K’ {aka ‘[01m[Kconst sensor_msgs::msg::LaserScan_<std::allocator<void> >[m[K’}
  162 |             if (scan_msg->ranges[i] < scan_msg[01;31m[K->[m[Krange_min || scan_msg->ranges[i] > scan_msg->range_max)
      |                                               [01;31m[K^~[m[K
[01m[K/home/autodrive/laser_ws/src/urg_node-ros2-devel/src/pointcloud_2d_to_3d.cpp:162:70:[m[K [01;31m[Kerror: [m[Kbase operand of ‘[01m[K->[m[K’ has non-pointer type ‘[01m[Kconst LaserScan[m[K’ {aka ‘[01m[Kconst sensor_msgs::msg::LaserScan_<std::allocator<void> >[m[K’}
  162 |             if (scan_msg->ranges[i] < scan_msg->range_min || scan_msg[01;31m[K->[m[Kranges[i] > scan_msg->range_max)
      |                                                                      [01;31m[K^~[m[K
[01m[K/home/autodrive/laser_ws/src/urg_node-ros2-devel/src/pointcloud_2d_to_3d.cpp:162:92:[m[K [01;31m[Kerror: [m[Kbase operand of ‘[01m[K->[m[K’ has non-pointer type ‘[01m[Kconst LaserScan[m[K’ {aka ‘[01m[Kconst sensor_msgs::msg::LaserScan_<std::allocator<void> >[m[K’}
  162 |             if (scan_msg->ranges[i] < scan_msg->range_min || scan_msg->ranges[i] > scan_msg[01;31m[K->[m[Krange_max)
      |                                                                                            [01;31m[K^~[m[K
[01m[K/home/autodrive/laser_ws/src/urg_node-ros2-devel/src/pointcloud_2d_to_3d.cpp:168:31:[m[K [01;31m[Kerror: [m[Kbase operand of ‘[01m[K->[m[K’ has non-pointer type ‘[01m[Kconst LaserScan[m[K’ {aka ‘[01m[Kconst sensor_msgs::msg::LaserScan_<std::allocator<void> >[m[K’}
  168 |             float r = scan_msg[01;31m[K->[m[Kranges[i];
      |                               [01;31m[K^~[m[K
[01m[K/home/autodrive/laser_ws/src/urg_node-ros2-devel/src/pointcloud_2d_to_3d.cpp:186:30:[m[K [01;31m[Kerror: [m[Kbase operand of ‘[01m[K->[m[K’ has non-pointer type ‘[01m[Kconst LaserScan[m[K’ {aka ‘[01m[Kconst sensor_msgs::msg::LaserScan_<std::allocator<void> >[m[K’}
  186 |             angle += scan_msg[01;31m[K->[m[Kangle_increment;
      |                              [01;31m[K^~[m[K
make[2]: *** [CMakeFiles/pointcloud_2d_to_3d.dir/build.make:63: CMakeFiles/pointcloud_2d_to_3d.dir/src/pointcloud_2d_to_3d.cpp.o] Error 1
make[1]: *** [CMakeFiles/Makefile2:84: CMakeFiles/pointcloud_2d_to_3d.dir/all] Error 2
make: *** [Makefile:141: all] Error 2
