[0.034s] Invoking command in '/home/autodrive/laser_ws/build/gnss_imu_sim': /usr/bin/cmake /home/autodrive/laser_ws/src/imu -DCMAKE_INSTALL_PREFIX=/home/autodrive/laser_ws/install/gnss_imu_sim
[0.218s] -- The C compiler identification is GNU 9.4.0
[0.367s] -- The CXX compiler identification is GNU 9.4.0
[0.380s] -- Check for working C compiler: /usr/bin/cc
[0.516s] -- Check for working C compiler: /usr/bin/cc -- works
[0.518s] -- Detecting C compiler ABI info
[0.645s] -- Detecting C compiler ABI info - done
[0.664s] -- Detecting C compile features
[0.664s] -- Detecting C compile features - done
[0.670s] -- Check for working CXX compiler: /usr/bin/c++
[0.814s] -- Check for working CXX compiler: /usr/bin/c++ -- works
[0.818s] -- Detecting CXX compiler ABI info
[0.971s] -- Detecting CXX compiler ABI info - done
[1.005s] -- Detecting CXX compile features
[1.006s] -- Detecting CXX compile features - done
[1.012s] -- Found ament_cmake: 0.9.12 (/opt/ros/foxy/share/ament_cmake/cmake)
[1.066s] -- Found PythonInterp: /usr/bin/python3 (found suitable version "3.8.10", minimum required is "3") 
[1.066s] -- Using PYTHON_EXECUTABLE: /usr/bin/python3
[1.515s] -- Found rclcpp: 2.4.3 (/opt/ros/foxy/share/rclcpp/cmake)
[1.602s] -- Using all available rosidl_typesupport_c: rosidl_typesupport_fastrtps_c;rosidl_typesupport_introspection_c
[1.615s] -- Found rosidl_adapter: 1.3.1 (/opt/ros/foxy/share/rosidl_adapter/cmake)
[1.784s] -- Found OpenSSL: /usr/lib/aarch64-linux-gnu/libcrypto.so (found version "1.1.1f")  
[1.839s] -- Found FastRTPS: /opt/ros/foxy/include  
[1.991s] -- Using all available rosidl_typesupport_cpp: rosidl_typesupport_fastrtps_cpp;rosidl_typesupport_introspection_cpp
[2.103s] -- Found rmw_implementation_cmake: 1.0.4 (/opt/ros/foxy/share/rmw_implementation_cmake/cmake)
[2.106s] -- Using RMW implementation 'rmw_fastrtps_cpp' as default
[2.109s] -- Looking for pthread.h
[2.245s] -- Looking for pthread.h - found
[2.245s] -- Performing Test CMAKE_HAVE_LIBC_PTHREAD
[2.384s] -- Performing Test CMAKE_HAVE_LIBC_PTHREAD - Failed
[2.385s] -- Looking for pthread_create in pthreads
[2.502s] -- Looking for pthread_create in pthreads - not found
[2.502s] -- Looking for pthread_create in pthread
[2.635s] -- Looking for pthread_create in pthread - found
[2.637s] -- Found Threads: TRUE  
[2.934s] -- Found tf2: 0.13.14 (/opt/ros/foxy/share/tf2/cmake)
[3.030s] -- Found sensor_msgs: 2.0.5 (/opt/ros/foxy/share/sensor_msgs/cmake)
[3.168s] -- Found ament_lint_auto: 0.9.8 (/opt/ros/foxy/share/ament_lint_auto/cmake)
[3.170s] CMake Error: File /home/autodrive/laser_ws/src/imu/package.xml does not exist.
[3.170s] CMake Error at /opt/ros/foxy/share/ament_cmake_core/cmake/core/stamp.cmake:24 (configure_file):
[3.170s]   configure_file Problem configuring file
[3.171s] Call Stack (most recent call first):
[3.171s]   /opt/ros/foxy/share/ament_cmake_core/cmake/core/ament_package_xml.cmake:73 (stamp)
[3.171s]   /opt/ros/foxy/share/ament_cmake_core/cmake/core/ament_package_xml.cmake:49 (_ament_package_xml)
[3.171s]   /opt/ros/foxy/share/ament_lint_auto/cmake/ament_lint_auto_find_test_dependencies.cmake:31 (ament_package_xml)
[3.172s]   CMakeLists.txt:40 (ament_lint_auto_find_test_dependencies)
[3.172s] 
[3.172s] 
[3.172s] CMake Error: File /home/autodrive/laser_ws/src/imu/package.xml does not exist.
[3.173s] CMake Error at /opt/ros/foxy/share/ament_cmake_core/cmake/core/stamp.cmake:24 (configure_file):
[3.173s]   configure_file Problem configuring file
[3.173s] Call Stack (most recent call first):
[3.173s]   /opt/ros/foxy/share/ament_cmake_core/cmake/core/ament_package_xml.cmake:73 (stamp)
[3.174s]   /opt/ros/foxy/share/ament_cmake_core/cmake/core/ament_package_xml.cmake:49 (_ament_package_xml)
[3.174s]   /opt/ros/foxy/share/ament_cmake_core/cmake/core/ament_package.cmake:63 (ament_package_xml)
[3.174s]   CMakeLists.txt:43 (ament_package)
[3.174s] 
[3.175s] 
[3.182s] -- Configuring incomplete, errors occurred!
[3.183s] See also "/home/autodrive/laser_ws/build/gnss_imu_sim/CMakeFiles/CMakeOutput.log".
[3.183s] See also "/home/autodrive/laser_ws/build/gnss_imu_sim/CMakeFiles/CMakeError.log".
[3.204s] Invoked command in '/home/autodrive/laser_ws/build/gnss_imu_sim' returned '1': /usr/bin/cmake /home/autodrive/laser_ws/src/imu -DCMAKE_INSTALL_PREFIX=/home/autodrive/laser_ws/install/gnss_imu_sim
