[0.459s] DEBUG:colcon:Command line arguments: ['/usr/bin/colcon', 'build']
[0.460s] DEBUG:colcon:Parsed command line arguments: Namespace(allow_overriding=[], ament_cmake_args=None, base_paths=['.'], build_base='build', catkin_cmake_args=None, catkin_skip_building_tests=False, cmake_args=None, cmake_clean_cache=False, cmake_clean_first=False, cmake_force_configure=False, cmake_target=None, cmake_target_skip_unavailable=False, continue_on_error=False, event_handlers=None, executor='parallel', ignore_user_meta=False, install_base='install', log_base=None, log_level=None, main=<bound method BuildVerb.main of <colcon_core.verb.build.BuildVerb object at 0xffff823740a0>>, merge_install=False, metas=['./colcon.meta'], packages_above=None, packages_above_and_dependencies=None, packages_above_depth=None, packages_end=None, packages_ignore=None, packages_ignore_regex=None, packages_select=None, packages_select_build_failed=False, packages_select_by_dep=None, packages_select_regex=None, packages_select_test_failures=False, packages_skip=None, packages_skip_build_finished=False, packages_skip_by_dep=None, packages_skip_regex=None, packages_skip_test_passed=False, packages_skip_up_to=None, packages_start=None, packages_up_to=None, packages_up_to_regex=None, parallel_workers=6, paths=None, symlink_install=False, test_result_base=None, verb_extension=<colcon_core.verb.build.BuildVerb object at 0xffff823740a0>, verb_name='build', verb_parser=<colcon_defaults.argument_parser.defaults.DefaultArgumentsDecorator object at 0xffff823823d0>)
[0.823s] Level 1:colcon.colcon_core.package_discovery:discover_packages(colcon_meta) check parameters
[0.823s] Level 1:colcon.colcon_core.package_discovery:discover_packages(recursive) check parameters
[0.823s] Level 1:colcon.colcon_core.package_discovery:discover_packages(ignore) check parameters
[0.824s] Level 1:colcon.colcon_core.package_discovery:discover_packages(path) check parameters
[0.824s] Level 1:colcon.colcon_core.package_discovery:discover_packages(colcon_meta) discover
[0.824s] Level 1:colcon.colcon_core.package_discovery:discover_packages(recursive) discover
[0.824s] INFO:colcon.colcon_core.package_discovery:Crawling recursively for packages in '/home/autodrive/laser_ws'
[0.824s] Level 1:colcon.colcon_core.package_identification:_identify(.) by extensions ['ignore', 'ignore_ament_install']
[0.824s] Level 1:colcon.colcon_core.package_identification:_identify(.) by extension 'ignore'
[0.825s] Level 1:colcon.colcon_core.package_identification:_identify(.) by extension 'ignore_ament_install'
[0.825s] Level 1:colcon.colcon_core.package_identification:_identify(.) by extensions ['colcon_pkg']
[0.825s] Level 1:colcon.colcon_core.package_identification:_identify(.) by extension 'colcon_pkg'
[0.825s] Level 1:colcon.colcon_core.package_identification:_identify(.) by extensions ['colcon_meta']
[0.825s] Level 1:colcon.colcon_core.package_identification:_identify(.) by extension 'colcon_meta'
[0.825s] Level 1:colcon.colcon_core.package_identification:_identify(.) by extensions ['ros']
[0.825s] Level 1:colcon.colcon_core.package_identification:_identify(.) by extension 'ros'
[0.848s] Level 1:colcon.colcon_core.package_identification:_identify(.) by extensions ['cmake', 'python']
[0.848s] Level 1:colcon.colcon_core.package_identification:_identify(.) by extension 'cmake'
[0.849s] Level 1:colcon.colcon_core.package_identification:_identify(.) by extension 'python'
[0.849s] Level 1:colcon.colcon_core.package_identification:_identify(.) by extensions ['python_setup_py']
[0.849s] Level 1:colcon.colcon_core.package_identification:_identify(.) by extension 'python_setup_py'
[0.849s] Level 1:colcon.colcon_core.package_identification:_identify(build) by extensions ['ignore', 'ignore_ament_install']
[0.849s] Level 1:colcon.colcon_core.package_identification:_identify(build) by extension 'ignore'
[0.850s] Level 1:colcon.colcon_core.package_identification:_identify(build) ignored
[0.850s] Level 1:colcon.colcon_core.package_identification:_identify(install) by extensions ['ignore', 'ignore_ament_install']
[0.850s] Level 1:colcon.colcon_core.package_identification:_identify(install) by extension 'ignore'
[0.850s] Level 1:colcon.colcon_core.package_identification:_identify(install) ignored
[0.851s] Level 1:colcon.colcon_core.package_identification:_identify(log) by extensions ['ignore', 'ignore_ament_install']
[0.851s] Level 1:colcon.colcon_core.package_identification:_identify(log) by extension 'ignore'
[0.851s] Level 1:colcon.colcon_core.package_identification:_identify(log) ignored
[0.851s] Level 1:colcon.colcon_core.package_identification:_identify(src) by extensions ['ignore', 'ignore_ament_install']
[0.851s] Level 1:colcon.colcon_core.package_identification:_identify(src) by extension 'ignore'
[0.852s] Level 1:colcon.colcon_core.package_identification:_identify(src) by extension 'ignore_ament_install'
[0.852s] Level 1:colcon.colcon_core.package_identification:_identify(src) by extensions ['colcon_pkg']
[0.852s] Level 1:colcon.colcon_core.package_identification:_identify(src) by extension 'colcon_pkg'
[0.852s] Level 1:colcon.colcon_core.package_identification:_identify(src) by extensions ['colcon_meta']
[0.852s] Level 1:colcon.colcon_core.package_identification:_identify(src) by extension 'colcon_meta'
[0.852s] Level 1:colcon.colcon_core.package_identification:_identify(src) by extensions ['ros']
[0.852s] Level 1:colcon.colcon_core.package_identification:_identify(src) by extension 'ros'
[0.852s] Level 1:colcon.colcon_core.package_identification:_identify(src) by extensions ['cmake', 'python']
[0.852s] Level 1:colcon.colcon_core.package_identification:_identify(src) by extension 'cmake'
[0.853s] Level 1:colcon.colcon_core.package_identification:_identify(src) by extension 'python'
[0.853s] Level 1:colcon.colcon_core.package_identification:_identify(src) by extensions ['python_setup_py']
[0.853s] Level 1:colcon.colcon_core.package_identification:_identify(src) by extension 'python_setup_py'
[0.853s] Level 1:colcon.colcon_core.package_identification:_identify(src/imu) by extensions ['ignore', 'ignore_ament_install']
[0.853s] Level 1:colcon.colcon_core.package_identification:_identify(src/imu) by extension 'ignore'
[0.853s] Level 1:colcon.colcon_core.package_identification:_identify(src/imu) by extension 'ignore_ament_install'
[0.853s] Level 1:colcon.colcon_core.package_identification:_identify(src/imu) by extensions ['colcon_pkg']
[0.853s] Level 1:colcon.colcon_core.package_identification:_identify(src/imu) by extension 'colcon_pkg'
[0.854s] Level 1:colcon.colcon_core.package_identification:_identify(src/imu) by extensions ['colcon_meta']
[0.854s] Level 1:colcon.colcon_core.package_identification:_identify(src/imu) by extension 'colcon_meta'
[0.854s] Level 1:colcon.colcon_core.package_identification:_identify(src/imu) by extensions ['ros']
[0.854s] Level 1:colcon.colcon_core.package_identification:_identify(src/imu) by extension 'ros'
[0.859s] DEBUG:colcon.colcon_core.package_identification:Package 'src/imu' with type 'ros.ament_cmake' and name 'gnss_imu_sim'
[0.860s] Level 1:colcon.colcon_core.package_identification:_identify(src/keyboard_serial) by extensions ['ignore', 'ignore_ament_install']
[0.860s] Level 1:colcon.colcon_core.package_identification:_identify(src/keyboard_serial) by extension 'ignore'
[0.860s] Level 1:colcon.colcon_core.package_identification:_identify(src/keyboard_serial) by extension 'ignore_ament_install'
[0.860s] Level 1:colcon.colcon_core.package_identification:_identify(src/keyboard_serial) by extensions ['colcon_pkg']
[0.860s] Level 1:colcon.colcon_core.package_identification:_identify(src/keyboard_serial) by extension 'colcon_pkg'
[0.860s] Level 1:colcon.colcon_core.package_identification:_identify(src/keyboard_serial) by extensions ['colcon_meta']
[0.861s] Level 1:colcon.colcon_core.package_identification:_identify(src/keyboard_serial) by extension 'colcon_meta'
[0.861s] Level 1:colcon.colcon_core.package_identification:_identify(src/keyboard_serial) by extensions ['ros']
[0.861s] Level 1:colcon.colcon_core.package_identification:_identify(src/keyboard_serial) by extension 'ros'
[0.862s] DEBUG:colcon.colcon_core.package_identification:Package 'src/keyboard_serial' with type 'ros.ament_python' and name 'keyboard_serial'
[0.862s] Level 1:colcon.colcon_core.package_identification:_identify(src/point_cloud_subscriber) by extensions ['ignore', 'ignore_ament_install']
[0.863s] Level 1:colcon.colcon_core.package_identification:_identify(src/point_cloud_subscriber) by extension 'ignore'
[0.863s] Level 1:colcon.colcon_core.package_identification:_identify(src/point_cloud_subscriber) by extension 'ignore_ament_install'
[0.863s] Level 1:colcon.colcon_core.package_identification:_identify(src/point_cloud_subscriber) by extensions ['colcon_pkg']
[0.863s] Level 1:colcon.colcon_core.package_identification:_identify(src/point_cloud_subscriber) by extension 'colcon_pkg'
[0.863s] Level 1:colcon.colcon_core.package_identification:_identify(src/point_cloud_subscriber) by extensions ['colcon_meta']
[0.863s] Level 1:colcon.colcon_core.package_identification:_identify(src/point_cloud_subscriber) by extension 'colcon_meta'
[0.863s] Level 1:colcon.colcon_core.package_identification:_identify(src/point_cloud_subscriber) by extensions ['ros']
[0.863s] Level 1:colcon.colcon_core.package_identification:_identify(src/point_cloud_subscriber) by extension 'ros'
[0.864s] DEBUG:colcon.colcon_core.package_identification:Package 'src/point_cloud_subscriber' with type 'ros.ament_python' and name 'point_cloud_subscriber'
[0.865s] Level 1:colcon.colcon_core.package_identification:_identify(src/urg_node-ros2-devel) by extensions ['ignore', 'ignore_ament_install']
[0.865s] Level 1:colcon.colcon_core.package_identification:_identify(src/urg_node-ros2-devel) by extension 'ignore'
[0.865s] Level 1:colcon.colcon_core.package_identification:_identify(src/urg_node-ros2-devel) by extension 'ignore_ament_install'
[0.865s] Level 1:colcon.colcon_core.package_identification:_identify(src/urg_node-ros2-devel) by extensions ['colcon_pkg']
[0.865s] Level 1:colcon.colcon_core.package_identification:_identify(src/urg_node-ros2-devel) by extension 'colcon_pkg'
[0.865s] Level 1:colcon.colcon_core.package_identification:_identify(src/urg_node-ros2-devel) by extensions ['colcon_meta']
[0.865s] Level 1:colcon.colcon_core.package_identification:_identify(src/urg_node-ros2-devel) by extension 'colcon_meta'
[0.865s] Level 1:colcon.colcon_core.package_identification:_identify(src/urg_node-ros2-devel) by extensions ['ros']
[0.866s] Level 1:colcon.colcon_core.package_identification:_identify(src/urg_node-ros2-devel) by extension 'ros'
[0.868s] DEBUG:colcon.colcon_core.package_identification:Package 'src/urg_node-ros2-devel' with type 'ros.ament_cmake' and name 'urg_node'
[0.868s] Level 1:colcon.colcon_core.package_discovery:discover_packages(recursive) using defaults
[0.869s] Level 1:colcon.colcon_core.package_discovery:discover_packages(ignore) discover
[0.869s] Level 1:colcon.colcon_core.package_discovery:discover_packages(ignore) using defaults
[0.869s] Level 1:colcon.colcon_core.package_discovery:discover_packages(path) discover
[0.869s] Level 1:colcon.colcon_core.package_discovery:discover_packages(path) using defaults
[0.910s] Level 1:colcon.colcon_core.package_discovery:discover_packages(prefix_path) check parameters
[0.911s] Level 1:colcon.colcon_core.package_discovery:discover_packages(prefix_path) discover
[0.919s] DEBUG:colcon.colcon_installed_package_information.package_discovery:Found 270 installed packages in /opt/ros/foxy
[0.952s] Level 1:colcon.colcon_core.package_discovery:discover_packages(prefix_path) using defaults
[1.095s] Level 5:colcon.colcon_core.verb:set package 'gnss_imu_sim' build argument 'cmake_args' from command line to 'None'
[1.096s] Level 5:colcon.colcon_core.verb:set package 'gnss_imu_sim' build argument 'cmake_target' from command line to 'None'
[1.096s] Level 5:colcon.colcon_core.verb:set package 'gnss_imu_sim' build argument 'cmake_target_skip_unavailable' from command line to 'False'
[1.097s] Level 5:colcon.colcon_core.verb:set package 'gnss_imu_sim' build argument 'cmake_clean_cache' from command line to 'False'
[1.097s] Level 5:colcon.colcon_core.verb:set package 'gnss_imu_sim' build argument 'cmake_clean_first' from command line to 'False'
[1.097s] Level 5:colcon.colcon_core.verb:set package 'gnss_imu_sim' build argument 'cmake_force_configure' from command line to 'False'
[1.097s] Level 5:colcon.colcon_core.verb:set package 'gnss_imu_sim' build argument 'ament_cmake_args' from command line to 'None'
[1.097s] Level 5:colcon.colcon_core.verb:set package 'gnss_imu_sim' build argument 'catkin_cmake_args' from command line to 'None'
[1.098s] Level 5:colcon.colcon_core.verb:set package 'gnss_imu_sim' build argument 'catkin_skip_building_tests' from command line to 'False'
[1.098s] DEBUG:colcon.colcon_core.verb:Building package 'gnss_imu_sim' with the following arguments: {'ament_cmake_args': None, 'build_base': '/home/autodrive/laser_ws/build/gnss_imu_sim', 'catkin_cmake_args': None, 'catkin_skip_building_tests': False, 'cmake_args': None, 'cmake_clean_cache': False, 'cmake_clean_first': False, 'cmake_force_configure': False, 'cmake_target': None, 'cmake_target_skip_unavailable': False, 'install_base': '/home/autodrive/laser_ws/install/gnss_imu_sim', 'merge_install': False, 'path': '/home/autodrive/laser_ws/src/imu', 'symlink_install': False, 'test_result_base': None}
[1.100s] Level 5:colcon.colcon_core.verb:set package 'keyboard_serial' build argument 'cmake_args' from command line to 'None'
[1.100s] Level 5:colcon.colcon_core.verb:set package 'keyboard_serial' build argument 'cmake_target' from command line to 'None'
[1.100s] Level 5:colcon.colcon_core.verb:set package 'keyboard_serial' build argument 'cmake_target_skip_unavailable' from command line to 'False'
[1.100s] Level 5:colcon.colcon_core.verb:set package 'keyboard_serial' build argument 'cmake_clean_cache' from command line to 'False'
[1.100s] Level 5:colcon.colcon_core.verb:set package 'keyboard_serial' build argument 'cmake_clean_first' from command line to 'False'
[1.100s] Level 5:colcon.colcon_core.verb:set package 'keyboard_serial' build argument 'cmake_force_configure' from command line to 'False'
[1.100s] Level 5:colcon.colcon_core.verb:set package 'keyboard_serial' build argument 'ament_cmake_args' from command line to 'None'
[1.100s] Level 5:colcon.colcon_core.verb:set package 'keyboard_serial' build argument 'catkin_cmake_args' from command line to 'None'
[1.100s] Level 5:colcon.colcon_core.verb:set package 'keyboard_serial' build argument 'catkin_skip_building_tests' from command line to 'False'
[1.100s] DEBUG:colcon.colcon_core.verb:Building package 'keyboard_serial' with the following arguments: {'ament_cmake_args': None, 'build_base': '/home/autodrive/laser_ws/build/keyboard_serial', 'catkin_cmake_args': None, 'catkin_skip_building_tests': False, 'cmake_args': None, 'cmake_clean_cache': False, 'cmake_clean_first': False, 'cmake_force_configure': False, 'cmake_target': None, 'cmake_target_skip_unavailable': False, 'install_base': '/home/autodrive/laser_ws/install/keyboard_serial', 'merge_install': False, 'path': '/home/autodrive/laser_ws/src/keyboard_serial', 'symlink_install': False, 'test_result_base': None}
[1.101s] Level 5:colcon.colcon_core.verb:set package 'point_cloud_subscriber' build argument 'cmake_args' from command line to 'None'
[1.101s] Level 5:colcon.colcon_core.verb:set package 'point_cloud_subscriber' build argument 'cmake_target' from command line to 'None'
[1.101s] Level 5:colcon.colcon_core.verb:set package 'point_cloud_subscriber' build argument 'cmake_target_skip_unavailable' from command line to 'False'
[1.101s] Level 5:colcon.colcon_core.verb:set package 'point_cloud_subscriber' build argument 'cmake_clean_cache' from command line to 'False'
[1.101s] Level 5:colcon.colcon_core.verb:set package 'point_cloud_subscriber' build argument 'cmake_clean_first' from command line to 'False'
[1.101s] Level 5:colcon.colcon_core.verb:set package 'point_cloud_subscriber' build argument 'cmake_force_configure' from command line to 'False'
[1.101s] Level 5:colcon.colcon_core.verb:set package 'point_cloud_subscriber' build argument 'ament_cmake_args' from command line to 'None'
[1.101s] Level 5:colcon.colcon_core.verb:set package 'point_cloud_subscriber' build argument 'catkin_cmake_args' from command line to 'None'
[1.102s] Level 5:colcon.colcon_core.verb:set package 'point_cloud_subscriber' build argument 'catkin_skip_building_tests' from command line to 'False'
[1.102s] DEBUG:colcon.colcon_core.verb:Building package 'point_cloud_subscriber' with the following arguments: {'ament_cmake_args': None, 'build_base': '/home/autodrive/laser_ws/build/point_cloud_subscriber', 'catkin_cmake_args': None, 'catkin_skip_building_tests': False, 'cmake_args': None, 'cmake_clean_cache': False, 'cmake_clean_first': False, 'cmake_force_configure': False, 'cmake_target': None, 'cmake_target_skip_unavailable': False, 'install_base': '/home/autodrive/laser_ws/install/point_cloud_subscriber', 'merge_install': False, 'path': '/home/autodrive/laser_ws/src/point_cloud_subscriber', 'symlink_install': False, 'test_result_base': None}
[1.102s] Level 5:colcon.colcon_core.verb:set package 'urg_node' build argument 'cmake_args' from command line to 'None'
[1.102s] Level 5:colcon.colcon_core.verb:set package 'urg_node' build argument 'cmake_target' from command line to 'None'
[1.102s] Level 5:colcon.colcon_core.verb:set package 'urg_node' build argument 'cmake_target_skip_unavailable' from command line to 'False'
[1.103s] Level 5:colcon.colcon_core.verb:set package 'urg_node' build argument 'cmake_clean_cache' from command line to 'False'
[1.103s] Level 5:colcon.colcon_core.verb:set package 'urg_node' build argument 'cmake_clean_first' from command line to 'False'
[1.103s] Level 5:colcon.colcon_core.verb:set package 'urg_node' build argument 'cmake_force_configure' from command line to 'False'
[1.103s] Level 5:colcon.colcon_core.verb:set package 'urg_node' build argument 'ament_cmake_args' from command line to 'None'
[1.103s] Level 5:colcon.colcon_core.verb:set package 'urg_node' build argument 'catkin_cmake_args' from command line to 'None'
[1.103s] Level 5:colcon.colcon_core.verb:set package 'urg_node' build argument 'catkin_skip_building_tests' from command line to 'False'
[1.103s] DEBUG:colcon.colcon_core.verb:Building package 'urg_node' with the following arguments: {'ament_cmake_args': None, 'build_base': '/home/autodrive/laser_ws/build/urg_node', 'catkin_cmake_args': None, 'catkin_skip_building_tests': False, 'cmake_args': None, 'cmake_clean_cache': False, 'cmake_clean_first': False, 'cmake_force_configure': False, 'cmake_target': None, 'cmake_target_skip_unavailable': False, 'install_base': '/home/autodrive/laser_ws/install/urg_node', 'merge_install': False, 'path': '/home/autodrive/laser_ws/src/urg_node-ros2-devel', 'symlink_install': False, 'test_result_base': None}
[1.103s] INFO:colcon.colcon_core.executor:Executing jobs using 'parallel' executor
[1.106s] DEBUG:colcon.colcon_parallel_executor.executor.parallel:run_until_complete
[1.107s] INFO:colcon.colcon_ros.task.ament_cmake.build:Building ROS package in '/home/autodrive/laser_ws/src/imu' with build type 'ament_cmake'
[1.107s] INFO:colcon.colcon_cmake.task.cmake.build:Building CMake package in '/home/autodrive/laser_ws/src/imu'
[1.111s] INFO:colcon.colcon_core.plugin_system:Skipping extension 'colcon_core.shell.bat': Not used on non-Windows systems
[1.112s] INFO:colcon.colcon_core.shell:Skip shell extension 'powershell' for command environment: Not usable outside of PowerShell
[1.112s] DEBUG:colcon.colcon_core.shell:Skip shell extension 'dsv' for command environment
[1.123s] INFO:colcon.colcon_ros.task.ament_python.build:Building ROS package in '/home/autodrive/laser_ws/src/keyboard_serial' with build type 'ament_python'
[1.123s] Level 1:colcon.colcon_core.shell:create_environment_hook('keyboard_serial', 'ament_prefix_path')
[1.124s] INFO:colcon.colcon_core.shell:Creating environment hook '/home/autodrive/laser_ws/install/keyboard_serial/share/keyboard_serial/hook/ament_prefix_path.ps1'
[1.126s] INFO:colcon.colcon_core.shell:Creating environment descriptor '/home/autodrive/laser_ws/install/keyboard_serial/share/keyboard_serial/hook/ament_prefix_path.dsv'
[1.127s] INFO:colcon.colcon_core.shell:Creating environment hook '/home/autodrive/laser_ws/install/keyboard_serial/share/keyboard_serial/hook/ament_prefix_path.sh'
[1.129s] INFO:colcon.colcon_core.shell:Skip shell extension 'powershell' for command environment: Not usable outside of PowerShell
[1.129s] DEBUG:colcon.colcon_core.shell:Skip shell extension 'dsv' for command environment
[1.138s] INFO:colcon.colcon_ros.task.ament_python.build:Building ROS package in '/home/autodrive/laser_ws/src/point_cloud_subscriber' with build type 'ament_python'
[1.139s] Level 1:colcon.colcon_core.shell:create_environment_hook('point_cloud_subscriber', 'ament_prefix_path')
[1.140s] INFO:colcon.colcon_core.shell:Creating environment hook '/home/autodrive/laser_ws/install/point_cloud_subscriber/share/point_cloud_subscriber/hook/ament_prefix_path.ps1'
[1.141s] INFO:colcon.colcon_core.shell:Creating environment descriptor '/home/autodrive/laser_ws/install/point_cloud_subscriber/share/point_cloud_subscriber/hook/ament_prefix_path.dsv'
[1.142s] INFO:colcon.colcon_core.shell:Creating environment hook '/home/autodrive/laser_ws/install/point_cloud_subscriber/share/point_cloud_subscriber/hook/ament_prefix_path.sh'
[1.143s] INFO:colcon.colcon_core.shell:Skip shell extension 'powershell' for command environment: Not usable outside of PowerShell
[1.143s] DEBUG:colcon.colcon_core.shell:Skip shell extension 'dsv' for command environment
[1.151s] INFO:colcon.colcon_ros.task.ament_cmake.build:Building ROS package in '/home/autodrive/laser_ws/src/urg_node-ros2-devel' with build type 'ament_cmake'
[1.152s] INFO:colcon.colcon_cmake.task.cmake.build:Building CMake package in '/home/autodrive/laser_ws/src/urg_node-ros2-devel'
[1.153s] INFO:colcon.colcon_core.shell:Skip shell extension 'powershell' for command environment: Not usable outside of PowerShell
[1.154s] DEBUG:colcon.colcon_core.shell:Skip shell extension 'dsv' for command environment
[1.182s] DEBUG:colcon.colcon_core.event_handler.log_command:Invoking command in '/home/autodrive/laser_ws/build/gnss_imu_sim': CMAKE_PREFIX_PATH=/opt/ros/foxy /usr/bin/cmake --build /home/autodrive/laser_ws/build/gnss_imu_sim -- -j6 -l6
[1.723s] INFO:colcon.colcon_core.task.python.build:Building Python package in '/home/autodrive/laser_ws/src/keyboard_serial'
[1.724s] INFO:colcon.colcon_core.shell:Skip shell extension 'powershell' for command environment: Not usable outside of PowerShell
[1.724s] DEBUG:colcon.colcon_core.shell:Skip shell extension 'dsv' for command environment
[2.208s] INFO:colcon.colcon_core.task.python.build:Building Python package in '/home/autodrive/laser_ws/src/point_cloud_subscriber'
[2.210s] INFO:colcon.colcon_core.shell:Skip shell extension 'powershell' for command environment: Not usable outside of PowerShell
[2.210s] DEBUG:colcon.colcon_core.shell:Skip shell extension 'dsv' for command environment
[2.231s] DEBUG:colcon.colcon_core.event_handler.log_command:Invoking command in '/home/autodrive/laser_ws/build/urg_node': CMAKE_PREFIX_PATH=/opt/ros/foxy /usr/bin/cmake --build /home/autodrive/laser_ws/build/urg_node -- -j6 -l6
[2.241s] DEBUG:colcon.colcon_core.event_handler.log_command:Invoked command in '/home/autodrive/laser_ws/build/gnss_imu_sim' returned '0': CMAKE_PREFIX_PATH=/opt/ros/foxy /usr/bin/cmake --build /home/autodrive/laser_ws/build/gnss_imu_sim -- -j6 -l6
[2.271s] DEBUG:colcon.colcon_core.event_handler.log_command:Invoking command in '/home/autodrive/laser_ws/build/gnss_imu_sim': CMAKE_PREFIX_PATH=/opt/ros/foxy /usr/bin/cmake --install /home/autodrive/laser_ws/build/gnss_imu_sim
[2.313s] Level 1:colcon.colcon_core.environment:create_environment_scripts_only(gnss_imu_sim)
[2.319s] Level 1:colcon.colcon_core.environment:checking '/home/autodrive/laser_ws/install/gnss_imu_sim' for CMake module files
[2.320s] Level 1:colcon.colcon_core.environment:checking '/home/autodrive/laser_ws/install/gnss_imu_sim' for CMake config files
[2.321s] Level 1:colcon.colcon_core.shell:create_environment_hook('gnss_imu_sim', 'cmake_prefix_path')
[2.321s] INFO:colcon.colcon_core.shell:Creating environment hook '/home/autodrive/laser_ws/install/gnss_imu_sim/share/gnss_imu_sim/hook/cmake_prefix_path.ps1'
[2.323s] INFO:colcon.colcon_core.shell:Creating environment descriptor '/home/autodrive/laser_ws/install/gnss_imu_sim/share/gnss_imu_sim/hook/cmake_prefix_path.dsv'
[2.323s] DEBUG:colcon.colcon_core.event_handler.log_command:Invoked command in '/home/autodrive/laser_ws/build/gnss_imu_sim' returned '0': CMAKE_PREFIX_PATH=/opt/ros/foxy /usr/bin/cmake --install /home/autodrive/laser_ws/build/gnss_imu_sim
[2.325s] INFO:colcon.colcon_core.shell:Creating environment hook '/home/autodrive/laser_ws/install/gnss_imu_sim/share/gnss_imu_sim/hook/cmake_prefix_path.sh'
[2.328s] Level 1:colcon.colcon_core.environment:checking '/home/autodrive/laser_ws/install/gnss_imu_sim/lib'
[2.328s] Level 1:colcon.colcon_core.environment:checking '/home/autodrive/laser_ws/install/gnss_imu_sim/bin'
[2.328s] Level 1:colcon.colcon_core.environment:checking '/home/autodrive/laser_ws/install/gnss_imu_sim/lib/pkgconfig/gnss_imu_sim.pc'
[2.329s] Level 1:colcon.colcon_core.environment:checking '/home/autodrive/laser_ws/install/gnss_imu_sim/lib/python3.8/site-packages'
[2.330s] Level 1:colcon.colcon_core.environment:checking '/home/autodrive/laser_ws/install/gnss_imu_sim/bin'
[2.330s] INFO:colcon.colcon_core.shell:Creating package script '/home/autodrive/laser_ws/install/gnss_imu_sim/share/gnss_imu_sim/package.ps1'
[2.333s] INFO:colcon.colcon_core.shell:Creating package descriptor '/home/autodrive/laser_ws/install/gnss_imu_sim/share/gnss_imu_sim/package.dsv'
[2.336s] INFO:colcon.colcon_core.shell:Creating package script '/home/autodrive/laser_ws/install/gnss_imu_sim/share/gnss_imu_sim/package.sh'
[2.337s] INFO:colcon.colcon_core.shell:Creating package script '/home/autodrive/laser_ws/install/gnss_imu_sim/share/gnss_imu_sim/package.bash'
[2.339s] INFO:colcon.colcon_core.shell:Creating package script '/home/autodrive/laser_ws/install/gnss_imu_sim/share/gnss_imu_sim/package.zsh'
[2.340s] Level 1:colcon.colcon_core.environment:create_file_with_runtime_dependencies(/home/autodrive/laser_ws/install/gnss_imu_sim/share/colcon-core/packages/gnss_imu_sim)
[2.342s] Level 1:colcon.colcon_core.environment:create_environment_scripts_only(gnss_imu_sim)
[2.342s] Level 1:colcon.colcon_core.environment:checking '/home/autodrive/laser_ws/install/gnss_imu_sim' for CMake module files
[2.343s] Level 1:colcon.colcon_core.environment:checking '/home/autodrive/laser_ws/install/gnss_imu_sim' for CMake config files
[2.344s] Level 1:colcon.colcon_core.shell:create_environment_hook('gnss_imu_sim', 'cmake_prefix_path')
[2.344s] INFO:colcon.colcon_core.shell:Creating environment hook '/home/autodrive/laser_ws/install/gnss_imu_sim/share/gnss_imu_sim/hook/cmake_prefix_path.ps1'
[2.345s] INFO:colcon.colcon_core.shell:Creating environment descriptor '/home/autodrive/laser_ws/install/gnss_imu_sim/share/gnss_imu_sim/hook/cmake_prefix_path.dsv'
[2.346s] INFO:colcon.colcon_core.shell:Creating environment hook '/home/autodrive/laser_ws/install/gnss_imu_sim/share/gnss_imu_sim/hook/cmake_prefix_path.sh'
[2.347s] Level 1:colcon.colcon_core.environment:checking '/home/autodrive/laser_ws/install/gnss_imu_sim/lib'
[2.347s] Level 1:colcon.colcon_core.environment:checking '/home/autodrive/laser_ws/install/gnss_imu_sim/bin'
[2.348s] Level 1:colcon.colcon_core.environment:checking '/home/autodrive/laser_ws/install/gnss_imu_sim/lib/pkgconfig/gnss_imu_sim.pc'
[2.348s] Level 1:colcon.colcon_core.environment:checking '/home/autodrive/laser_ws/install/gnss_imu_sim/lib/python3.8/site-packages'
[2.348s] Level 1:colcon.colcon_core.environment:checking '/home/autodrive/laser_ws/install/gnss_imu_sim/bin'
[2.349s] INFO:colcon.colcon_core.shell:Creating package script '/home/autodrive/laser_ws/install/gnss_imu_sim/share/gnss_imu_sim/package.ps1'
[2.350s] INFO:colcon.colcon_core.shell:Creating package descriptor '/home/autodrive/laser_ws/install/gnss_imu_sim/share/gnss_imu_sim/package.dsv'
[2.351s] INFO:colcon.colcon_core.shell:Creating package script '/home/autodrive/laser_ws/install/gnss_imu_sim/share/gnss_imu_sim/package.sh'
[2.352s] INFO:colcon.colcon_core.shell:Creating package script '/home/autodrive/laser_ws/install/gnss_imu_sim/share/gnss_imu_sim/package.bash'
[2.353s] INFO:colcon.colcon_core.shell:Creating package script '/home/autodrive/laser_ws/install/gnss_imu_sim/share/gnss_imu_sim/package.zsh'
[2.354s] Level 1:colcon.colcon_core.environment:create_file_with_runtime_dependencies(/home/autodrive/laser_ws/install/gnss_imu_sim/share/colcon-core/packages/gnss_imu_sim)
[2.474s] DEBUG:colcon.colcon_core.event_handler.log_command:Invoked command in '/home/autodrive/laser_ws/build/urg_node' returned '0': CMAKE_PREFIX_PATH=/opt/ros/foxy /usr/bin/cmake --build /home/autodrive/laser_ws/build/urg_node -- -j6 -l6
[2.482s] DEBUG:colcon.colcon_core.event_handler.log_command:Invoking command in '/home/autodrive/laser_ws/build/urg_node': CMAKE_PREFIX_PATH=/opt/ros/foxy /usr/bin/cmake --install /home/autodrive/laser_ws/build/urg_node
[2.550s] Level 1:colcon.colcon_core.environment:create_environment_scripts_only(urg_node)
[2.551s] Level 1:colcon.colcon_core.environment:checking '/home/autodrive/laser_ws/install/urg_node' for CMake module files
[2.553s] DEBUG:colcon.colcon_core.event_handler.log_command:Invoked command in '/home/autodrive/laser_ws/build/urg_node' returned '0': CMAKE_PREFIX_PATH=/opt/ros/foxy /usr/bin/cmake --install /home/autodrive/laser_ws/build/urg_node
[2.554s] Level 1:colcon.colcon_core.environment:checking '/home/autodrive/laser_ws/install/urg_node' for CMake config files
[2.554s] Level 1:colcon.colcon_core.shell:create_environment_hook('urg_node', 'cmake_prefix_path')
[2.555s] INFO:colcon.colcon_core.shell:Creating environment hook '/home/autodrive/laser_ws/install/urg_node/share/urg_node/hook/cmake_prefix_path.ps1'
[2.556s] INFO:colcon.colcon_core.shell:Creating environment descriptor '/home/autodrive/laser_ws/install/urg_node/share/urg_node/hook/cmake_prefix_path.dsv'
[2.557s] INFO:colcon.colcon_core.shell:Creating environment hook '/home/autodrive/laser_ws/install/urg_node/share/urg_node/hook/cmake_prefix_path.sh'
[2.559s] Level 1:colcon.colcon_core.environment:checking '/home/autodrive/laser_ws/install/urg_node/lib'
[2.559s] Level 1:colcon.colcon_core.shell:create_environment_hook('urg_node', 'ld_library_path_lib')
[2.559s] INFO:colcon.colcon_core.shell:Creating environment hook '/home/autodrive/laser_ws/install/urg_node/share/urg_node/hook/ld_library_path_lib.ps1'
[2.560s] INFO:colcon.colcon_core.shell:Creating environment descriptor '/home/autodrive/laser_ws/install/urg_node/share/urg_node/hook/ld_library_path_lib.dsv'
[2.561s] INFO:colcon.colcon_core.shell:Creating environment hook '/home/autodrive/laser_ws/install/urg_node/share/urg_node/hook/ld_library_path_lib.sh'
[2.562s] Level 1:colcon.colcon_core.environment:checking '/home/autodrive/laser_ws/install/urg_node/bin'
[2.562s] Level 1:colcon.colcon_core.environment:checking '/home/autodrive/laser_ws/install/urg_node/lib/pkgconfig/urg_node.pc'
[2.563s] Level 1:colcon.colcon_core.environment:checking '/home/autodrive/laser_ws/install/urg_node/lib/python3.8/site-packages'
[2.563s] Level 1:colcon.colcon_core.environment:checking '/home/autodrive/laser_ws/install/urg_node/bin'
[2.564s] INFO:colcon.colcon_core.shell:Creating package script '/home/autodrive/laser_ws/install/urg_node/share/urg_node/package.ps1'
[2.565s] INFO:colcon.colcon_core.shell:Creating package descriptor '/home/autodrive/laser_ws/install/urg_node/share/urg_node/package.dsv'
[2.566s] INFO:colcon.colcon_core.shell:Creating package script '/home/autodrive/laser_ws/install/urg_node/share/urg_node/package.sh'
[2.568s] INFO:colcon.colcon_core.shell:Creating package script '/home/autodrive/laser_ws/install/urg_node/share/urg_node/package.bash'
[2.569s] INFO:colcon.colcon_core.shell:Creating package script '/home/autodrive/laser_ws/install/urg_node/share/urg_node/package.zsh'
[2.569s] Level 1:colcon.colcon_core.environment:create_file_with_runtime_dependencies(/home/autodrive/laser_ws/install/urg_node/share/colcon-core/packages/urg_node)
[2.571s] Level 1:colcon.colcon_core.environment:create_environment_scripts_only(urg_node)
[2.571s] Level 1:colcon.colcon_core.environment:checking '/home/autodrive/laser_ws/install/urg_node' for CMake module files
[2.573s] Level 1:colcon.colcon_core.environment:checking '/home/autodrive/laser_ws/install/urg_node' for CMake config files
[2.573s] Level 1:colcon.colcon_core.shell:create_environment_hook('urg_node', 'cmake_prefix_path')
[2.574s] INFO:colcon.colcon_core.shell:Creating environment hook '/home/autodrive/laser_ws/install/urg_node/share/urg_node/hook/cmake_prefix_path.ps1'
[2.575s] INFO:colcon.colcon_core.shell:Creating environment descriptor '/home/autodrive/laser_ws/install/urg_node/share/urg_node/hook/cmake_prefix_path.dsv'
[2.576s] INFO:colcon.colcon_core.shell:Creating environment hook '/home/autodrive/laser_ws/install/urg_node/share/urg_node/hook/cmake_prefix_path.sh'
[2.577s] Level 1:colcon.colcon_core.environment:checking '/home/autodrive/laser_ws/install/urg_node/lib'
[2.577s] Level 1:colcon.colcon_core.shell:create_environment_hook('urg_node', 'ld_library_path_lib')
[2.578s] INFO:colcon.colcon_core.shell:Creating environment hook '/home/autodrive/laser_ws/install/urg_node/share/urg_node/hook/ld_library_path_lib.ps1'
[2.579s] INFO:colcon.colcon_core.shell:Creating environment descriptor '/home/autodrive/laser_ws/install/urg_node/share/urg_node/hook/ld_library_path_lib.dsv'
[2.580s] INFO:colcon.colcon_core.shell:Creating environment hook '/home/autodrive/laser_ws/install/urg_node/share/urg_node/hook/ld_library_path_lib.sh'
[2.581s] Level 1:colcon.colcon_core.environment:checking '/home/autodrive/laser_ws/install/urg_node/bin'
[2.581s] Level 1:colcon.colcon_core.environment:checking '/home/autodrive/laser_ws/install/urg_node/lib/pkgconfig/urg_node.pc'
[2.582s] Level 1:colcon.colcon_core.environment:checking '/home/autodrive/laser_ws/install/urg_node/lib/python3.8/site-packages'
[2.582s] Level 1:colcon.colcon_core.environment:checking '/home/autodrive/laser_ws/install/urg_node/bin'
[2.583s] INFO:colcon.colcon_core.shell:Creating package script '/home/autodrive/laser_ws/install/urg_node/share/urg_node/package.ps1'
[2.584s] INFO:colcon.colcon_core.shell:Creating package descriptor '/home/autodrive/laser_ws/install/urg_node/share/urg_node/package.dsv'
[2.586s] INFO:colcon.colcon_core.shell:Creating package script '/home/autodrive/laser_ws/install/urg_node/share/urg_node/package.sh'
[2.587s] INFO:colcon.colcon_core.shell:Creating package script '/home/autodrive/laser_ws/install/urg_node/share/urg_node/package.bash'
[2.588s] INFO:colcon.colcon_core.shell:Creating package script '/home/autodrive/laser_ws/install/urg_node/share/urg_node/package.zsh'
[2.589s] Level 1:colcon.colcon_core.environment:create_file_with_runtime_dependencies(/home/autodrive/laser_ws/install/urg_node/share/colcon-core/packages/urg_node)
[3.379s] DEBUG:colcon.colcon_core.event_handler.log_command:Invoking command in '/home/autodrive/laser_ws/src/keyboard_serial': PYTHONPATH=/home/autodrive/laser_ws/build/keyboard_serial/prefix_override:/usr/lib/python3/dist-packages/colcon_core/task/python/colcon_distutils_commands:/home/autodrive/laser_ws/install/keyboard_serial/lib/python3.8/site-packages:${PYTHONPATH} /usr/bin/python3 -W ignore:setup.py install is deprecated -W ignore:easy_install command is deprecated setup.py egg_info --egg-base ../../build/keyboard_serial build --build-base /home/autodrive/laser_ws/build/keyboard_serial/build install --record /home/autodrive/laser_ws/build/keyboard_serial/install.log --install-scripts $base/lib/keyboard_serial --single-version-externally-managed install_data
[3.422s] DEBUG:colcon.colcon_core.event_handler.log_command:Invoking command in '/home/autodrive/laser_ws/src/point_cloud_subscriber': PYTHONPATH=/home/autodrive/laser_ws/build/point_cloud_subscriber/prefix_override:/usr/lib/python3/dist-packages/colcon_core/task/python/colcon_distutils_commands:/home/autodrive/laser_ws/install/point_cloud_subscriber/lib/python3.8/site-packages:${PYTHONPATH} /usr/bin/python3 -W ignore:setup.py install is deprecated -W ignore:easy_install command is deprecated setup.py egg_info --egg-base ../../build/point_cloud_subscriber build --build-base /home/autodrive/laser_ws/build/point_cloud_subscriber/build install --record /home/autodrive/laser_ws/build/point_cloud_subscriber/install.log --single-version-externally-managed install_data
[4.042s] Level 1:colcon.colcon_core.environment:checking '/home/autodrive/laser_ws/install/keyboard_serial' for CMake module files
[4.044s] DEBUG:colcon.colcon_core.event_handler.log_command:Invoked command in '/home/autodrive/laser_ws/src/keyboard_serial' returned '0': PYTHONPATH=/home/autodrive/laser_ws/build/keyboard_serial/prefix_override:/usr/lib/python3/dist-packages/colcon_core/task/python/colcon_distutils_commands:/home/autodrive/laser_ws/install/keyboard_serial/lib/python3.8/site-packages:${PYTHONPATH} /usr/bin/python3 -W ignore:setup.py install is deprecated -W ignore:easy_install command is deprecated setup.py egg_info --egg-base ../../build/keyboard_serial build --build-base /home/autodrive/laser_ws/build/keyboard_serial/build install --record /home/autodrive/laser_ws/build/keyboard_serial/install.log --install-scripts $base/lib/keyboard_serial --single-version-externally-managed install_data
[4.045s] Level 1:colcon.colcon_core.environment:checking '/home/autodrive/laser_ws/install/keyboard_serial' for CMake config files
[4.047s] Level 1:colcon.colcon_core.environment:checking '/home/autodrive/laser_ws/install/keyboard_serial/lib'
[4.048s] Level 1:colcon.colcon_core.environment:checking '/home/autodrive/laser_ws/install/keyboard_serial/bin'
[4.048s] Level 1:colcon.colcon_core.environment:checking '/home/autodrive/laser_ws/install/keyboard_serial/lib/pkgconfig/keyboard_serial.pc'
[4.049s] Level 1:colcon.colcon_core.environment:checking '/home/autodrive/laser_ws/install/keyboard_serial/lib/python3.8/site-packages'
[4.049s] Level 1:colcon.colcon_core.shell:create_environment_hook('keyboard_serial', 'pythonpath')
[4.050s] INFO:colcon.colcon_core.shell:Creating environment hook '/home/autodrive/laser_ws/install/keyboard_serial/share/keyboard_serial/hook/pythonpath.ps1'
[4.053s] INFO:colcon.colcon_core.shell:Creating environment descriptor '/home/autodrive/laser_ws/install/keyboard_serial/share/keyboard_serial/hook/pythonpath.dsv'
[4.055s] INFO:colcon.colcon_core.shell:Creating environment hook '/home/autodrive/laser_ws/install/keyboard_serial/share/keyboard_serial/hook/pythonpath.sh'
[4.057s] Level 1:colcon.colcon_core.environment:checking '/home/autodrive/laser_ws/install/keyboard_serial/bin'
[4.057s] Level 1:colcon.colcon_core.environment:create_environment_scripts_only(keyboard_serial)
[4.058s] INFO:colcon.colcon_core.shell:Creating package script '/home/autodrive/laser_ws/install/keyboard_serial/share/keyboard_serial/package.ps1'
[4.060s] INFO:colcon.colcon_core.shell:Creating package descriptor '/home/autodrive/laser_ws/install/keyboard_serial/share/keyboard_serial/package.dsv'
[4.062s] INFO:colcon.colcon_core.shell:Creating package script '/home/autodrive/laser_ws/install/keyboard_serial/share/keyboard_serial/package.sh'
[4.064s] INFO:colcon.colcon_core.shell:Creating package script '/home/autodrive/laser_ws/install/keyboard_serial/share/keyboard_serial/package.bash'
[4.065s] INFO:colcon.colcon_core.shell:Creating package script '/home/autodrive/laser_ws/install/keyboard_serial/share/keyboard_serial/package.zsh'
[4.067s] Level 1:colcon.colcon_core.environment:create_file_with_runtime_dependencies(/home/autodrive/laser_ws/install/keyboard_serial/share/colcon-core/packages/keyboard_serial)
[4.122s] Level 1:colcon.colcon_core.environment:checking '/home/autodrive/laser_ws/install/point_cloud_subscriber' for CMake module files
[4.123s] DEBUG:colcon.colcon_core.event_handler.log_command:Invoked command in '/home/autodrive/laser_ws/src/point_cloud_subscriber' returned '0': PYTHONPATH=/home/autodrive/laser_ws/build/point_cloud_subscriber/prefix_override:/usr/lib/python3/dist-packages/colcon_core/task/python/colcon_distutils_commands:/home/autodrive/laser_ws/install/point_cloud_subscriber/lib/python3.8/site-packages:${PYTHONPATH} /usr/bin/python3 -W ignore:setup.py install is deprecated -W ignore:easy_install command is deprecated setup.py egg_info --egg-base ../../build/point_cloud_subscriber build --build-base /home/autodrive/laser_ws/build/point_cloud_subscriber/build install --record /home/autodrive/laser_ws/build/point_cloud_subscriber/install.log --single-version-externally-managed install_data
[4.124s] Level 1:colcon.colcon_core.environment:checking '/home/autodrive/laser_ws/install/point_cloud_subscriber' for CMake config files
[4.126s] Level 1:colcon.colcon_core.environment:checking '/home/autodrive/laser_ws/install/point_cloud_subscriber/lib'
[4.127s] Level 1:colcon.colcon_core.environment:checking '/home/autodrive/laser_ws/install/point_cloud_subscriber/bin'
[4.127s] Level 1:colcon.colcon_core.environment:checking '/home/autodrive/laser_ws/install/point_cloud_subscriber/lib/pkgconfig/point_cloud_subscriber.pc'
[4.128s] Level 1:colcon.colcon_core.environment:checking '/home/autodrive/laser_ws/install/point_cloud_subscriber/lib/python3.8/site-packages'
[4.128s] Level 1:colcon.colcon_core.shell:create_environment_hook('point_cloud_subscriber', 'pythonpath')
[4.129s] INFO:colcon.colcon_core.shell:Creating environment hook '/home/autodrive/laser_ws/install/point_cloud_subscriber/share/point_cloud_subscriber/hook/pythonpath.ps1'
[4.131s] INFO:colcon.colcon_core.shell:Creating environment descriptor '/home/autodrive/laser_ws/install/point_cloud_subscriber/share/point_cloud_subscriber/hook/pythonpath.dsv'
[4.132s] INFO:colcon.colcon_core.shell:Creating environment hook '/home/autodrive/laser_ws/install/point_cloud_subscriber/share/point_cloud_subscriber/hook/pythonpath.sh'
[4.134s] Level 1:colcon.colcon_core.environment:checking '/home/autodrive/laser_ws/install/point_cloud_subscriber/bin'
[4.134s] Level 1:colcon.colcon_core.environment:create_environment_scripts_only(point_cloud_subscriber)
[4.135s] INFO:colcon.colcon_core.shell:Creating package script '/home/autodrive/laser_ws/install/point_cloud_subscriber/share/point_cloud_subscriber/package.ps1'
[4.137s] INFO:colcon.colcon_core.shell:Creating package descriptor '/home/autodrive/laser_ws/install/point_cloud_subscriber/share/point_cloud_subscriber/package.dsv'
[4.138s] INFO:colcon.colcon_core.shell:Creating package script '/home/autodrive/laser_ws/install/point_cloud_subscriber/share/point_cloud_subscriber/package.sh'
[4.139s] INFO:colcon.colcon_core.shell:Creating package script '/home/autodrive/laser_ws/install/point_cloud_subscriber/share/point_cloud_subscriber/package.bash'
[4.140s] INFO:colcon.colcon_core.shell:Creating package script '/home/autodrive/laser_ws/install/point_cloud_subscriber/share/point_cloud_subscriber/package.zsh'
[4.141s] Level 1:colcon.colcon_core.environment:create_file_with_runtime_dependencies(/home/autodrive/laser_ws/install/point_cloud_subscriber/share/colcon-core/packages/point_cloud_subscriber)
[4.142s] DEBUG:colcon.colcon_parallel_executor.executor.parallel:closing loop
[4.143s] DEBUG:colcon.colcon_parallel_executor.executor.parallel:loop closed
[4.143s] DEBUG:colcon.colcon_parallel_executor.executor.parallel:run_until_complete finished with '0'
[4.143s] DEBUG:colcon.colcon_core.event_reactor:joining thread
[4.157s] INFO:colcon.colcon_core.plugin_system:Skipping extension 'colcon_notification.desktop_notification.terminal_notifier': Not used on non-Darwin systems
[4.157s] INFO:colcon.colcon_core.plugin_system:Skipping extension 'colcon_notification.desktop_notification.win32': Not used on non-Windows systems
[4.157s] INFO:colcon.colcon_notification.desktop_notification:Sending desktop notification using 'notify2'
[4.199s] DEBUG:colcon.colcon_core.event_reactor:joined thread
[4.200s] INFO:colcon.colcon_core.shell:Creating prefix script '/home/autodrive/laser_ws/install/local_setup.ps1'
[4.203s] INFO:colcon.colcon_core.shell:Creating prefix util module '/home/autodrive/laser_ws/install/_local_setup_util_ps1.py'
[4.206s] INFO:colcon.colcon_core.shell:Creating prefix chain script '/home/autodrive/laser_ws/install/setup.ps1'
[4.208s] INFO:colcon.colcon_core.shell:Creating prefix script '/home/autodrive/laser_ws/install/local_setup.sh'
[4.209s] INFO:colcon.colcon_core.shell:Creating prefix util module '/home/autodrive/laser_ws/install/_local_setup_util_sh.py'
[4.210s] INFO:colcon.colcon_core.shell:Creating prefix chain script '/home/autodrive/laser_ws/install/setup.sh'
[4.212s] INFO:colcon.colcon_core.shell:Creating prefix script '/home/autodrive/laser_ws/install/local_setup.bash'
[4.213s] INFO:colcon.colcon_core.shell:Creating prefix chain script '/home/autodrive/laser_ws/install/setup.bash'
[4.216s] INFO:colcon.colcon_core.shell:Creating prefix script '/home/autodrive/laser_ws/install/local_setup.zsh'
[4.217s] INFO:colcon.colcon_core.shell:Creating prefix chain script '/home/autodrive/laser_ws/install/setup.zsh'
