[4.310s] Invoking command in '/home/autodrive/laser_ws/src/keyboard_serial': PYTHONPATH=/home/autodrive/laser_ws/build/keyboard_serial/prefix_override:/usr/lib/python3/dist-packages/colcon_core/task/python/colcon_distutils_commands:/home/autodrive/laser_ws/install/keyboard_serial/lib/python3.8/site-packages:${PYTHONPATH} /usr/bin/python3 -W ignore:setup.py install is deprecated -W ignore:easy_install command is deprecated setup.py egg_info --egg-base ../../build/keyboard_serial build --build-base /home/autodrive/laser_ws/build/keyboard_serial/build install --record /home/autodrive/laser_ws/build/keyboard_serial/install.log --install-scripts $base/lib/keyboard_serial --single-version-externally-managed install_data
[5.057s] running egg_info
[5.058s] writing ../../build/keyboard_serial/keyboard_serial.egg-info/PKG-INFO
[5.060s] writing dependency_links to ../../build/keyboard_serial/keyboard_serial.egg-info/dependency_links.txt
[5.061s] writing entry points to ../../build/keyboard_serial/keyboard_serial.egg-info/entry_points.txt
[5.062s] writing requirements to ../../build/keyboard_serial/keyboard_serial.egg-info/requires.txt
[5.063s] writing top-level names to ../../build/keyboard_serial/keyboard_serial.egg-info/top_level.txt
[5.161s] reading manifest file '../../build/keyboard_serial/keyboard_serial.egg-info/SOURCES.txt'
[5.163s] writing manifest file '../../build/keyboard_serial/keyboard_serial.egg-info/SOURCES.txt'
[5.163s] running build
[5.163s] running build_py
[5.175s] copying keyboard_serial/keyboard_serial_node.py -> /home/autodrive/laser_ws/build/keyboard_serial/build/lib/keyboard_serial
[5.176s] running install
[5.178s] running install_lib
[5.180s] copying /home/autodrive/laser_ws/build/keyboard_serial/build/lib/keyboard_serial/keyboard_serial_node.py -> /home/autodrive/laser_ws/install/keyboard_serial/lib/python3.8/site-packages/keyboard_serial
[5.182s] byte-compiling /home/autodrive/laser_ws/install/keyboard_serial/lib/python3.8/site-packages/keyboard_serial/keyboard_serial_node.py to keyboard_serial_node.cpython-38.pyc
[5.187s] running install_data
[5.190s] running install_egg_info
[5.195s] removing '/home/autodrive/laser_ws/install/keyboard_serial/lib/python3.8/site-packages/keyboard_serial-0.0.0-py3.8.egg-info' (and everything under it)
[5.196s] Copying ../../build/keyboard_serial/keyboard_serial.egg-info to /home/autodrive/laser_ws/install/keyboard_serial/lib/python3.8/site-packages/keyboard_serial-0.0.0-py3.8.egg-info
[5.199s] running install_scripts
[5.239s] Installing keyboard_serial_node script to /home/autodrive/laser_ws/install/keyboard_serial/lib/keyboard_serial
[5.240s] writing list of installed files to '/home/autodrive/laser_ws/build/keyboard_serial/install.log'
[5.341s] Invoked command in '/home/autodrive/laser_ws/src/keyboard_serial' returned '0': PYTHONPATH=/home/autodrive/laser_ws/build/keyboard_serial/prefix_override:/usr/lib/python3/dist-packages/colcon_core/task/python/colcon_distutils_commands:/home/autodrive/laser_ws/install/keyboard_serial/lib/python3.8/site-packages:${PYTHONPATH} /usr/bin/python3 -W ignore:setup.py install is deprecated -W ignore:easy_install command is deprecated setup.py egg_info --egg-base ../../build/keyboard_serial build --build-base /home/autodrive/laser_ws/build/keyboard_serial/build install --record /home/autodrive/laser_ws/build/keyboard_serial/install.log --install-scripts $base/lib/keyboard_serial --single-version-externally-managed install_data
