[ 22%] Built target urg_node_driver
[ 55%] Built target urg_node
[35m[1mScanning dependencies of target pointcloud_2d_to_3d[0m
[ 77%] Built target getID
[ 88%] [32mBuilding CXX object CMakeFiles/pointcloud_2d_to_3d.dir/src/pointcloud_2d_to_3d.cpp.o[0m
[01m[K/home/autodrive/laser_ws/src/urg_node-ros2-devel/src/pointcloud_2d_to_3d.cpp:[m[K In member function ‘[01m[Kvoid PointCloudNode::laserScanToPointCloud2(const LaserScan&, sensor_msgs::msg::PointCloud2&)[m[K’:
[01m[K/home/autodrive/laser_ws/src/urg_node-ros2-devel/src/pointcloud_2d_to_3d.cpp:105:34:[m[K [01;31m[Kerror: [m[Kbase operand of ‘[01m[K->[m[K’ has non-pointer type ‘[01m[Kconst LaserScan[m[K’ {aka ‘[01m[Kconst sensor_msgs::msg::LaserScan_<std::allocator<void> >[m[K’}
  105 |       cloud_msg.header = scan_msg[01;31m[K->[m[Kheader;
      |                                  [01;31m[K^~[m[K
[01m[K/home/autodrive/laser_ws/src/urg_node-ros2-devel/src/pointcloud_2d_to_3d.cpp:107:33:[m[K [01;31m[Kerror: [m[Kbase operand of ‘[01m[K->[m[K’ has non-pointer type ‘[01m[Kconst LaserScan[m[K’ {aka ‘[01m[Kconst sensor_msgs::msg::LaserScan_<std::allocator<void> >[m[K’}
  107 |       cloud_msg.width = scan_msg[01;31m[K->[m[Kranges.size();
      |                                 [01;31m[K^~[m[K
[01m[K/home/autodrive/laser_ws/src/urg_node-ros2-devel/src/pointcloud_2d_to_3d.cpp:132:33:[m[K [01;31m[Kerror: [m[Kbase operand of ‘[01m[K->[m[K’ has non-pointer type ‘[01m[Kconst LaserScan[m[K’ {aka ‘[01m[Kconst sensor_msgs::msg::LaserScan_<std::allocator<void> >[m[K’}
  132 |       float angle_min = scan_msg[01;31m[K->[m[Kangle_min;
      |                                 [01;31m[K^~[m[K
[01m[K/home/autodrive/laser_ws/src/urg_node-ros2-devel/src/pointcloud_2d_to_3d.cpp:133:33:[m[K [01;31m[Kerror: [m[Kbase operand of ‘[01m[K->[m[K’ has non-pointer type ‘[01m[Kconst LaserScan[m[K’ {aka ‘[01m[Kconst sensor_msgs::msg::LaserScan_<std::allocator<void> >[m[K’}
  133 |       float angle_max = scan_msg[01;31m[K->[m[Kangle_max;
      |                                 [01;31m[K^~[m[K
[01m[K/home/autodrive/laser_ws/src/urg_node-ros2-devel/src/pointcloud_2d_to_3d.cpp:134:39:[m[K [01;31m[Kerror: [m[Kbase operand of ‘[01m[K->[m[K’ has non-pointer type ‘[01m[Kconst LaserScan[m[K’ {aka ‘[01m[Kconst sensor_msgs::msg::LaserScan_<std::allocator<void> >[m[K’}
  134 |       float angle_increment = scan_msg[01;31m[K->[m[Kangle_increment;
      |                                       [01;31m[K^~[m[K
[01m[K/home/autodrive/laser_ws/src/urg_node-ros2-devel/src/pointcloud_2d_to_3d.cpp:135:33:[m[K [01;31m[Kerror: [m[Kbase operand of ‘[01m[K->[m[K’ has non-pointer type ‘[01m[Kconst LaserScan[m[K’ {aka ‘[01m[Kconst sensor_msgs::msg::LaserScan_<std::allocator<void> >[m[K’}
  135 |       float range_min = scan_msg[01;31m[K->[m[Krange_min;
      |                                 [01;31m[K^~[m[K
[01m[K/home/autodrive/laser_ws/src/urg_node-ros2-devel/src/pointcloud_2d_to_3d.cpp:136:33:[m[K [01;31m[Kerror: [m[Kbase operand of ‘[01m[K->[m[K’ has non-pointer type ‘[01m[Kconst LaserScan[m[K’ {aka ‘[01m[Kconst sensor_msgs::msg::LaserScan_<std::allocator<void> >[m[K’}
  136 |       float range_max = scan_msg[01;31m[K->[m[Krange_max;
      |                                 [01;31m[K^~[m[K
[01m[K/home/autodrive/laser_ws/src/urg_node-ros2-devel/src/pointcloud_2d_to_3d.cpp:138:38:[m[K [01;31m[Kerror: [m[Kbase operand of ‘[01m[K->[m[K’ has non-pointer type ‘[01m[Kconst LaserScan[m[K’ {aka ‘[01m[Kconst sensor_msgs::msg::LaserScan_<std::allocator<void> >[m[K’}
  138 |       for (size_t i = 0; i < scan_msg[01;31m[K->[m[Kranges.size(); ++i)
      |                                      [01;31m[K^~[m[K
[01m[K/home/autodrive/laser_ws/src/urg_node-ros2-devel/src/pointcloud_2d_to_3d.cpp:140:33:[m[K [01;31m[Kerror: [m[Kbase operand of ‘[01m[K->[m[K’ has non-pointer type ‘[01m[Kconst LaserScan[m[K’ {aka ‘[01m[Kconst sensor_msgs::msg::LaserScan_<std::allocator<void> >[m[K’}
  140 |           float range = scan_msg[01;31m[K->[m[Kranges[i];
      |                                 [01;31m[K^~[m[K
[01m[K/home/autodrive/laser_ws/src/urg_node-ros2-devel/src/pointcloud_2d_to_3d.cpp:133:13:[m[K [01;35m[Kwarning: [m[Kunused variable ‘[01m[Kangle_max[m[K’ [[01;35m[K-Wunused-variable[m[K]
  133 |       float [01;35m[Kangle_max[m[K = scan_msg->angle_max;
      |             [01;35m[K^~~~~~~~~[m[K
make[2]: *** [CMakeFiles/pointcloud_2d_to_3d.dir/build.make:63: CMakeFiles/pointcloud_2d_to_3d.dir/src/pointcloud_2d_to_3d.cpp.o] Error 1
make[1]: *** [CMakeFiles/Makefile2:84: CMakeFiles/pointcloud_2d_to_3d.dir/all] Error 2
make: *** [Makefile:141: all] Error 2
