[0.042s] Invoking command in '/home/autodrive/laser_ws/build/urg_node': CMAKE_PREFIX_PATH=/opt/ros/foxy /usr/bin/cmake --build /home/autodrive/laser_ws/build/urg_node -- -j6 -l6
[0.168s] [ 22%] Built target urg_node_driver
[0.170s] [ 55%] Built target urg_node
[0.194s] [35m[1mScanning dependencies of target pointcloud_2d_to_3d[0m
[0.233s] [ 77%] Built target getID
[0.264s] [ 88%] [32mBuilding CXX object CMakeFiles/pointcloud_2d_to_3d.dir/src/pointcloud_2d_to_3d.cpp.o[0m
[3.206s] [01m[K/home/autodrive/laser_ws/src/urg_node-ros2-devel/src/pointcloud_2d_to_3d.cpp:[m[K In member function ‘[01m[Kvoid PointCloudNode::laserScanToPointCloud2(const LaserScan&, sensor_msgs::msg::PointCloud2&)[m[K’:
[3.207s] [01m[K/home/autodrive/laser_ws/src/urg_node-ros2-devel/src/pointcloud_2d_to_3d.cpp:105:34:[m[K [01;31m[Kerror: [m[Kbase operand of ‘[01m[K->[m[K’ has non-pointer type ‘[01m[Kconst LaserScan[m[K’ {aka ‘[01m[Kconst sensor_msgs::msg::LaserScan_<std::allocator<void> >[m[K’}
[3.207s]   105 |       cloud_msg.header = scan_msg[01;31m[K->[m[Kheader;
[3.207s]       |                                  [01;31m[K^~[m[K
[3.207s] [01m[K/home/autodrive/laser_ws/src/urg_node-ros2-devel/src/pointcloud_2d_to_3d.cpp:107:33:[m[K [01;31m[Kerror: [m[Kbase operand of ‘[01m[K->[m[K’ has non-pointer type ‘[01m[Kconst LaserScan[m[K’ {aka ‘[01m[Kconst sensor_msgs::msg::LaserScan_<std::allocator<void> >[m[K’}
[3.207s]   107 |       cloud_msg.width = scan_msg[01;31m[K->[m[Kranges.size();
[3.208s]       |                                 [01;31m[K^~[m[K
[3.208s] [01m[K/home/autodrive/laser_ws/src/urg_node-ros2-devel/src/pointcloud_2d_to_3d.cpp:132:33:[m[K [01;31m[Kerror: [m[Kbase operand of ‘[01m[K->[m[K’ has non-pointer type ‘[01m[Kconst LaserScan[m[K’ {aka ‘[01m[Kconst sensor_msgs::msg::LaserScan_<std::allocator<void> >[m[K’}
[3.208s]   132 |       float angle_min = scan_msg[01;31m[K->[m[Kangle_min;
[3.208s]       |                                 [01;31m[K^~[m[K
[3.208s] [01m[K/home/autodrive/laser_ws/src/urg_node-ros2-devel/src/pointcloud_2d_to_3d.cpp:133:33:[m[K [01;31m[Kerror: [m[Kbase operand of ‘[01m[K->[m[K’ has non-pointer type ‘[01m[Kconst LaserScan[m[K’ {aka ‘[01m[Kconst sensor_msgs::msg::LaserScan_<std::allocator<void> >[m[K’}
[3.208s]   133 |       float angle_max = scan_msg[01;31m[K->[m[Kangle_max;
[3.208s]       |                                 [01;31m[K^~[m[K
[3.209s] [01m[K/home/autodrive/laser_ws/src/urg_node-ros2-devel/src/pointcloud_2d_to_3d.cpp:134:39:[m[K [01;31m[Kerror: [m[Kbase operand of ‘[01m[K->[m[K’ has non-pointer type ‘[01m[Kconst LaserScan[m[K’ {aka ‘[01m[Kconst sensor_msgs::msg::LaserScan_<std::allocator<void> >[m[K’}
[3.209s]   134 |       float angle_increment = scan_msg[01;31m[K->[m[Kangle_increment;
[3.209s]       |                                       [01;31m[K^~[m[K
[3.209s] [01m[K/home/autodrive/laser_ws/src/urg_node-ros2-devel/src/pointcloud_2d_to_3d.cpp:135:33:[m[K [01;31m[Kerror: [m[Kbase operand of ‘[01m[K->[m[K’ has non-pointer type ‘[01m[Kconst LaserScan[m[K’ {aka ‘[01m[Kconst sensor_msgs::msg::LaserScan_<std::allocator<void> >[m[K’}
[3.209s]   135 |       float range_min = scan_msg[01;31m[K->[m[Krange_min;
[3.209s]       |                                 [01;31m[K^~[m[K
[3.209s] [01m[K/home/autodrive/laser_ws/src/urg_node-ros2-devel/src/pointcloud_2d_to_3d.cpp:136:33:[m[K [01;31m[Kerror: [m[Kbase operand of ‘[01m[K->[m[K’ has non-pointer type ‘[01m[Kconst LaserScan[m[K’ {aka ‘[01m[Kconst sensor_msgs::msg::LaserScan_<std::allocator<void> >[m[K’}
[3.210s]   136 |       float range_max = scan_msg[01;31m[K->[m[Krange_max;
[3.210s]       |                                 [01;31m[K^~[m[K
[3.210s] [01m[K/home/autodrive/laser_ws/src/urg_node-ros2-devel/src/pointcloud_2d_to_3d.cpp:138:38:[m[K [01;31m[Kerror: [m[Kbase operand of ‘[01m[K->[m[K’ has non-pointer type ‘[01m[Kconst LaserScan[m[K’ {aka ‘[01m[Kconst sensor_msgs::msg::LaserScan_<std::allocator<void> >[m[K’}
[3.210s]   138 |       for (size_t i = 0; i < scan_msg[01;31m[K->[m[Kranges.size(); ++i)
[3.210s]       |                                      [01;31m[K^~[m[K
[3.211s] [01m[K/home/autodrive/laser_ws/src/urg_node-ros2-devel/src/pointcloud_2d_to_3d.cpp:140:33:[m[K [01;31m[Kerror: [m[Kbase operand of ‘[01m[K->[m[K’ has non-pointer type ‘[01m[Kconst LaserScan[m[K’ {aka ‘[01m[Kconst sensor_msgs::msg::LaserScan_<std::allocator<void> >[m[K’}
[3.211s]   140 |           float range = scan_msg[01;31m[K->[m[Kranges[i];
[3.212s]       |                                 [01;31m[K^~[m[K
[3.212s] [01m[K/home/autodrive/laser_ws/src/urg_node-ros2-devel/src/pointcloud_2d_to_3d.cpp:133:13:[m[K [01;35m[Kwarning: [m[Kunused variable ‘[01m[Kangle_max[m[K’ [[01;35m[K-Wunused-variable[m[K]
[3.212s]   133 |       float [01;35m[Kangle_max[m[K = scan_msg->angle_max;
[3.213s]       |             [01;35m[K^~~~~~~~~[m[K
[6.970s] make[2]: *** [CMakeFiles/pointcloud_2d_to_3d.dir/build.make:63: CMakeFiles/pointcloud_2d_to_3d.dir/src/pointcloud_2d_to_3d.cpp.o] Error 1
[6.971s] make[1]: *** [CMakeFiles/Makefile2:84: CMakeFiles/pointcloud_2d_to_3d.dir/all] Error 2
[6.971s] make: *** [Makefile:141: all] Error 2
[6.977s] Invoked command in '/home/autodrive/laser_ws/build/urg_node' returned '2': CMAKE_PREFIX_PATH=/opt/ros/foxy /usr/bin/cmake --build /home/autodrive/laser_ws/build/urg_node -- -j6 -l6
