[0.582s] DEBUG:colcon:Command line arguments: ['/usr/bin/colcon', 'build']
[0.583s] DEBUG:colcon:Parsed command line arguments: Namespace(allow_overriding=[], ament_cmake_args=None, base_paths=['.'], build_base='build', catkin_cmake_args=None, catkin_skip_building_tests=False, cmake_args=None, cmake_clean_cache=False, cmake_clean_first=False, cmake_force_configure=False, cmake_target=None, cmake_target_skip_unavailable=False, continue_on_error=False, event_handlers=None, executor='parallel', ignore_user_meta=False, install_base='install', log_base=None, log_level=None, main=<bound method BuildVerb.main of <colcon_core.verb.build.BuildVerb object at 0xffff963ba0a0>>, merge_install=False, metas=['./colcon.meta'], packages_above=None, packages_above_and_dependencies=None, packages_above_depth=None, packages_end=None, packages_ignore=None, packages_ignore_regex=None, packages_select=None, packages_select_build_failed=False, packages_select_by_dep=None, packages_select_regex=None, packages_select_test_failures=False, packages_skip=None, packages_skip_build_finished=False, packages_skip_by_dep=None, packages_skip_regex=None, packages_skip_test_passed=False, packages_skip_up_to=None, packages_start=None, packages_up_to=None, packages_up_to_regex=None, parallel_workers=6, paths=None, symlink_install=False, test_result_base=None, verb_extension=<colcon_core.verb.build.BuildVerb object at 0xffff963ba0a0>, verb_name='build', verb_parser=<colcon_defaults.argument_parser.defaults.DefaultArgumentsDecorator object at 0xffff963c9460>)
[0.960s] Level 1:colcon.colcon_core.package_discovery:discover_packages(colcon_meta) check parameters
[0.961s] Level 1:colcon.colcon_core.package_discovery:discover_packages(recursive) check parameters
[0.961s] Level 1:colcon.colcon_core.package_discovery:discover_packages(ignore) check parameters
[0.961s] Level 1:colcon.colcon_core.package_discovery:discover_packages(path) check parameters
[0.961s] Level 1:colcon.colcon_core.package_discovery:discover_packages(colcon_meta) discover
[0.961s] Level 1:colcon.colcon_core.package_discovery:discover_packages(recursive) discover
[0.961s] INFO:colcon.colcon_core.package_discovery:Crawling recursively for packages in '/home/autodrive/laser_ws'
[0.962s] Level 1:colcon.colcon_core.package_identification:_identify(.) by extensions ['ignore', 'ignore_ament_install']
[0.962s] Level 1:colcon.colcon_core.package_identification:_identify(.) by extension 'ignore'
[0.962s] Level 1:colcon.colcon_core.package_identification:_identify(.) by extension 'ignore_ament_install'
[0.962s] Level 1:colcon.colcon_core.package_identification:_identify(.) by extensions ['colcon_pkg']
[0.962s] Level 1:colcon.colcon_core.package_identification:_identify(.) by extension 'colcon_pkg'
[0.962s] Level 1:colcon.colcon_core.package_identification:_identify(.) by extensions ['colcon_meta']
[0.963s] Level 1:colcon.colcon_core.package_identification:_identify(.) by extension 'colcon_meta'
[0.963s] Level 1:colcon.colcon_core.package_identification:_identify(.) by extensions ['ros']
[0.963s] Level 1:colcon.colcon_core.package_identification:_identify(.) by extension 'ros'
[0.988s] Level 1:colcon.colcon_core.package_identification:_identify(.) by extensions ['cmake', 'python']
[0.988s] Level 1:colcon.colcon_core.package_identification:_identify(.) by extension 'cmake'
[0.989s] Level 1:colcon.colcon_core.package_identification:_identify(.) by extension 'python'
[0.989s] Level 1:colcon.colcon_core.package_identification:_identify(.) by extensions ['python_setup_py']
[0.989s] Level 1:colcon.colcon_core.package_identification:_identify(.) by extension 'python_setup_py'
[0.989s] Level 1:colcon.colcon_core.package_identification:_identify(build) by extensions ['ignore', 'ignore_ament_install']
[0.989s] Level 1:colcon.colcon_core.package_identification:_identify(build) by extension 'ignore'
[0.990s] Level 1:colcon.colcon_core.package_identification:_identify(build) ignored
[0.990s] Level 1:colcon.colcon_core.package_identification:_identify(install) by extensions ['ignore', 'ignore_ament_install']
[0.990s] Level 1:colcon.colcon_core.package_identification:_identify(install) by extension 'ignore'
[0.990s] Level 1:colcon.colcon_core.package_identification:_identify(install) ignored
[0.991s] Level 1:colcon.colcon_core.package_identification:_identify(log) by extensions ['ignore', 'ignore_ament_install']
[0.991s] Level 1:colcon.colcon_core.package_identification:_identify(log) by extension 'ignore'
[0.991s] Level 1:colcon.colcon_core.package_identification:_identify(log) ignored
[0.991s] Level 1:colcon.colcon_core.package_identification:_identify(src) by extensions ['ignore', 'ignore_ament_install']
[0.991s] Level 1:colcon.colcon_core.package_identification:_identify(src) by extension 'ignore'
[0.992s] Level 1:colcon.colcon_core.package_identification:_identify(src) by extension 'ignore_ament_install'
[0.992s] Level 1:colcon.colcon_core.package_identification:_identify(src) by extensions ['colcon_pkg']
[0.992s] Level 1:colcon.colcon_core.package_identification:_identify(src) by extension 'colcon_pkg'
[0.992s] Level 1:colcon.colcon_core.package_identification:_identify(src) by extensions ['colcon_meta']
[0.992s] Level 1:colcon.colcon_core.package_identification:_identify(src) by extension 'colcon_meta'
[0.992s] Level 1:colcon.colcon_core.package_identification:_identify(src) by extensions ['ros']
[0.992s] Level 1:colcon.colcon_core.package_identification:_identify(src) by extension 'ros'
[0.992s] Level 1:colcon.colcon_core.package_identification:_identify(src) by extensions ['cmake', 'python']
[0.993s] Level 1:colcon.colcon_core.package_identification:_identify(src) by extension 'cmake'
[0.993s] Level 1:colcon.colcon_core.package_identification:_identify(src) by extension 'python'
[0.993s] Level 1:colcon.colcon_core.package_identification:_identify(src) by extensions ['python_setup_py']
[0.993s] Level 1:colcon.colcon_core.package_identification:_identify(src) by extension 'python_setup_py'
[0.993s] Level 1:colcon.colcon_core.package_identification:_identify(src/imu) by extensions ['ignore', 'ignore_ament_install']
[0.993s] Level 1:colcon.colcon_core.package_identification:_identify(src/imu) by extension 'ignore'
[0.993s] Level 1:colcon.colcon_core.package_identification:_identify(src/imu) by extension 'ignore_ament_install'
[0.993s] Level 1:colcon.colcon_core.package_identification:_identify(src/imu) by extensions ['colcon_pkg']
[0.994s] Level 1:colcon.colcon_core.package_identification:_identify(src/imu) by extension 'colcon_pkg'
[0.994s] Level 1:colcon.colcon_core.package_identification:_identify(src/imu) by extensions ['colcon_meta']
[0.994s] Level 1:colcon.colcon_core.package_identification:_identify(src/imu) by extension 'colcon_meta'
[0.994s] Level 1:colcon.colcon_core.package_identification:_identify(src/imu) by extensions ['ros']
[0.994s] Level 1:colcon.colcon_core.package_identification:_identify(src/imu) by extension 'ros'
[1.001s] DEBUG:colcon.colcon_core.package_identification:Package 'src/imu' with type 'ros.ament_cmake' and name 'gnss_imu_sim'
[1.001s] Level 1:colcon.colcon_core.package_identification:_identify(src/keyboard_serial) by extensions ['ignore', 'ignore_ament_install']
[1.002s] Level 1:colcon.colcon_core.package_identification:_identify(src/keyboard_serial) by extension 'ignore'
[1.002s] Level 1:colcon.colcon_core.package_identification:_identify(src/keyboard_serial) by extension 'ignore_ament_install'
[1.002s] Level 1:colcon.colcon_core.package_identification:_identify(src/keyboard_serial) by extensions ['colcon_pkg']
[1.002s] Level 1:colcon.colcon_core.package_identification:_identify(src/keyboard_serial) by extension 'colcon_pkg'
[1.002s] Level 1:colcon.colcon_core.package_identification:_identify(src/keyboard_serial) by extensions ['colcon_meta']
[1.002s] Level 1:colcon.colcon_core.package_identification:_identify(src/keyboard_serial) by extension 'colcon_meta'
[1.002s] Level 1:colcon.colcon_core.package_identification:_identify(src/keyboard_serial) by extensions ['ros']
[1.002s] Level 1:colcon.colcon_core.package_identification:_identify(src/keyboard_serial) by extension 'ros'
[1.007s] DEBUG:colcon.colcon_core.package_identification:Package 'src/keyboard_serial' with type 'ros.ament_python' and name 'keyboard_serial'
[1.008s] Level 1:colcon.colcon_core.package_identification:_identify(src/point_cloud_subscriber) by extensions ['ignore', 'ignore_ament_install']
[1.008s] Level 1:colcon.colcon_core.package_identification:_identify(src/point_cloud_subscriber) by extension 'ignore'
[1.008s] Level 1:colcon.colcon_core.package_identification:_identify(src/point_cloud_subscriber) by extension 'ignore_ament_install'
[1.008s] Level 1:colcon.colcon_core.package_identification:_identify(src/point_cloud_subscriber) by extensions ['colcon_pkg']
[1.008s] Level 1:colcon.colcon_core.package_identification:_identify(src/point_cloud_subscriber) by extension 'colcon_pkg'
[1.009s] Level 1:colcon.colcon_core.package_identification:_identify(src/point_cloud_subscriber) by extensions ['colcon_meta']
[1.009s] Level 1:colcon.colcon_core.package_identification:_identify(src/point_cloud_subscriber) by extension 'colcon_meta'
[1.009s] Level 1:colcon.colcon_core.package_identification:_identify(src/point_cloud_subscriber) by extensions ['ros']
[1.009s] Level 1:colcon.colcon_core.package_identification:_identify(src/point_cloud_subscriber) by extension 'ros'
[1.011s] DEBUG:colcon.colcon_core.package_identification:Package 'src/point_cloud_subscriber' with type 'ros.ament_python' and name 'point_cloud_subscriber'
[1.011s] Level 1:colcon.colcon_core.package_identification:_identify(src/urg_node-ros2-devel) by extensions ['ignore', 'ignore_ament_install']
[1.011s] Level 1:colcon.colcon_core.package_identification:_identify(src/urg_node-ros2-devel) by extension 'ignore'
[1.011s] Level 1:colcon.colcon_core.package_identification:_identify(src/urg_node-ros2-devel) by extension 'ignore_ament_install'
[1.011s] Level 1:colcon.colcon_core.package_identification:_identify(src/urg_node-ros2-devel) by extensions ['colcon_pkg']
[1.012s] Level 1:colcon.colcon_core.package_identification:_identify(src/urg_node-ros2-devel) by extension 'colcon_pkg'
[1.012s] Level 1:colcon.colcon_core.package_identification:_identify(src/urg_node-ros2-devel) by extensions ['colcon_meta']
[1.012s] Level 1:colcon.colcon_core.package_identification:_identify(src/urg_node-ros2-devel) by extension 'colcon_meta'
[1.012s] Level 1:colcon.colcon_core.package_identification:_identify(src/urg_node-ros2-devel) by extensions ['ros']
[1.012s] Level 1:colcon.colcon_core.package_identification:_identify(src/urg_node-ros2-devel) by extension 'ros'
[1.021s] DEBUG:colcon.colcon_core.package_identification:Package 'src/urg_node-ros2-devel' with type 'ros.ament_cmake' and name 'urg_node'
[1.021s] Level 1:colcon.colcon_core.package_discovery:discover_packages(recursive) using defaults
[1.021s] Level 1:colcon.colcon_core.package_discovery:discover_packages(ignore) discover
[1.022s] Level 1:colcon.colcon_core.package_discovery:discover_packages(ignore) using defaults
[1.022s] Level 1:colcon.colcon_core.package_discovery:discover_packages(path) discover
[1.022s] Level 1:colcon.colcon_core.package_discovery:discover_packages(path) using defaults
[1.070s] Level 1:colcon.colcon_core.package_discovery:discover_packages(prefix_path) check parameters
[1.070s] Level 1:colcon.colcon_core.package_discovery:discover_packages(prefix_path) discover
[1.075s] DEBUG:colcon.colcon_installed_package_information.package_discovery:Found 272 installed packages in /opt/ros/foxy
[1.120s] Level 1:colcon.colcon_core.package_discovery:discover_packages(prefix_path) using defaults
[1.271s] Level 5:colcon.colcon_core.verb:set package 'gnss_imu_sim' build argument 'cmake_args' from command line to 'None'
[1.271s] Level 5:colcon.colcon_core.verb:set package 'gnss_imu_sim' build argument 'cmake_target' from command line to 'None'
[1.271s] Level 5:colcon.colcon_core.verb:set package 'gnss_imu_sim' build argument 'cmake_target_skip_unavailable' from command line to 'False'
[1.272s] Level 5:colcon.colcon_core.verb:set package 'gnss_imu_sim' build argument 'cmake_clean_cache' from command line to 'False'
[1.272s] Level 5:colcon.colcon_core.verb:set package 'gnss_imu_sim' build argument 'cmake_clean_first' from command line to 'False'
[1.272s] Level 5:colcon.colcon_core.verb:set package 'gnss_imu_sim' build argument 'cmake_force_configure' from command line to 'False'
[1.274s] Level 5:colcon.colcon_core.verb:set package 'gnss_imu_sim' build argument 'ament_cmake_args' from command line to 'None'
[1.274s] Level 5:colcon.colcon_core.verb:set package 'gnss_imu_sim' build argument 'catkin_cmake_args' from command line to 'None'
[1.275s] Level 5:colcon.colcon_core.verb:set package 'gnss_imu_sim' build argument 'catkin_skip_building_tests' from command line to 'False'
[1.275s] DEBUG:colcon.colcon_core.verb:Building package 'gnss_imu_sim' with the following arguments: {'ament_cmake_args': None, 'build_base': '/home/autodrive/laser_ws/build/gnss_imu_sim', 'catkin_cmake_args': None, 'catkin_skip_building_tests': False, 'cmake_args': None, 'cmake_clean_cache': False, 'cmake_clean_first': False, 'cmake_force_configure': False, 'cmake_target': None, 'cmake_target_skip_unavailable': False, 'install_base': '/home/autodrive/laser_ws/install/gnss_imu_sim', 'merge_install': False, 'path': '/home/autodrive/laser_ws/src/imu', 'symlink_install': False, 'test_result_base': None}
[1.276s] Level 5:colcon.colcon_core.verb:set package 'keyboard_serial' build argument 'cmake_args' from command line to 'None'
[1.277s] Level 5:colcon.colcon_core.verb:set package 'keyboard_serial' build argument 'cmake_target' from command line to 'None'
[1.277s] Level 5:colcon.colcon_core.verb:set package 'keyboard_serial' build argument 'cmake_target_skip_unavailable' from command line to 'False'
[1.277s] Level 5:colcon.colcon_core.verb:set package 'keyboard_serial' build argument 'cmake_clean_cache' from command line to 'False'
[1.277s] Level 5:colcon.colcon_core.verb:set package 'keyboard_serial' build argument 'cmake_clean_first' from command line to 'False'
[1.278s] Level 5:colcon.colcon_core.verb:set package 'keyboard_serial' build argument 'cmake_force_configure' from command line to 'False'
[1.278s] Level 5:colcon.colcon_core.verb:set package 'keyboard_serial' build argument 'ament_cmake_args' from command line to 'None'
[1.278s] Level 5:colcon.colcon_core.verb:set package 'keyboard_serial' build argument 'catkin_cmake_args' from command line to 'None'
[1.278s] Level 5:colcon.colcon_core.verb:set package 'keyboard_serial' build argument 'catkin_skip_building_tests' from command line to 'False'
[1.278s] DEBUG:colcon.colcon_core.verb:Building package 'keyboard_serial' with the following arguments: {'ament_cmake_args': None, 'build_base': '/home/autodrive/laser_ws/build/keyboard_serial', 'catkin_cmake_args': None, 'catkin_skip_building_tests': False, 'cmake_args': None, 'cmake_clean_cache': False, 'cmake_clean_first': False, 'cmake_force_configure': False, 'cmake_target': None, 'cmake_target_skip_unavailable': False, 'install_base': '/home/autodrive/laser_ws/install/keyboard_serial', 'merge_install': False, 'path': '/home/autodrive/laser_ws/src/keyboard_serial', 'symlink_install': False, 'test_result_base': None}
[1.279s] Level 5:colcon.colcon_core.verb:set package 'point_cloud_subscriber' build argument 'cmake_args' from command line to 'None'
[1.280s] Level 5:colcon.colcon_core.verb:set package 'point_cloud_subscriber' build argument 'cmake_target' from command line to 'None'
[1.280s] Level 5:colcon.colcon_core.verb:set package 'point_cloud_subscriber' build argument 'cmake_target_skip_unavailable' from command line to 'False'
[1.280s] Level 5:colcon.colcon_core.verb:set package 'point_cloud_subscriber' build argument 'cmake_clean_cache' from command line to 'False'
[1.280s] Level 5:colcon.colcon_core.verb:set package 'point_cloud_subscriber' build argument 'cmake_clean_first' from command line to 'False'
[1.280s] Level 5:colcon.colcon_core.verb:set package 'point_cloud_subscriber' build argument 'cmake_force_configure' from command line to 'False'
[1.281s] Level 5:colcon.colcon_core.verb:set package 'point_cloud_subscriber' build argument 'ament_cmake_args' from command line to 'None'
[1.281s] Level 5:colcon.colcon_core.verb:set package 'point_cloud_subscriber' build argument 'catkin_cmake_args' from command line to 'None'
[1.281s] Level 5:colcon.colcon_core.verb:set package 'point_cloud_subscriber' build argument 'catkin_skip_building_tests' from command line to 'False'
[1.281s] DEBUG:colcon.colcon_core.verb:Building package 'point_cloud_subscriber' with the following arguments: {'ament_cmake_args': None, 'build_base': '/home/autodrive/laser_ws/build/point_cloud_subscriber', 'catkin_cmake_args': None, 'catkin_skip_building_tests': False, 'cmake_args': None, 'cmake_clean_cache': False, 'cmake_clean_first': False, 'cmake_force_configure': False, 'cmake_target': None, 'cmake_target_skip_unavailable': False, 'install_base': '/home/autodrive/laser_ws/install/point_cloud_subscriber', 'merge_install': False, 'path': '/home/autodrive/laser_ws/src/point_cloud_subscriber', 'symlink_install': False, 'test_result_base': None}
[1.282s] Level 5:colcon.colcon_core.verb:set package 'urg_node' build argument 'cmake_args' from command line to 'None'
[1.283s] Level 5:colcon.colcon_core.verb:set package 'urg_node' build argument 'cmake_target' from command line to 'None'
[1.283s] Level 5:colcon.colcon_core.verb:set package 'urg_node' build argument 'cmake_target_skip_unavailable' from command line to 'False'
[1.283s] Level 5:colcon.colcon_core.verb:set package 'urg_node' build argument 'cmake_clean_cache' from command line to 'False'
[1.283s] Level 5:colcon.colcon_core.verb:set package 'urg_node' build argument 'cmake_clean_first' from command line to 'False'
[1.283s] Level 5:colcon.colcon_core.verb:set package 'urg_node' build argument 'cmake_force_configure' from command line to 'False'
[1.283s] Level 5:colcon.colcon_core.verb:set package 'urg_node' build argument 'ament_cmake_args' from command line to 'None'
[1.283s] Level 5:colcon.colcon_core.verb:set package 'urg_node' build argument 'catkin_cmake_args' from command line to 'None'
[1.283s] Level 5:colcon.colcon_core.verb:set package 'urg_node' build argument 'catkin_skip_building_tests' from command line to 'False'
[1.284s] DEBUG:colcon.colcon_core.verb:Building package 'urg_node' with the following arguments: {'ament_cmake_args': None, 'build_base': '/home/autodrive/laser_ws/build/urg_node', 'catkin_cmake_args': None, 'catkin_skip_building_tests': False, 'cmake_args': None, 'cmake_clean_cache': False, 'cmake_clean_first': False, 'cmake_force_configure': False, 'cmake_target': None, 'cmake_target_skip_unavailable': False, 'install_base': '/home/autodrive/laser_ws/install/urg_node', 'merge_install': False, 'path': '/home/autodrive/laser_ws/src/urg_node-ros2-devel', 'symlink_install': False, 'test_result_base': None}
[1.284s] INFO:colcon.colcon_core.executor:Executing jobs using 'parallel' executor
[1.287s] DEBUG:colcon.colcon_parallel_executor.executor.parallel:run_until_complete
[1.292s] INFO:colcon.colcon_ros.task.ament_cmake.build:Building ROS package in '/home/autodrive/laser_ws/src/imu' with build type 'ament_cmake'
[1.293s] INFO:colcon.colcon_cmake.task.cmake.build:Building CMake package in '/home/autodrive/laser_ws/src/imu'
[1.297s] INFO:colcon.colcon_core.plugin_system:Skipping extension 'colcon_core.shell.bat': Not used on non-Windows systems
[1.298s] INFO:colcon.colcon_core.shell:Skip shell extension 'powershell' for command environment: Not usable outside of PowerShell
[1.298s] DEBUG:colcon.colcon_core.shell:Skip shell extension 'dsv' for command environment
[1.311s] INFO:colcon.colcon_ros.task.ament_python.build:Building ROS package in '/home/autodrive/laser_ws/src/keyboard_serial' with build type 'ament_python'
[1.312s] Level 1:colcon.colcon_core.shell:create_environment_hook('keyboard_serial', 'ament_prefix_path')
[1.313s] INFO:colcon.colcon_core.shell:Creating environment hook '/home/autodrive/laser_ws/install/keyboard_serial/share/keyboard_serial/hook/ament_prefix_path.ps1'
[1.315s] INFO:colcon.colcon_core.shell:Creating environment descriptor '/home/autodrive/laser_ws/install/keyboard_serial/share/keyboard_serial/hook/ament_prefix_path.dsv'
[1.316s] INFO:colcon.colcon_core.shell:Creating environment hook '/home/autodrive/laser_ws/install/keyboard_serial/share/keyboard_serial/hook/ament_prefix_path.sh'
[1.318s] INFO:colcon.colcon_core.shell:Skip shell extension 'powershell' for command environment: Not usable outside of PowerShell
[1.318s] DEBUG:colcon.colcon_core.shell:Skip shell extension 'dsv' for command environment
[1.331s] INFO:colcon.colcon_ros.task.ament_python.build:Building ROS package in '/home/autodrive/laser_ws/src/point_cloud_subscriber' with build type 'ament_python'
[1.332s] Level 1:colcon.colcon_core.shell:create_environment_hook('point_cloud_subscriber', 'ament_prefix_path')
[1.333s] INFO:colcon.colcon_core.shell:Creating environment hook '/home/autodrive/laser_ws/install/point_cloud_subscriber/share/point_cloud_subscriber/hook/ament_prefix_path.ps1'
[1.336s] INFO:colcon.colcon_core.shell:Creating environment descriptor '/home/autodrive/laser_ws/install/point_cloud_subscriber/share/point_cloud_subscriber/hook/ament_prefix_path.dsv'
[1.337s] INFO:colcon.colcon_core.shell:Creating environment hook '/home/autodrive/laser_ws/install/point_cloud_subscriber/share/point_cloud_subscriber/hook/ament_prefix_path.sh'
[1.339s] INFO:colcon.colcon_core.shell:Skip shell extension 'powershell' for command environment: Not usable outside of PowerShell
[1.340s] DEBUG:colcon.colcon_core.shell:Skip shell extension 'dsv' for command environment
[1.355s] INFO:colcon.colcon_ros.task.ament_cmake.build:Building ROS package in '/home/autodrive/laser_ws/src/urg_node-ros2-devel' with build type 'ament_cmake'
[1.356s] INFO:colcon.colcon_cmake.task.cmake.build:Building CMake package in '/home/autodrive/laser_ws/src/urg_node-ros2-devel'
[1.358s] INFO:colcon.colcon_core.shell:Skip shell extension 'powershell' for command environment: Not usable outside of PowerShell
[1.359s] DEBUG:colcon.colcon_core.shell:Skip shell extension 'dsv' for command environment
[1.400s] DEBUG:colcon.colcon_core.event_handler.log_command:Invoking command in '/home/autodrive/laser_ws/build/gnss_imu_sim': CMAKE_PREFIX_PATH=/opt/ros/foxy /usr/bin/cmake --build /home/autodrive/laser_ws/build/gnss_imu_sim -- -j6 -l6
[2.017s] INFO:colcon.colcon_core.task.python.build:Building Python package in '/home/autodrive/laser_ws/src/keyboard_serial'
[2.018s] INFO:colcon.colcon_core.shell:Skip shell extension 'powershell' for command environment: Not usable outside of PowerShell
[2.019s] DEBUG:colcon.colcon_core.shell:Skip shell extension 'dsv' for command environment
[2.583s] INFO:colcon.colcon_core.task.python.build:Building Python package in '/home/autodrive/laser_ws/src/point_cloud_subscriber'
[2.585s] INFO:colcon.colcon_core.shell:Skip shell extension 'powershell' for command environment: Not usable outside of PowerShell
[2.585s] DEBUG:colcon.colcon_core.shell:Skip shell extension 'dsv' for command environment
[2.623s] DEBUG:colcon.colcon_core.event_handler.log_command:Invoking command in '/home/autodrive/laser_ws/build/urg_node': CMAKE_PREFIX_PATH=/opt/ros/foxy /usr/bin/cmake --build /home/autodrive/laser_ws/build/urg_node -- -j6 -l6
[2.631s] DEBUG:colcon.colcon_core.event_handler.log_command:Invoked command in '/home/autodrive/laser_ws/build/gnss_imu_sim' returned '0': CMAKE_PREFIX_PATH=/opt/ros/foxy /usr/bin/cmake --build /home/autodrive/laser_ws/build/gnss_imu_sim -- -j6 -l6
[2.674s] DEBUG:colcon.colcon_core.event_handler.log_command:Invoking command in '/home/autodrive/laser_ws/build/gnss_imu_sim': CMAKE_PREFIX_PATH=/opt/ros/foxy /usr/bin/cmake --install /home/autodrive/laser_ws/build/gnss_imu_sim
[2.758s] Level 1:colcon.colcon_core.environment:create_environment_scripts_only(gnss_imu_sim)
[2.760s] DEBUG:colcon.colcon_core.event_handler.log_command:Invoked command in '/home/autodrive/laser_ws/build/gnss_imu_sim' returned '0': CMAKE_PREFIX_PATH=/opt/ros/foxy /usr/bin/cmake --install /home/autodrive/laser_ws/build/gnss_imu_sim
[2.768s] Level 1:colcon.colcon_core.environment:checking '/home/autodrive/laser_ws/install/gnss_imu_sim' for CMake module files
[2.769s] Level 1:colcon.colcon_core.environment:checking '/home/autodrive/laser_ws/install/gnss_imu_sim' for CMake config files
[2.770s] Level 1:colcon.colcon_core.shell:create_environment_hook('gnss_imu_sim', 'cmake_prefix_path')
[2.771s] INFO:colcon.colcon_core.shell:Creating environment hook '/home/autodrive/laser_ws/install/gnss_imu_sim/share/gnss_imu_sim/hook/cmake_prefix_path.ps1'
[2.774s] INFO:colcon.colcon_core.shell:Creating environment descriptor '/home/autodrive/laser_ws/install/gnss_imu_sim/share/gnss_imu_sim/hook/cmake_prefix_path.dsv'
[2.776s] INFO:colcon.colcon_core.shell:Creating environment hook '/home/autodrive/laser_ws/install/gnss_imu_sim/share/gnss_imu_sim/hook/cmake_prefix_path.sh'
[2.778s] Level 1:colcon.colcon_core.environment:checking '/home/autodrive/laser_ws/install/gnss_imu_sim/lib'
[2.779s] Level 1:colcon.colcon_core.environment:checking '/home/autodrive/laser_ws/install/gnss_imu_sim/bin'
[2.780s] Level 1:colcon.colcon_core.environment:checking '/home/autodrive/laser_ws/install/gnss_imu_sim/lib/pkgconfig/gnss_imu_sim.pc'
[2.781s] Level 1:colcon.colcon_core.environment:checking '/home/autodrive/laser_ws/install/gnss_imu_sim/lib/python3.8/site-packages'
[2.782s] Level 1:colcon.colcon_core.environment:checking '/home/autodrive/laser_ws/install/gnss_imu_sim/bin'
[2.783s] INFO:colcon.colcon_core.shell:Creating package script '/home/autodrive/laser_ws/install/gnss_imu_sim/share/gnss_imu_sim/package.ps1'
[2.786s] INFO:colcon.colcon_core.shell:Creating package descriptor '/home/autodrive/laser_ws/install/gnss_imu_sim/share/gnss_imu_sim/package.dsv'
[2.790s] INFO:colcon.colcon_core.shell:Creating package script '/home/autodrive/laser_ws/install/gnss_imu_sim/share/gnss_imu_sim/package.sh'
[2.792s] INFO:colcon.colcon_core.shell:Creating package script '/home/autodrive/laser_ws/install/gnss_imu_sim/share/gnss_imu_sim/package.bash'
[2.795s] INFO:colcon.colcon_core.shell:Creating package script '/home/autodrive/laser_ws/install/gnss_imu_sim/share/gnss_imu_sim/package.zsh'
[2.798s] Level 1:colcon.colcon_core.environment:create_file_with_runtime_dependencies(/home/autodrive/laser_ws/install/gnss_imu_sim/share/colcon-core/packages/gnss_imu_sim)
[2.802s] Level 1:colcon.colcon_core.environment:create_environment_scripts_only(gnss_imu_sim)
[2.806s] Level 1:colcon.colcon_core.environment:checking '/home/autodrive/laser_ws/install/gnss_imu_sim' for CMake module files
[2.807s] Level 1:colcon.colcon_core.environment:checking '/home/autodrive/laser_ws/install/gnss_imu_sim' for CMake config files
[2.808s] Level 1:colcon.colcon_core.shell:create_environment_hook('gnss_imu_sim', 'cmake_prefix_path')
[2.810s] INFO:colcon.colcon_core.shell:Creating environment hook '/home/autodrive/laser_ws/install/gnss_imu_sim/share/gnss_imu_sim/hook/cmake_prefix_path.ps1'
[2.813s] INFO:colcon.colcon_core.shell:Creating environment descriptor '/home/autodrive/laser_ws/install/gnss_imu_sim/share/gnss_imu_sim/hook/cmake_prefix_path.dsv'
[2.815s] INFO:colcon.colcon_core.shell:Creating environment hook '/home/autodrive/laser_ws/install/gnss_imu_sim/share/gnss_imu_sim/hook/cmake_prefix_path.sh'
[2.817s] Level 1:colcon.colcon_core.environment:checking '/home/autodrive/laser_ws/install/gnss_imu_sim/lib'
[2.818s] Level 1:colcon.colcon_core.environment:checking '/home/autodrive/laser_ws/install/gnss_imu_sim/bin'
[2.818s] Level 1:colcon.colcon_core.environment:checking '/home/autodrive/laser_ws/install/gnss_imu_sim/lib/pkgconfig/gnss_imu_sim.pc'
[2.819s] Level 1:colcon.colcon_core.environment:checking '/home/autodrive/laser_ws/install/gnss_imu_sim/lib/python3.8/site-packages'
[2.819s] Level 1:colcon.colcon_core.environment:checking '/home/autodrive/laser_ws/install/gnss_imu_sim/bin'
[2.820s] INFO:colcon.colcon_core.shell:Creating package script '/home/autodrive/laser_ws/install/gnss_imu_sim/share/gnss_imu_sim/package.ps1'
[2.823s] INFO:colcon.colcon_core.shell:Creating package descriptor '/home/autodrive/laser_ws/install/gnss_imu_sim/share/gnss_imu_sim/package.dsv'
[2.828s] INFO:colcon.colcon_core.shell:Creating package script '/home/autodrive/laser_ws/install/gnss_imu_sim/share/gnss_imu_sim/package.sh'
[2.832s] INFO:colcon.colcon_core.shell:Creating package script '/home/autodrive/laser_ws/install/gnss_imu_sim/share/gnss_imu_sim/package.bash'
[2.833s] INFO:colcon.colcon_core.shell:Creating package script '/home/autodrive/laser_ws/install/gnss_imu_sim/share/gnss_imu_sim/package.zsh'
[2.835s] Level 1:colcon.colcon_core.environment:create_file_with_runtime_dependencies(/home/autodrive/laser_ws/install/gnss_imu_sim/share/colcon-core/packages/gnss_imu_sim)
[3.421s] DEBUG:colcon.colcon_core.event_handler.log_command:Invoked command in '/home/autodrive/laser_ws/build/urg_node' returned '0': CMAKE_PREFIX_PATH=/opt/ros/foxy /usr/bin/cmake --build /home/autodrive/laser_ws/build/urg_node -- -j6 -l6
[3.434s] DEBUG:colcon.colcon_core.event_handler.log_command:Invoking command in '/home/autodrive/laser_ws/build/urg_node': CMAKE_PREFIX_PATH=/opt/ros/foxy /usr/bin/cmake --install /home/autodrive/laser_ws/build/urg_node
[3.516s] Level 1:colcon.colcon_core.environment:create_environment_scripts_only(urg_node)
[3.517s] Level 1:colcon.colcon_core.environment:checking '/home/autodrive/laser_ws/install/urg_node' for CMake module files
[3.519s] Level 1:colcon.colcon_core.environment:checking '/home/autodrive/laser_ws/install/urg_node' for CMake config files
[3.519s] Level 1:colcon.colcon_core.shell:create_environment_hook('urg_node', 'cmake_prefix_path')
[3.520s] INFO:colcon.colcon_core.shell:Creating environment hook '/home/autodrive/laser_ws/install/urg_node/share/urg_node/hook/cmake_prefix_path.ps1'
[3.522s] INFO:colcon.colcon_core.shell:Creating environment descriptor '/home/autodrive/laser_ws/install/urg_node/share/urg_node/hook/cmake_prefix_path.dsv'
[3.523s] INFO:colcon.colcon_core.shell:Creating environment hook '/home/autodrive/laser_ws/install/urg_node/share/urg_node/hook/cmake_prefix_path.sh'
[3.524s] DEBUG:colcon.colcon_core.event_handler.log_command:Invoked command in '/home/autodrive/laser_ws/build/urg_node' returned '0': CMAKE_PREFIX_PATH=/opt/ros/foxy /usr/bin/cmake --install /home/autodrive/laser_ws/build/urg_node
[3.529s] Level 1:colcon.colcon_core.environment:checking '/home/autodrive/laser_ws/install/urg_node/lib'
[3.540s] Level 1:colcon.colcon_core.shell:create_environment_hook('urg_node', 'ld_library_path_lib')
[3.541s] INFO:colcon.colcon_core.shell:Creating environment hook '/home/autodrive/laser_ws/install/urg_node/share/urg_node/hook/ld_library_path_lib.ps1'
[3.545s] INFO:colcon.colcon_core.shell:Creating environment descriptor '/home/autodrive/laser_ws/install/urg_node/share/urg_node/hook/ld_library_path_lib.dsv'
[3.546s] INFO:colcon.colcon_core.shell:Creating environment hook '/home/autodrive/laser_ws/install/urg_node/share/urg_node/hook/ld_library_path_lib.sh'
[3.548s] Level 1:colcon.colcon_core.environment:checking '/home/autodrive/laser_ws/install/urg_node/bin'
[3.549s] Level 1:colcon.colcon_core.environment:checking '/home/autodrive/laser_ws/install/urg_node/lib/pkgconfig/urg_node.pc'
[3.550s] Level 1:colcon.colcon_core.environment:checking '/home/autodrive/laser_ws/install/urg_node/lib/python3.8/site-packages'
[3.550s] Level 1:colcon.colcon_core.environment:checking '/home/autodrive/laser_ws/install/urg_node/bin'
[3.551s] INFO:colcon.colcon_core.shell:Creating package script '/home/autodrive/laser_ws/install/urg_node/share/urg_node/package.ps1'
[3.554s] INFO:colcon.colcon_core.shell:Creating package descriptor '/home/autodrive/laser_ws/install/urg_node/share/urg_node/package.dsv'
[3.561s] INFO:colcon.colcon_core.shell:Creating package script '/home/autodrive/laser_ws/install/urg_node/share/urg_node/package.sh'
[3.563s] INFO:colcon.colcon_core.shell:Creating package script '/home/autodrive/laser_ws/install/urg_node/share/urg_node/package.bash'
[3.565s] INFO:colcon.colcon_core.shell:Creating package script '/home/autodrive/laser_ws/install/urg_node/share/urg_node/package.zsh'
[3.573s] Level 1:colcon.colcon_core.environment:create_file_with_runtime_dependencies(/home/autodrive/laser_ws/install/urg_node/share/colcon-core/packages/urg_node)
[3.575s] Level 1:colcon.colcon_core.environment:create_environment_scripts_only(urg_node)
[3.576s] Level 1:colcon.colcon_core.environment:checking '/home/autodrive/laser_ws/install/urg_node' for CMake module files
[3.578s] Level 1:colcon.colcon_core.environment:checking '/home/autodrive/laser_ws/install/urg_node' for CMake config files
[3.579s] Level 1:colcon.colcon_core.shell:create_environment_hook('urg_node', 'cmake_prefix_path')
[3.579s] INFO:colcon.colcon_core.shell:Creating environment hook '/home/autodrive/laser_ws/install/urg_node/share/urg_node/hook/cmake_prefix_path.ps1'
[3.586s] INFO:colcon.colcon_core.shell:Creating environment descriptor '/home/autodrive/laser_ws/install/urg_node/share/urg_node/hook/cmake_prefix_path.dsv'
[3.588s] INFO:colcon.colcon_core.shell:Creating environment hook '/home/autodrive/laser_ws/install/urg_node/share/urg_node/hook/cmake_prefix_path.sh'
[3.593s] Level 1:colcon.colcon_core.environment:checking '/home/autodrive/laser_ws/install/urg_node/lib'
[3.593s] Level 1:colcon.colcon_core.shell:create_environment_hook('urg_node', 'ld_library_path_lib')
[3.594s] INFO:colcon.colcon_core.shell:Creating environment hook '/home/autodrive/laser_ws/install/urg_node/share/urg_node/hook/ld_library_path_lib.ps1'
[3.596s] INFO:colcon.colcon_core.shell:Creating environment descriptor '/home/autodrive/laser_ws/install/urg_node/share/urg_node/hook/ld_library_path_lib.dsv'
[3.598s] INFO:colcon.colcon_core.shell:Creating environment hook '/home/autodrive/laser_ws/install/urg_node/share/urg_node/hook/ld_library_path_lib.sh'
[3.600s] Level 1:colcon.colcon_core.environment:checking '/home/autodrive/laser_ws/install/urg_node/bin'
[3.601s] Level 1:colcon.colcon_core.environment:checking '/home/autodrive/laser_ws/install/urg_node/lib/pkgconfig/urg_node.pc'
[3.601s] Level 1:colcon.colcon_core.environment:checking '/home/autodrive/laser_ws/install/urg_node/lib/python3.8/site-packages'
[3.602s] Level 1:colcon.colcon_core.environment:checking '/home/autodrive/laser_ws/install/urg_node/bin'
[3.603s] INFO:colcon.colcon_core.shell:Creating package script '/home/autodrive/laser_ws/install/urg_node/share/urg_node/package.ps1'
[3.605s] INFO:colcon.colcon_core.shell:Creating package descriptor '/home/autodrive/laser_ws/install/urg_node/share/urg_node/package.dsv'
[3.607s] INFO:colcon.colcon_core.shell:Creating package script '/home/autodrive/laser_ws/install/urg_node/share/urg_node/package.sh'
[3.609s] INFO:colcon.colcon_core.shell:Creating package script '/home/autodrive/laser_ws/install/urg_node/share/urg_node/package.bash'
[3.611s] INFO:colcon.colcon_core.shell:Creating package script '/home/autodrive/laser_ws/install/urg_node/share/urg_node/package.zsh'
[3.613s] Level 1:colcon.colcon_core.environment:create_file_with_runtime_dependencies(/home/autodrive/laser_ws/install/urg_node/share/colcon-core/packages/urg_node)
[4.343s] DEBUG:colcon.colcon_core.event_handler.log_command:Invoking command in '/home/autodrive/laser_ws/src/point_cloud_subscriber': PYTHONPATH=/home/autodrive/laser_ws/build/point_cloud_subscriber/prefix_override:/usr/lib/python3/dist-packages/colcon_core/task/python/colcon_distutils_commands:/home/autodrive/laser_ws/install/point_cloud_subscriber/lib/python3.8/site-packages:${PYTHONPATH} /usr/bin/python3 -W ignore:setup.py install is deprecated -W ignore:easy_install command is deprecated setup.py egg_info --egg-base ../../build/point_cloud_subscriber build --build-base /home/autodrive/laser_ws/build/point_cloud_subscriber/build install --record /home/autodrive/laser_ws/build/point_cloud_subscriber/install.log --single-version-externally-managed install_data
[4.387s] DEBUG:colcon.colcon_core.event_handler.log_command:Invoking command in '/home/autodrive/laser_ws/src/keyboard_serial': PYTHONPATH=/home/autodrive/laser_ws/build/keyboard_serial/prefix_override:/usr/lib/python3/dist-packages/colcon_core/task/python/colcon_distutils_commands:/home/autodrive/laser_ws/install/keyboard_serial/lib/python3.8/site-packages:${PYTHONPATH} /usr/bin/python3 -W ignore:setup.py install is deprecated -W ignore:easy_install command is deprecated setup.py egg_info --egg-base ../../build/keyboard_serial build --build-base /home/autodrive/laser_ws/build/keyboard_serial/build install --record /home/autodrive/laser_ws/build/keyboard_serial/install.log --install-scripts $base/lib/keyboard_serial --single-version-externally-managed install_data
[5.398s] Level 1:colcon.colcon_core.environment:checking '/home/autodrive/laser_ws/install/keyboard_serial' for CMake module files
[5.400s] Level 1:colcon.colcon_core.environment:checking '/home/autodrive/laser_ws/install/keyboard_serial' for CMake config files
[5.401s] Level 1:colcon.colcon_core.environment:checking '/home/autodrive/laser_ws/install/keyboard_serial/lib'
[5.401s] Level 1:colcon.colcon_core.environment:checking '/home/autodrive/laser_ws/install/keyboard_serial/bin'
[5.402s] Level 1:colcon.colcon_core.environment:checking '/home/autodrive/laser_ws/install/keyboard_serial/lib/pkgconfig/keyboard_serial.pc'
[5.402s] Level 1:colcon.colcon_core.environment:checking '/home/autodrive/laser_ws/install/keyboard_serial/lib/python3.8/site-packages'
[5.402s] Level 1:colcon.colcon_core.shell:create_environment_hook('keyboard_serial', 'pythonpath')
[5.403s] INFO:colcon.colcon_core.shell:Creating environment hook '/home/autodrive/laser_ws/install/keyboard_serial/share/keyboard_serial/hook/pythonpath.ps1'
[5.405s] DEBUG:colcon.colcon_core.event_handler.log_command:Invoked command in '/home/autodrive/laser_ws/src/keyboard_serial' returned '0': PYTHONPATH=/home/autodrive/laser_ws/build/keyboard_serial/prefix_override:/usr/lib/python3/dist-packages/colcon_core/task/python/colcon_distutils_commands:/home/autodrive/laser_ws/install/keyboard_serial/lib/python3.8/site-packages:${PYTHONPATH} /usr/bin/python3 -W ignore:setup.py install is deprecated -W ignore:easy_install command is deprecated setup.py egg_info --egg-base ../../build/keyboard_serial build --build-base /home/autodrive/laser_ws/build/keyboard_serial/build install --record /home/autodrive/laser_ws/build/keyboard_serial/install.log --install-scripts $base/lib/keyboard_serial --single-version-externally-managed install_data
[5.407s] INFO:colcon.colcon_core.shell:Creating environment descriptor '/home/autodrive/laser_ws/install/keyboard_serial/share/keyboard_serial/hook/pythonpath.dsv'
[5.427s] INFO:colcon.colcon_core.shell:Creating environment hook '/home/autodrive/laser_ws/install/keyboard_serial/share/keyboard_serial/hook/pythonpath.sh'
[5.430s] Level 1:colcon.colcon_core.environment:checking '/home/autodrive/laser_ws/install/keyboard_serial/bin'
[5.430s] Level 1:colcon.colcon_core.environment:create_environment_scripts_only(keyboard_serial)
[5.431s] INFO:colcon.colcon_core.shell:Creating package script '/home/autodrive/laser_ws/install/keyboard_serial/share/keyboard_serial/package.ps1'
[5.433s] INFO:colcon.colcon_core.shell:Creating package descriptor '/home/autodrive/laser_ws/install/keyboard_serial/share/keyboard_serial/package.dsv'
[5.434s] INFO:colcon.colcon_core.shell:Creating package script '/home/autodrive/laser_ws/install/keyboard_serial/share/keyboard_serial/package.sh'
[5.435s] INFO:colcon.colcon_core.shell:Creating package script '/home/autodrive/laser_ws/install/keyboard_serial/share/keyboard_serial/package.bash'
[5.436s] INFO:colcon.colcon_core.shell:Creating package script '/home/autodrive/laser_ws/install/keyboard_serial/share/keyboard_serial/package.zsh'
[5.437s] Level 1:colcon.colcon_core.environment:create_file_with_runtime_dependencies(/home/autodrive/laser_ws/install/keyboard_serial/share/colcon-core/packages/keyboard_serial)
[5.565s] Level 1:colcon.colcon_core.environment:checking '/home/autodrive/laser_ws/install/point_cloud_subscriber' for CMake module files
[5.566s] Level 1:colcon.colcon_core.environment:checking '/home/autodrive/laser_ws/install/point_cloud_subscriber' for CMake config files
[5.567s] Level 1:colcon.colcon_core.environment:checking '/home/autodrive/laser_ws/install/point_cloud_subscriber/lib'
[5.567s] Level 1:colcon.colcon_core.environment:checking '/home/autodrive/laser_ws/install/point_cloud_subscriber/bin'
[5.568s] Level 1:colcon.colcon_core.environment:checking '/home/autodrive/laser_ws/install/point_cloud_subscriber/lib/pkgconfig/point_cloud_subscriber.pc'
[5.568s] Level 1:colcon.colcon_core.environment:checking '/home/autodrive/laser_ws/install/point_cloud_subscriber/lib/python3.8/site-packages'
[5.569s] DEBUG:colcon.colcon_core.event_handler.log_command:Invoked command in '/home/autodrive/laser_ws/src/point_cloud_subscriber' returned '0': PYTHONPATH=/home/autodrive/laser_ws/build/point_cloud_subscriber/prefix_override:/usr/lib/python3/dist-packages/colcon_core/task/python/colcon_distutils_commands:/home/autodrive/laser_ws/install/point_cloud_subscriber/lib/python3.8/site-packages:${PYTHONPATH} /usr/bin/python3 -W ignore:setup.py install is deprecated -W ignore:easy_install command is deprecated setup.py egg_info --egg-base ../../build/point_cloud_subscriber build --build-base /home/autodrive/laser_ws/build/point_cloud_subscriber/build install --record /home/autodrive/laser_ws/build/point_cloud_subscriber/install.log --single-version-externally-managed install_data
[5.570s] Level 1:colcon.colcon_core.shell:create_environment_hook('point_cloud_subscriber', 'pythonpath')
[5.571s] INFO:colcon.colcon_core.shell:Creating environment hook '/home/autodrive/laser_ws/install/point_cloud_subscriber/share/point_cloud_subscriber/hook/pythonpath.ps1'
[5.581s] INFO:colcon.colcon_core.shell:Creating environment descriptor '/home/autodrive/laser_ws/install/point_cloud_subscriber/share/point_cloud_subscriber/hook/pythonpath.dsv'
[5.583s] INFO:colcon.colcon_core.shell:Creating environment hook '/home/autodrive/laser_ws/install/point_cloud_subscriber/share/point_cloud_subscriber/hook/pythonpath.sh'
[5.586s] Level 1:colcon.colcon_core.environment:checking '/home/autodrive/laser_ws/install/point_cloud_subscriber/bin'
[5.586s] Level 1:colcon.colcon_core.environment:create_environment_scripts_only(point_cloud_subscriber)
[5.587s] INFO:colcon.colcon_core.shell:Creating package script '/home/autodrive/laser_ws/install/point_cloud_subscriber/share/point_cloud_subscriber/package.ps1'
[5.589s] INFO:colcon.colcon_core.shell:Creating package descriptor '/home/autodrive/laser_ws/install/point_cloud_subscriber/share/point_cloud_subscriber/package.dsv'
[5.591s] INFO:colcon.colcon_core.shell:Creating package script '/home/autodrive/laser_ws/install/point_cloud_subscriber/share/point_cloud_subscriber/package.sh'
[5.599s] INFO:colcon.colcon_core.shell:Creating package script '/home/autodrive/laser_ws/install/point_cloud_subscriber/share/point_cloud_subscriber/package.bash'
[5.601s] INFO:colcon.colcon_core.shell:Creating package script '/home/autodrive/laser_ws/install/point_cloud_subscriber/share/point_cloud_subscriber/package.zsh'
[5.603s] Level 1:colcon.colcon_core.environment:create_file_with_runtime_dependencies(/home/autodrive/laser_ws/install/point_cloud_subscriber/share/colcon-core/packages/point_cloud_subscriber)
[5.606s] DEBUG:colcon.colcon_parallel_executor.executor.parallel:closing loop
[5.607s] DEBUG:colcon.colcon_parallel_executor.executor.parallel:loop closed
[5.608s] DEBUG:colcon.colcon_parallel_executor.executor.parallel:run_until_complete finished with '0'
[5.608s] DEBUG:colcon.colcon_core.event_reactor:joining thread
[5.625s] INFO:colcon.colcon_core.plugin_system:Skipping extension 'colcon_notification.desktop_notification.terminal_notifier': Not used on non-Darwin systems
[5.636s] INFO:colcon.colcon_core.plugin_system:Skipping extension 'colcon_notification.desktop_notification.win32': Not used on non-Windows systems
[5.637s] INFO:colcon.colcon_notification.desktop_notification:Sending desktop notification using 'notify2'
[5.674s] DEBUG:colcon.colcon_core.event_reactor:joined thread
[5.675s] INFO:colcon.colcon_core.shell:Creating prefix script '/home/autodrive/laser_ws/install/local_setup.ps1'
[5.678s] INFO:colcon.colcon_core.shell:Creating prefix util module '/home/autodrive/laser_ws/install/_local_setup_util_ps1.py'
[5.684s] INFO:colcon.colcon_core.shell:Creating prefix chain script '/home/autodrive/laser_ws/install/setup.ps1'
[5.687s] INFO:colcon.colcon_core.shell:Creating prefix script '/home/autodrive/laser_ws/install/local_setup.sh'
[5.690s] INFO:colcon.colcon_core.shell:Creating prefix util module '/home/autodrive/laser_ws/install/_local_setup_util_sh.py'
[5.694s] INFO:colcon.colcon_core.shell:Creating prefix chain script '/home/autodrive/laser_ws/install/setup.sh'
[5.697s] INFO:colcon.colcon_core.shell:Creating prefix script '/home/autodrive/laser_ws/install/local_setup.bash'
[5.699s] INFO:colcon.colcon_core.shell:Creating prefix chain script '/home/autodrive/laser_ws/install/setup.bash'
[5.702s] INFO:colcon.colcon_core.shell:Creating prefix script '/home/autodrive/laser_ws/install/local_setup.zsh'
[5.704s] INFO:colcon.colcon_core.shell:Creating prefix chain script '/home/autodrive/laser_ws/install/setup.zsh'
