[0.502s] DEBUG:colcon:Command line arguments: ['/usr/bin/colcon', 'build']
[0.502s] DEBUG:colcon:Parsed command line arguments: Namespace(allow_overriding=[], ament_cmake_args=None, base_paths=['.'], build_base='build', catkin_cmake_args=None, catkin_skip_building_tests=False, cmake_args=None, cmake_clean_cache=False, cmake_clean_first=False, cmake_force_configure=False, cmake_target=None, cmake_target_skip_unavailable=False, continue_on_error=False, event_handlers=None, executor='parallel', ignore_user_meta=False, install_base='install', log_base=None, log_level=None, main=<bound method BuildVerb.main of <colcon_core.verb.build.BuildVerb object at 0xffffb5a3b100>>, merge_install=False, metas=['./colcon.meta'], packages_above=None, packages_above_and_dependencies=None, packages_above_depth=None, packages_end=None, packages_ignore=None, packages_ignore_regex=None, packages_select=None, packages_select_build_failed=False, packages_select_by_dep=None, packages_select_regex=None, packages_select_test_failures=False, packages_skip=None, packages_skip_build_finished=False, packages_skip_by_dep=None, packages_skip_regex=None, packages_skip_test_passed=False, packages_skip_up_to=None, packages_start=None, packages_up_to=None, packages_up_to_regex=None, parallel_workers=6, paths=None, symlink_install=False, test_result_base=None, verb_extension=<colcon_core.verb.build.BuildVerb object at 0xffffb5a3b100>, verb_name='build', verb_parser=<colcon_defaults.argument_parser.defaults.DefaultArgumentsDecorator object at 0xffffb5a3b790>)
[0.989s] Level 1:colcon.colcon_core.package_discovery:discover_packages(colcon_meta) check parameters
[0.989s] Level 1:colcon.colcon_core.package_discovery:discover_packages(recursive) check parameters
[0.989s] Level 1:colcon.colcon_core.package_discovery:discover_packages(ignore) check parameters
[0.990s] Level 1:colcon.colcon_core.package_discovery:discover_packages(path) check parameters
[0.990s] Level 1:colcon.colcon_core.package_discovery:discover_packages(colcon_meta) discover
[0.990s] Level 1:colcon.colcon_core.package_discovery:discover_packages(recursive) discover
[0.990s] INFO:colcon.colcon_core.package_discovery:Crawling recursively for packages in '/home/autodrive/laser_ws'
[0.990s] Level 1:colcon.colcon_core.package_identification:_identify(.) by extensions ['ignore', 'ignore_ament_install']
[0.990s] Level 1:colcon.colcon_core.package_identification:_identify(.) by extension 'ignore'
[0.991s] Level 1:colcon.colcon_core.package_identification:_identify(.) by extension 'ignore_ament_install'
[0.991s] Level 1:colcon.colcon_core.package_identification:_identify(.) by extensions ['colcon_pkg']
[0.991s] Level 1:colcon.colcon_core.package_identification:_identify(.) by extension 'colcon_pkg'
[0.991s] Level 1:colcon.colcon_core.package_identification:_identify(.) by extensions ['colcon_meta']
[0.991s] Level 1:colcon.colcon_core.package_identification:_identify(.) by extension 'colcon_meta'
[0.991s] Level 1:colcon.colcon_core.package_identification:_identify(.) by extensions ['ros']
[0.991s] Level 1:colcon.colcon_core.package_identification:_identify(.) by extension 'ros'
[1.017s] Level 1:colcon.colcon_core.package_identification:_identify(.) by extensions ['cmake', 'python']
[1.017s] Level 1:colcon.colcon_core.package_identification:_identify(.) by extension 'cmake'
[1.017s] Level 1:colcon.colcon_core.package_identification:_identify(.) by extension 'python'
[1.018s] Level 1:colcon.colcon_core.package_identification:_identify(.) by extensions ['python_setup_py']
[1.018s] Level 1:colcon.colcon_core.package_identification:_identify(.) by extension 'python_setup_py'
[1.018s] Level 1:colcon.colcon_core.package_identification:_identify(build) by extensions ['ignore', 'ignore_ament_install']
[1.018s] Level 1:colcon.colcon_core.package_identification:_identify(build) by extension 'ignore'
[1.018s] Level 1:colcon.colcon_core.package_identification:_identify(build) ignored
[1.019s] Level 1:colcon.colcon_core.package_identification:_identify(install) by extensions ['ignore', 'ignore_ament_install']
[1.019s] Level 1:colcon.colcon_core.package_identification:_identify(install) by extension 'ignore'
[1.020s] Level 1:colcon.colcon_core.package_identification:_identify(install) ignored
[1.020s] Level 1:colcon.colcon_core.package_identification:_identify(log) by extensions ['ignore', 'ignore_ament_install']
[1.020s] Level 1:colcon.colcon_core.package_identification:_identify(log) by extension 'ignore'
[1.021s] Level 1:colcon.colcon_core.package_identification:_identify(log) ignored
[1.021s] Level 1:colcon.colcon_core.package_identification:_identify(src) by extensions ['ignore', 'ignore_ament_install']
[1.021s] Level 1:colcon.colcon_core.package_identification:_identify(src) by extension 'ignore'
[1.021s] Level 1:colcon.colcon_core.package_identification:_identify(src) by extension 'ignore_ament_install'
[1.021s] Level 1:colcon.colcon_core.package_identification:_identify(src) by extensions ['colcon_pkg']
[1.021s] Level 1:colcon.colcon_core.package_identification:_identify(src) by extension 'colcon_pkg'
[1.021s] Level 1:colcon.colcon_core.package_identification:_identify(src) by extensions ['colcon_meta']
[1.021s] Level 1:colcon.colcon_core.package_identification:_identify(src) by extension 'colcon_meta'
[1.022s] Level 1:colcon.colcon_core.package_identification:_identify(src) by extensions ['ros']
[1.022s] Level 1:colcon.colcon_core.package_identification:_identify(src) by extension 'ros'
[1.022s] Level 1:colcon.colcon_core.package_identification:_identify(src) by extensions ['cmake', 'python']
[1.022s] Level 1:colcon.colcon_core.package_identification:_identify(src) by extension 'cmake'
[1.022s] Level 1:colcon.colcon_core.package_identification:_identify(src) by extension 'python'
[1.022s] Level 1:colcon.colcon_core.package_identification:_identify(src) by extensions ['python_setup_py']
[1.022s] Level 1:colcon.colcon_core.package_identification:_identify(src) by extension 'python_setup_py'
[1.022s] Level 1:colcon.colcon_core.package_identification:_identify(src/imu) by extensions ['ignore', 'ignore_ament_install']
[1.023s] Level 1:colcon.colcon_core.package_identification:_identify(src/imu) by extension 'ignore'
[1.023s] Level 1:colcon.colcon_core.package_identification:_identify(src/imu) by extension 'ignore_ament_install'
[1.023s] Level 1:colcon.colcon_core.package_identification:_identify(src/imu) by extensions ['colcon_pkg']
[1.023s] Level 1:colcon.colcon_core.package_identification:_identify(src/imu) by extension 'colcon_pkg'
[1.023s] Level 1:colcon.colcon_core.package_identification:_identify(src/imu) by extensions ['colcon_meta']
[1.023s] Level 1:colcon.colcon_core.package_identification:_identify(src/imu) by extension 'colcon_meta'
[1.023s] Level 1:colcon.colcon_core.package_identification:_identify(src/imu) by extensions ['ros']
[1.023s] Level 1:colcon.colcon_core.package_identification:_identify(src/imu) by extension 'ros'
[1.029s] DEBUG:colcon.colcon_core.package_identification:Package 'src/imu' with type 'ros.ament_cmake' and name 'gnss_imu_sim'
[1.029s] Level 1:colcon.colcon_core.package_identification:_identify(src/keyboard_serial) by extensions ['ignore', 'ignore_ament_install']
[1.030s] Level 1:colcon.colcon_core.package_identification:_identify(src/keyboard_serial) by extension 'ignore'
[1.030s] Level 1:colcon.colcon_core.package_identification:_identify(src/keyboard_serial) by extension 'ignore_ament_install'
[1.030s] Level 1:colcon.colcon_core.package_identification:_identify(src/keyboard_serial) by extensions ['colcon_pkg']
[1.030s] Level 1:colcon.colcon_core.package_identification:_identify(src/keyboard_serial) by extension 'colcon_pkg'
[1.030s] Level 1:colcon.colcon_core.package_identification:_identify(src/keyboard_serial) by extensions ['colcon_meta']
[1.030s] Level 1:colcon.colcon_core.package_identification:_identify(src/keyboard_serial) by extension 'colcon_meta'
[1.030s] Level 1:colcon.colcon_core.package_identification:_identify(src/keyboard_serial) by extensions ['ros']
[1.030s] Level 1:colcon.colcon_core.package_identification:_identify(src/keyboard_serial) by extension 'ros'
[1.032s] DEBUG:colcon.colcon_core.package_identification:Package 'src/keyboard_serial' with type 'ros.ament_python' and name 'keyboard_serial'
[1.032s] Level 1:colcon.colcon_core.package_identification:_identify(src/point_cloud_subscriber) by extensions ['ignore', 'ignore_ament_install']
[1.032s] Level 1:colcon.colcon_core.package_identification:_identify(src/point_cloud_subscriber) by extension 'ignore'
[1.032s] Level 1:colcon.colcon_core.package_identification:_identify(src/point_cloud_subscriber) by extension 'ignore_ament_install'
[1.033s] Level 1:colcon.colcon_core.package_identification:_identify(src/point_cloud_subscriber) by extensions ['colcon_pkg']
[1.033s] Level 1:colcon.colcon_core.package_identification:_identify(src/point_cloud_subscriber) by extension 'colcon_pkg'
[1.033s] Level 1:colcon.colcon_core.package_identification:_identify(src/point_cloud_subscriber) by extensions ['colcon_meta']
[1.033s] Level 1:colcon.colcon_core.package_identification:_identify(src/point_cloud_subscriber) by extension 'colcon_meta'
[1.033s] Level 1:colcon.colcon_core.package_identification:_identify(src/point_cloud_subscriber) by extensions ['ros']
[1.033s] Level 1:colcon.colcon_core.package_identification:_identify(src/point_cloud_subscriber) by extension 'ros'
[1.034s] DEBUG:colcon.colcon_core.package_identification:Package 'src/point_cloud_subscriber' with type 'ros.ament_python' and name 'point_cloud_subscriber'
[1.034s] Level 1:colcon.colcon_core.package_identification:_identify(src/urg_node-ros2-devel) by extensions ['ignore', 'ignore_ament_install']
[1.034s] Level 1:colcon.colcon_core.package_identification:_identify(src/urg_node-ros2-devel) by extension 'ignore'
[1.034s] Level 1:colcon.colcon_core.package_identification:_identify(src/urg_node-ros2-devel) by extension 'ignore_ament_install'
[1.035s] Level 1:colcon.colcon_core.package_identification:_identify(src/urg_node-ros2-devel) by extensions ['colcon_pkg']
[1.035s] Level 1:colcon.colcon_core.package_identification:_identify(src/urg_node-ros2-devel) by extension 'colcon_pkg'
[1.035s] Level 1:colcon.colcon_core.package_identification:_identify(src/urg_node-ros2-devel) by extensions ['colcon_meta']
[1.035s] Level 1:colcon.colcon_core.package_identification:_identify(src/urg_node-ros2-devel) by extension 'colcon_meta'
[1.035s] Level 1:colcon.colcon_core.package_identification:_identify(src/urg_node-ros2-devel) by extensions ['ros']
[1.035s] Level 1:colcon.colcon_core.package_identification:_identify(src/urg_node-ros2-devel) by extension 'ros'
[1.037s] DEBUG:colcon.colcon_core.package_identification:Package 'src/urg_node-ros2-devel' with type 'ros.ament_cmake' and name 'urg_node'
[1.038s] Level 1:colcon.colcon_core.package_discovery:discover_packages(recursive) using defaults
[1.038s] Level 1:colcon.colcon_core.package_discovery:discover_packages(ignore) discover
[1.038s] Level 1:colcon.colcon_core.package_discovery:discover_packages(ignore) using defaults
[1.038s] Level 1:colcon.colcon_core.package_discovery:discover_packages(path) discover
[1.038s] Level 1:colcon.colcon_core.package_discovery:discover_packages(path) using defaults
[1.072s] Level 1:colcon.colcon_core.package_discovery:discover_packages(prefix_path) check parameters
[1.072s] Level 1:colcon.colcon_core.package_discovery:discover_packages(prefix_path) discover
[1.076s] DEBUG:colcon.colcon_installed_package_information.package_discovery:Found 4 installed packages in /home/autodrive/laser_ws/install
[1.078s] DEBUG:colcon.colcon_installed_package_information.package_discovery:Found 272 installed packages in /opt/ros/foxy
[1.112s] Level 1:colcon.colcon_core.package_discovery:discover_packages(prefix_path) using defaults
[1.239s] Level 5:colcon.colcon_core.verb:set package 'gnss_imu_sim' build argument 'cmake_args' from command line to 'None'
[1.240s] Level 5:colcon.colcon_core.verb:set package 'gnss_imu_sim' build argument 'cmake_target' from command line to 'None'
[1.240s] Level 5:colcon.colcon_core.verb:set package 'gnss_imu_sim' build argument 'cmake_target_skip_unavailable' from command line to 'False'
[1.240s] Level 5:colcon.colcon_core.verb:set package 'gnss_imu_sim' build argument 'cmake_clean_cache' from command line to 'False'
[1.240s] Level 5:colcon.colcon_core.verb:set package 'gnss_imu_sim' build argument 'cmake_clean_first' from command line to 'False'
[1.240s] Level 5:colcon.colcon_core.verb:set package 'gnss_imu_sim' build argument 'cmake_force_configure' from command line to 'False'
[1.240s] Level 5:colcon.colcon_core.verb:set package 'gnss_imu_sim' build argument 'ament_cmake_args' from command line to 'None'
[1.240s] Level 5:colcon.colcon_core.verb:set package 'gnss_imu_sim' build argument 'catkin_cmake_args' from command line to 'None'
[1.240s] Level 5:colcon.colcon_core.verb:set package 'gnss_imu_sim' build argument 'catkin_skip_building_tests' from command line to 'False'
[1.240s] DEBUG:colcon.colcon_core.verb:Building package 'gnss_imu_sim' with the following arguments: {'ament_cmake_args': None, 'build_base': '/home/autodrive/laser_ws/build/gnss_imu_sim', 'catkin_cmake_args': None, 'catkin_skip_building_tests': False, 'cmake_args': None, 'cmake_clean_cache': False, 'cmake_clean_first': False, 'cmake_force_configure': False, 'cmake_target': None, 'cmake_target_skip_unavailable': False, 'install_base': '/home/autodrive/laser_ws/install/gnss_imu_sim', 'merge_install': False, 'path': '/home/autodrive/laser_ws/src/imu', 'symlink_install': False, 'test_result_base': None}
[1.241s] Level 5:colcon.colcon_core.verb:set package 'keyboard_serial' build argument 'cmake_args' from command line to 'None'
[1.241s] Level 5:colcon.colcon_core.verb:set package 'keyboard_serial' build argument 'cmake_target' from command line to 'None'
[1.241s] Level 5:colcon.colcon_core.verb:set package 'keyboard_serial' build argument 'cmake_target_skip_unavailable' from command line to 'False'
[1.241s] Level 5:colcon.colcon_core.verb:set package 'keyboard_serial' build argument 'cmake_clean_cache' from command line to 'False'
[1.241s] Level 5:colcon.colcon_core.verb:set package 'keyboard_serial' build argument 'cmake_clean_first' from command line to 'False'
[1.241s] Level 5:colcon.colcon_core.verb:set package 'keyboard_serial' build argument 'cmake_force_configure' from command line to 'False'
[1.241s] Level 5:colcon.colcon_core.verb:set package 'keyboard_serial' build argument 'ament_cmake_args' from command line to 'None'
[1.241s] Level 5:colcon.colcon_core.verb:set package 'keyboard_serial' build argument 'catkin_cmake_args' from command line to 'None'
[1.241s] Level 5:colcon.colcon_core.verb:set package 'keyboard_serial' build argument 'catkin_skip_building_tests' from command line to 'False'
[1.242s] DEBUG:colcon.colcon_core.verb:Building package 'keyboard_serial' with the following arguments: {'ament_cmake_args': None, 'build_base': '/home/autodrive/laser_ws/build/keyboard_serial', 'catkin_cmake_args': None, 'catkin_skip_building_tests': False, 'cmake_args': None, 'cmake_clean_cache': False, 'cmake_clean_first': False, 'cmake_force_configure': False, 'cmake_target': None, 'cmake_target_skip_unavailable': False, 'install_base': '/home/autodrive/laser_ws/install/keyboard_serial', 'merge_install': False, 'path': '/home/autodrive/laser_ws/src/keyboard_serial', 'symlink_install': False, 'test_result_base': None}
[1.242s] Level 5:colcon.colcon_core.verb:set package 'point_cloud_subscriber' build argument 'cmake_args' from command line to 'None'
[1.242s] Level 5:colcon.colcon_core.verb:set package 'point_cloud_subscriber' build argument 'cmake_target' from command line to 'None'
[1.242s] Level 5:colcon.colcon_core.verb:set package 'point_cloud_subscriber' build argument 'cmake_target_skip_unavailable' from command line to 'False'
[1.242s] Level 5:colcon.colcon_core.verb:set package 'point_cloud_subscriber' build argument 'cmake_clean_cache' from command line to 'False'
[1.242s] Level 5:colcon.colcon_core.verb:set package 'point_cloud_subscriber' build argument 'cmake_clean_first' from command line to 'False'
[1.243s] Level 5:colcon.colcon_core.verb:set package 'point_cloud_subscriber' build argument 'cmake_force_configure' from command line to 'False'
[1.243s] Level 5:colcon.colcon_core.verb:set package 'point_cloud_subscriber' build argument 'ament_cmake_args' from command line to 'None'
[1.243s] Level 5:colcon.colcon_core.verb:set package 'point_cloud_subscriber' build argument 'catkin_cmake_args' from command line to 'None'
[1.243s] Level 5:colcon.colcon_core.verb:set package 'point_cloud_subscriber' build argument 'catkin_skip_building_tests' from command line to 'False'
[1.243s] DEBUG:colcon.colcon_core.verb:Building package 'point_cloud_subscriber' with the following arguments: {'ament_cmake_args': None, 'build_base': '/home/autodrive/laser_ws/build/point_cloud_subscriber', 'catkin_cmake_args': None, 'catkin_skip_building_tests': False, 'cmake_args': None, 'cmake_clean_cache': False, 'cmake_clean_first': False, 'cmake_force_configure': False, 'cmake_target': None, 'cmake_target_skip_unavailable': False, 'install_base': '/home/autodrive/laser_ws/install/point_cloud_subscriber', 'merge_install': False, 'path': '/home/autodrive/laser_ws/src/point_cloud_subscriber', 'symlink_install': False, 'test_result_base': None}
[1.243s] Level 5:colcon.colcon_core.verb:set package 'urg_node' build argument 'cmake_args' from command line to 'None'
[1.244s] Level 5:colcon.colcon_core.verb:set package 'urg_node' build argument 'cmake_target' from command line to 'None'
[1.244s] Level 5:colcon.colcon_core.verb:set package 'urg_node' build argument 'cmake_target_skip_unavailable' from command line to 'False'
[1.244s] Level 5:colcon.colcon_core.verb:set package 'urg_node' build argument 'cmake_clean_cache' from command line to 'False'
[1.244s] Level 5:colcon.colcon_core.verb:set package 'urg_node' build argument 'cmake_clean_first' from command line to 'False'
[1.244s] Level 5:colcon.colcon_core.verb:set package 'urg_node' build argument 'cmake_force_configure' from command line to 'False'
[1.244s] Level 5:colcon.colcon_core.verb:set package 'urg_node' build argument 'ament_cmake_args' from command line to 'None'
[1.244s] Level 5:colcon.colcon_core.verb:set package 'urg_node' build argument 'catkin_cmake_args' from command line to 'None'
[1.244s] Level 5:colcon.colcon_core.verb:set package 'urg_node' build argument 'catkin_skip_building_tests' from command line to 'False'
[1.244s] DEBUG:colcon.colcon_core.verb:Building package 'urg_node' with the following arguments: {'ament_cmake_args': None, 'build_base': '/home/autodrive/laser_ws/build/urg_node', 'catkin_cmake_args': None, 'catkin_skip_building_tests': False, 'cmake_args': None, 'cmake_clean_cache': False, 'cmake_clean_first': False, 'cmake_force_configure': False, 'cmake_target': None, 'cmake_target_skip_unavailable': False, 'install_base': '/home/autodrive/laser_ws/install/urg_node', 'merge_install': False, 'path': '/home/autodrive/laser_ws/src/urg_node-ros2-devel', 'symlink_install': False, 'test_result_base': None}
[1.244s] INFO:colcon.colcon_core.executor:Executing jobs using 'parallel' executor
[1.253s] DEBUG:colcon.colcon_parallel_executor.executor.parallel:run_until_complete
[1.254s] INFO:colcon.colcon_ros.task.ament_cmake.build:Building ROS package in '/home/autodrive/laser_ws/src/imu' with build type 'ament_cmake'
[1.255s] INFO:colcon.colcon_cmake.task.cmake.build:Building CMake package in '/home/autodrive/laser_ws/src/imu'
[1.260s] INFO:colcon.colcon_core.plugin_system:Skipping extension 'colcon_core.shell.bat': Not used on non-Windows systems
[1.260s] INFO:colcon.colcon_core.shell:Skip shell extension 'powershell' for command environment: Not usable outside of PowerShell
[1.260s] DEBUG:colcon.colcon_core.shell:Skip shell extension 'dsv' for command environment
[1.273s] INFO:colcon.colcon_ros.task.ament_python.build:Building ROS package in '/home/autodrive/laser_ws/src/keyboard_serial' with build type 'ament_python'
[1.274s] Level 1:colcon.colcon_core.shell:create_environment_hook('keyboard_serial', 'ament_prefix_path')
[1.275s] INFO:colcon.colcon_core.shell:Creating environment hook '/home/autodrive/laser_ws/install/keyboard_serial/share/keyboard_serial/hook/ament_prefix_path.ps1'
[1.277s] INFO:colcon.colcon_core.shell:Creating environment descriptor '/home/autodrive/laser_ws/install/keyboard_serial/share/keyboard_serial/hook/ament_prefix_path.dsv'
[1.278s] INFO:colcon.colcon_core.shell:Creating environment hook '/home/autodrive/laser_ws/install/keyboard_serial/share/keyboard_serial/hook/ament_prefix_path.sh'
[1.280s] INFO:colcon.colcon_core.shell:Skip shell extension 'powershell' for command environment: Not usable outside of PowerShell
[1.280s] DEBUG:colcon.colcon_core.shell:Skip shell extension 'dsv' for command environment
[1.291s] INFO:colcon.colcon_ros.task.ament_python.build:Building ROS package in '/home/autodrive/laser_ws/src/point_cloud_subscriber' with build type 'ament_python'
[1.292s] Level 1:colcon.colcon_core.shell:create_environment_hook('point_cloud_subscriber', 'ament_prefix_path')
[1.293s] INFO:colcon.colcon_core.shell:Creating environment hook '/home/autodrive/laser_ws/install/point_cloud_subscriber/share/point_cloud_subscriber/hook/ament_prefix_path.ps1'
[1.295s] INFO:colcon.colcon_core.shell:Creating environment descriptor '/home/autodrive/laser_ws/install/point_cloud_subscriber/share/point_cloud_subscriber/hook/ament_prefix_path.dsv'
[1.296s] INFO:colcon.colcon_core.shell:Creating environment hook '/home/autodrive/laser_ws/install/point_cloud_subscriber/share/point_cloud_subscriber/hook/ament_prefix_path.sh'
[1.297s] INFO:colcon.colcon_core.shell:Skip shell extension 'powershell' for command environment: Not usable outside of PowerShell
[1.297s] DEBUG:colcon.colcon_core.shell:Skip shell extension 'dsv' for command environment
[1.317s] INFO:colcon.colcon_ros.task.ament_cmake.build:Building ROS package in '/home/autodrive/laser_ws/src/urg_node-ros2-devel' with build type 'ament_cmake'
[1.318s] INFO:colcon.colcon_cmake.task.cmake.build:Building CMake package in '/home/autodrive/laser_ws/src/urg_node-ros2-devel'
[1.319s] INFO:colcon.colcon_core.shell:Skip shell extension 'powershell' for command environment: Not usable outside of PowerShell
[1.319s] DEBUG:colcon.colcon_core.shell:Skip shell extension 'dsv' for command environment
[1.355s] DEBUG:colcon.colcon_core.event_handler.log_command:Invoking command in '/home/autodrive/laser_ws/build/gnss_imu_sim': CMAKE_PREFIX_PATH=${CMAKE_PREFIX_PATH}:/home/autodrive/laser_ws/install/point_cloud_subscriber:/home/autodrive/laser_ws/install/keyboard_serial:/opt/ros/foxy /usr/bin/cmake --build /home/autodrive/laser_ws/build/gnss_imu_sim -- -j6 -l6
[1.846s] INFO:colcon.colcon_core.task.python.build:Building Python package in '/home/autodrive/laser_ws/src/keyboard_serial'
[1.848s] INFO:colcon.colcon_core.shell:Skip shell extension 'powershell' for command environment: Not usable outside of PowerShell
[1.848s] DEBUG:colcon.colcon_core.shell:Skip shell extension 'dsv' for command environment
[2.348s] INFO:colcon.colcon_core.task.python.build:Building Python package in '/home/autodrive/laser_ws/src/point_cloud_subscriber'
[2.349s] INFO:colcon.colcon_core.shell:Skip shell extension 'powershell' for command environment: Not usable outside of PowerShell
[2.349s] DEBUG:colcon.colcon_core.shell:Skip shell extension 'dsv' for command environment
[2.377s] DEBUG:colcon.colcon_core.event_handler.log_command:Invoking command in '/home/autodrive/laser_ws/build/urg_node': CMAKE_PREFIX_PATH=${CMAKE_PREFIX_PATH}:/home/autodrive/laser_ws/install/point_cloud_subscriber:/home/autodrive/laser_ws/install/keyboard_serial:/opt/ros/foxy /usr/bin/cmake --build /home/autodrive/laser_ws/build/urg_node -- -j6 -l6
[2.382s] DEBUG:colcon.colcon_core.event_handler.log_command:Invoked command in '/home/autodrive/laser_ws/build/gnss_imu_sim' returned '0': CMAKE_PREFIX_PATH=${CMAKE_PREFIX_PATH}:/home/autodrive/laser_ws/install/point_cloud_subscriber:/home/autodrive/laser_ws/install/keyboard_serial:/opt/ros/foxy /usr/bin/cmake --build /home/autodrive/laser_ws/build/gnss_imu_sim -- -j6 -l6
[2.423s] DEBUG:colcon.colcon_core.event_handler.log_command:Invoking command in '/home/autodrive/laser_ws/build/gnss_imu_sim': CMAKE_PREFIX_PATH=${CMAKE_PREFIX_PATH}:/home/autodrive/laser_ws/install/point_cloud_subscriber:/home/autodrive/laser_ws/install/keyboard_serial:/opt/ros/foxy /usr/bin/cmake --install /home/autodrive/laser_ws/build/gnss_imu_sim
[2.476s] Level 1:colcon.colcon_core.environment:create_environment_scripts_only(gnss_imu_sim)
[2.482s] DEBUG:colcon.colcon_core.event_handler.log_command:Invoked command in '/home/autodrive/laser_ws/build/gnss_imu_sim' returned '0': CMAKE_PREFIX_PATH=${CMAKE_PREFIX_PATH}:/home/autodrive/laser_ws/install/point_cloud_subscriber:/home/autodrive/laser_ws/install/keyboard_serial:/opt/ros/foxy /usr/bin/cmake --install /home/autodrive/laser_ws/build/gnss_imu_sim
[2.484s] Level 1:colcon.colcon_core.environment:checking '/home/autodrive/laser_ws/install/gnss_imu_sim' for CMake module files
[2.485s] Level 1:colcon.colcon_core.environment:checking '/home/autodrive/laser_ws/install/gnss_imu_sim' for CMake config files
[2.486s] Level 1:colcon.colcon_core.shell:create_environment_hook('gnss_imu_sim', 'cmake_prefix_path')
[2.487s] INFO:colcon.colcon_core.shell:Creating environment hook '/home/autodrive/laser_ws/install/gnss_imu_sim/share/gnss_imu_sim/hook/cmake_prefix_path.ps1'
[2.489s] INFO:colcon.colcon_core.shell:Creating environment descriptor '/home/autodrive/laser_ws/install/gnss_imu_sim/share/gnss_imu_sim/hook/cmake_prefix_path.dsv'
[2.491s] INFO:colcon.colcon_core.shell:Creating environment hook '/home/autodrive/laser_ws/install/gnss_imu_sim/share/gnss_imu_sim/hook/cmake_prefix_path.sh'
[2.494s] Level 1:colcon.colcon_core.environment:checking '/home/autodrive/laser_ws/install/gnss_imu_sim/lib'
[2.494s] Level 1:colcon.colcon_core.environment:checking '/home/autodrive/laser_ws/install/gnss_imu_sim/bin'
[2.495s] Level 1:colcon.colcon_core.environment:checking '/home/autodrive/laser_ws/install/gnss_imu_sim/lib/pkgconfig/gnss_imu_sim.pc'
[2.495s] Level 1:colcon.colcon_core.environment:checking '/home/autodrive/laser_ws/install/gnss_imu_sim/lib/python3.8/site-packages'
[2.496s] Level 1:colcon.colcon_core.environment:checking '/home/autodrive/laser_ws/install/gnss_imu_sim/bin'
[2.497s] INFO:colcon.colcon_core.shell:Creating package script '/home/autodrive/laser_ws/install/gnss_imu_sim/share/gnss_imu_sim/package.ps1'
[2.499s] INFO:colcon.colcon_core.shell:Creating package descriptor '/home/autodrive/laser_ws/install/gnss_imu_sim/share/gnss_imu_sim/package.dsv'
[2.502s] INFO:colcon.colcon_core.shell:Creating package script '/home/autodrive/laser_ws/install/gnss_imu_sim/share/gnss_imu_sim/package.sh'
[2.504s] INFO:colcon.colcon_core.shell:Creating package script '/home/autodrive/laser_ws/install/gnss_imu_sim/share/gnss_imu_sim/package.bash'
[2.507s] INFO:colcon.colcon_core.shell:Creating package script '/home/autodrive/laser_ws/install/gnss_imu_sim/share/gnss_imu_sim/package.zsh'
[2.509s] Level 1:colcon.colcon_core.environment:create_file_with_runtime_dependencies(/home/autodrive/laser_ws/install/gnss_imu_sim/share/colcon-core/packages/gnss_imu_sim)
[2.511s] Level 1:colcon.colcon_core.environment:create_environment_scripts_only(gnss_imu_sim)
[2.512s] Level 1:colcon.colcon_core.environment:checking '/home/autodrive/laser_ws/install/gnss_imu_sim' for CMake module files
[2.513s] Level 1:colcon.colcon_core.environment:checking '/home/autodrive/laser_ws/install/gnss_imu_sim' for CMake config files
[2.514s] Level 1:colcon.colcon_core.shell:create_environment_hook('gnss_imu_sim', 'cmake_prefix_path')
[2.515s] INFO:colcon.colcon_core.shell:Creating environment hook '/home/autodrive/laser_ws/install/gnss_imu_sim/share/gnss_imu_sim/hook/cmake_prefix_path.ps1'
[2.517s] INFO:colcon.colcon_core.shell:Creating environment descriptor '/home/autodrive/laser_ws/install/gnss_imu_sim/share/gnss_imu_sim/hook/cmake_prefix_path.dsv'
[2.518s] INFO:colcon.colcon_core.shell:Creating environment hook '/home/autodrive/laser_ws/install/gnss_imu_sim/share/gnss_imu_sim/hook/cmake_prefix_path.sh'
[2.520s] Level 1:colcon.colcon_core.environment:checking '/home/autodrive/laser_ws/install/gnss_imu_sim/lib'
[2.521s] Level 1:colcon.colcon_core.environment:checking '/home/autodrive/laser_ws/install/gnss_imu_sim/bin'
[2.521s] Level 1:colcon.colcon_core.environment:checking '/home/autodrive/laser_ws/install/gnss_imu_sim/lib/pkgconfig/gnss_imu_sim.pc'
[2.522s] Level 1:colcon.colcon_core.environment:checking '/home/autodrive/laser_ws/install/gnss_imu_sim/lib/python3.8/site-packages'
[2.522s] Level 1:colcon.colcon_core.environment:checking '/home/autodrive/laser_ws/install/gnss_imu_sim/bin'
[2.523s] INFO:colcon.colcon_core.shell:Creating package script '/home/autodrive/laser_ws/install/gnss_imu_sim/share/gnss_imu_sim/package.ps1'
[2.525s] INFO:colcon.colcon_core.shell:Creating package descriptor '/home/autodrive/laser_ws/install/gnss_imu_sim/share/gnss_imu_sim/package.dsv'
[2.526s] INFO:colcon.colcon_core.shell:Creating package script '/home/autodrive/laser_ws/install/gnss_imu_sim/share/gnss_imu_sim/package.sh'
[2.528s] INFO:colcon.colcon_core.shell:Creating package script '/home/autodrive/laser_ws/install/gnss_imu_sim/share/gnss_imu_sim/package.bash'
[2.529s] INFO:colcon.colcon_core.shell:Creating package script '/home/autodrive/laser_ws/install/gnss_imu_sim/share/gnss_imu_sim/package.zsh'
[2.530s] Level 1:colcon.colcon_core.environment:create_file_with_runtime_dependencies(/home/autodrive/laser_ws/install/gnss_imu_sim/share/colcon-core/packages/gnss_imu_sim)
[2.687s] DEBUG:colcon.colcon_core.event_handler.log_command:Invoked command in '/home/autodrive/laser_ws/build/urg_node' returned '0': CMAKE_PREFIX_PATH=${CMAKE_PREFIX_PATH}:/home/autodrive/laser_ws/install/point_cloud_subscriber:/home/autodrive/laser_ws/install/keyboard_serial:/opt/ros/foxy /usr/bin/cmake --build /home/autodrive/laser_ws/build/urg_node -- -j6 -l6
[2.689s] DEBUG:colcon.colcon_core.event_handler.log_command:Invoking command in '/home/autodrive/laser_ws/build/urg_node': CMAKE_PREFIX_PATH=${CMAKE_PREFIX_PATH}:/home/autodrive/laser_ws/install/point_cloud_subscriber:/home/autodrive/laser_ws/install/keyboard_serial:/opt/ros/foxy /usr/bin/cmake --install /home/autodrive/laser_ws/build/urg_node
[2.769s] Level 1:colcon.colcon_core.environment:create_environment_scripts_only(urg_node)
[2.770s] Level 1:colcon.colcon_core.environment:checking '/home/autodrive/laser_ws/install/urg_node' for CMake module files
[2.771s] DEBUG:colcon.colcon_core.event_handler.log_command:Invoked command in '/home/autodrive/laser_ws/build/urg_node' returned '0': CMAKE_PREFIX_PATH=${CMAKE_PREFIX_PATH}:/home/autodrive/laser_ws/install/point_cloud_subscriber:/home/autodrive/laser_ws/install/keyboard_serial:/opt/ros/foxy /usr/bin/cmake --install /home/autodrive/laser_ws/build/urg_node
[2.772s] Level 1:colcon.colcon_core.environment:checking '/home/autodrive/laser_ws/install/urg_node' for CMake config files
[2.773s] Level 1:colcon.colcon_core.shell:create_environment_hook('urg_node', 'cmake_prefix_path')
[2.773s] INFO:colcon.colcon_core.shell:Creating environment hook '/home/autodrive/laser_ws/install/urg_node/share/urg_node/hook/cmake_prefix_path.ps1'
[2.775s] INFO:colcon.colcon_core.shell:Creating environment descriptor '/home/autodrive/laser_ws/install/urg_node/share/urg_node/hook/cmake_prefix_path.dsv'
[2.776s] INFO:colcon.colcon_core.shell:Creating environment hook '/home/autodrive/laser_ws/install/urg_node/share/urg_node/hook/cmake_prefix_path.sh'
[2.777s] Level 1:colcon.colcon_core.environment:checking '/home/autodrive/laser_ws/install/urg_node/lib'
[2.777s] Level 1:colcon.colcon_core.shell:create_environment_hook('urg_node', 'ld_library_path_lib')
[2.778s] INFO:colcon.colcon_core.shell:Creating environment hook '/home/autodrive/laser_ws/install/urg_node/share/urg_node/hook/ld_library_path_lib.ps1'
[2.779s] INFO:colcon.colcon_core.shell:Creating environment descriptor '/home/autodrive/laser_ws/install/urg_node/share/urg_node/hook/ld_library_path_lib.dsv'
[2.779s] INFO:colcon.colcon_core.shell:Creating environment hook '/home/autodrive/laser_ws/install/urg_node/share/urg_node/hook/ld_library_path_lib.sh'
[2.780s] Level 1:colcon.colcon_core.environment:checking '/home/autodrive/laser_ws/install/urg_node/bin'
[2.780s] Level 1:colcon.colcon_core.environment:checking '/home/autodrive/laser_ws/install/urg_node/lib/pkgconfig/urg_node.pc'
[2.781s] Level 1:colcon.colcon_core.environment:checking '/home/autodrive/laser_ws/install/urg_node/lib/python3.8/site-packages'
[2.781s] Level 1:colcon.colcon_core.environment:checking '/home/autodrive/laser_ws/install/urg_node/bin'
[2.782s] INFO:colcon.colcon_core.shell:Creating package script '/home/autodrive/laser_ws/install/urg_node/share/urg_node/package.ps1'
[2.783s] INFO:colcon.colcon_core.shell:Creating package descriptor '/home/autodrive/laser_ws/install/urg_node/share/urg_node/package.dsv'
[2.784s] INFO:colcon.colcon_core.shell:Creating package script '/home/autodrive/laser_ws/install/urg_node/share/urg_node/package.sh'
[2.785s] INFO:colcon.colcon_core.shell:Creating package script '/home/autodrive/laser_ws/install/urg_node/share/urg_node/package.bash'
[2.786s] INFO:colcon.colcon_core.shell:Creating package script '/home/autodrive/laser_ws/install/urg_node/share/urg_node/package.zsh'
[2.787s] Level 1:colcon.colcon_core.environment:create_file_with_runtime_dependencies(/home/autodrive/laser_ws/install/urg_node/share/colcon-core/packages/urg_node)
[2.788s] Level 1:colcon.colcon_core.environment:create_environment_scripts_only(urg_node)
[2.788s] Level 1:colcon.colcon_core.environment:checking '/home/autodrive/laser_ws/install/urg_node' for CMake module files
[2.790s] Level 1:colcon.colcon_core.environment:checking '/home/autodrive/laser_ws/install/urg_node' for CMake config files
[2.791s] Level 1:colcon.colcon_core.shell:create_environment_hook('urg_node', 'cmake_prefix_path')
[2.792s] INFO:colcon.colcon_core.shell:Creating environment hook '/home/autodrive/laser_ws/install/urg_node/share/urg_node/hook/cmake_prefix_path.ps1'
[2.793s] INFO:colcon.colcon_core.shell:Creating environment descriptor '/home/autodrive/laser_ws/install/urg_node/share/urg_node/hook/cmake_prefix_path.dsv'
[2.794s] INFO:colcon.colcon_core.shell:Creating environment hook '/home/autodrive/laser_ws/install/urg_node/share/urg_node/hook/cmake_prefix_path.sh'
[2.796s] Level 1:colcon.colcon_core.environment:checking '/home/autodrive/laser_ws/install/urg_node/lib'
[2.797s] Level 1:colcon.colcon_core.shell:create_environment_hook('urg_node', 'ld_library_path_lib')
[2.797s] INFO:colcon.colcon_core.shell:Creating environment hook '/home/autodrive/laser_ws/install/urg_node/share/urg_node/hook/ld_library_path_lib.ps1'
[2.799s] INFO:colcon.colcon_core.shell:Creating environment descriptor '/home/autodrive/laser_ws/install/urg_node/share/urg_node/hook/ld_library_path_lib.dsv'
[2.800s] INFO:colcon.colcon_core.shell:Creating environment hook '/home/autodrive/laser_ws/install/urg_node/share/urg_node/hook/ld_library_path_lib.sh'
[2.803s] Level 1:colcon.colcon_core.environment:checking '/home/autodrive/laser_ws/install/urg_node/bin'
[2.803s] Level 1:colcon.colcon_core.environment:checking '/home/autodrive/laser_ws/install/urg_node/lib/pkgconfig/urg_node.pc'
[2.803s] Level 1:colcon.colcon_core.environment:checking '/home/autodrive/laser_ws/install/urg_node/lib/python3.8/site-packages'
[2.803s] Level 1:colcon.colcon_core.environment:checking '/home/autodrive/laser_ws/install/urg_node/bin'
[2.805s] INFO:colcon.colcon_core.shell:Creating package script '/home/autodrive/laser_ws/install/urg_node/share/urg_node/package.ps1'
[2.806s] INFO:colcon.colcon_core.shell:Creating package descriptor '/home/autodrive/laser_ws/install/urg_node/share/urg_node/package.dsv'
[2.808s] INFO:colcon.colcon_core.shell:Creating package script '/home/autodrive/laser_ws/install/urg_node/share/urg_node/package.sh'
[2.809s] INFO:colcon.colcon_core.shell:Creating package script '/home/autodrive/laser_ws/install/urg_node/share/urg_node/package.bash'
[2.810s] INFO:colcon.colcon_core.shell:Creating package script '/home/autodrive/laser_ws/install/urg_node/share/urg_node/package.zsh'
[2.811s] Level 1:colcon.colcon_core.environment:create_file_with_runtime_dependencies(/home/autodrive/laser_ws/install/urg_node/share/colcon-core/packages/urg_node)
[3.670s] DEBUG:colcon.colcon_core.event_handler.log_command:Invoking command in '/home/autodrive/laser_ws/src/keyboard_serial': PYTHONPATH=/home/autodrive/laser_ws/build/keyboard_serial/prefix_override:/usr/lib/python3/dist-packages/colcon_core/task/python/colcon_distutils_commands:/home/autodrive/laser_ws/install/keyboard_serial/lib/python3.8/site-packages:${PYTHONPATH} /usr/bin/python3 -W ignore:setup.py install is deprecated -W ignore:easy_install command is deprecated setup.py egg_info --egg-base ../../build/keyboard_serial build --build-base /home/autodrive/laser_ws/build/keyboard_serial/build install --record /home/autodrive/laser_ws/build/keyboard_serial/install.log --install-scripts $base/lib/keyboard_serial --single-version-externally-managed install_data
[3.683s] DEBUG:colcon.colcon_core.event_handler.log_command:Invoking command in '/home/autodrive/laser_ws/src/point_cloud_subscriber': PYTHONPATH=/home/autodrive/laser_ws/build/point_cloud_subscriber/prefix_override:/usr/lib/python3/dist-packages/colcon_core/task/python/colcon_distutils_commands:/home/autodrive/laser_ws/install/point_cloud_subscriber/lib/python3.8/site-packages:${PYTHONPATH} /usr/bin/python3 -W ignore:setup.py install is deprecated -W ignore:easy_install command is deprecated setup.py egg_info --egg-base ../../build/point_cloud_subscriber build --build-base /home/autodrive/laser_ws/build/point_cloud_subscriber/build install --record /home/autodrive/laser_ws/build/point_cloud_subscriber/install.log --single-version-externally-managed install_data
[4.489s] Level 1:colcon.colcon_core.environment:checking '/home/autodrive/laser_ws/install/point_cloud_subscriber' for CMake module files
[4.490s] Level 1:colcon.colcon_core.environment:checking '/home/autodrive/laser_ws/install/point_cloud_subscriber' for CMake config files
[4.492s] Level 1:colcon.colcon_core.environment:checking '/home/autodrive/laser_ws/install/point_cloud_subscriber/lib'
[4.492s] Level 1:colcon.colcon_core.environment:checking '/home/autodrive/laser_ws/install/point_cloud_subscriber/bin'
[4.493s] DEBUG:colcon.colcon_core.event_handler.log_command:Invoked command in '/home/autodrive/laser_ws/src/point_cloud_subscriber' returned '0': PYTHONPATH=/home/autodrive/laser_ws/build/point_cloud_subscriber/prefix_override:/usr/lib/python3/dist-packages/colcon_core/task/python/colcon_distutils_commands:/home/autodrive/laser_ws/install/point_cloud_subscriber/lib/python3.8/site-packages:${PYTHONPATH} /usr/bin/python3 -W ignore:setup.py install is deprecated -W ignore:easy_install command is deprecated setup.py egg_info --egg-base ../../build/point_cloud_subscriber build --build-base /home/autodrive/laser_ws/build/point_cloud_subscriber/build install --record /home/autodrive/laser_ws/build/point_cloud_subscriber/install.log --single-version-externally-managed install_data
[4.494s] Level 1:colcon.colcon_core.environment:checking '/home/autodrive/laser_ws/install/point_cloud_subscriber/lib/pkgconfig/point_cloud_subscriber.pc'
[4.495s] Level 1:colcon.colcon_core.environment:checking '/home/autodrive/laser_ws/install/point_cloud_subscriber/lib/python3.8/site-packages'
[4.495s] Level 1:colcon.colcon_core.shell:create_environment_hook('point_cloud_subscriber', 'pythonpath')
[4.496s] INFO:colcon.colcon_core.shell:Creating environment hook '/home/autodrive/laser_ws/install/point_cloud_subscriber/share/point_cloud_subscriber/hook/pythonpath.ps1'
[4.500s] INFO:colcon.colcon_core.shell:Creating environment descriptor '/home/autodrive/laser_ws/install/point_cloud_subscriber/share/point_cloud_subscriber/hook/pythonpath.dsv'
[4.501s] INFO:colcon.colcon_core.shell:Creating environment hook '/home/autodrive/laser_ws/install/point_cloud_subscriber/share/point_cloud_subscriber/hook/pythonpath.sh'
[4.502s] Level 1:colcon.colcon_core.environment:checking '/home/autodrive/laser_ws/install/point_cloud_subscriber/bin'
[4.505s] Level 1:colcon.colcon_core.environment:create_environment_scripts_only(point_cloud_subscriber)
[4.511s] INFO:colcon.colcon_core.shell:Creating package script '/home/autodrive/laser_ws/install/point_cloud_subscriber/share/point_cloud_subscriber/package.ps1'
[4.514s] INFO:colcon.colcon_core.shell:Creating package descriptor '/home/autodrive/laser_ws/install/point_cloud_subscriber/share/point_cloud_subscriber/package.dsv'
[4.515s] INFO:colcon.colcon_core.shell:Creating package script '/home/autodrive/laser_ws/install/point_cloud_subscriber/share/point_cloud_subscriber/package.sh'
[4.516s] INFO:colcon.colcon_core.shell:Creating package script '/home/autodrive/laser_ws/install/point_cloud_subscriber/share/point_cloud_subscriber/package.bash'
[4.518s] INFO:colcon.colcon_core.shell:Creating package script '/home/autodrive/laser_ws/install/point_cloud_subscriber/share/point_cloud_subscriber/package.zsh'
[4.519s] Level 1:colcon.colcon_core.environment:create_file_with_runtime_dependencies(/home/autodrive/laser_ws/install/point_cloud_subscriber/share/colcon-core/packages/point_cloud_subscriber)
[4.524s] Level 1:colcon.colcon_core.environment:checking '/home/autodrive/laser_ws/install/keyboard_serial' for CMake module files
[4.525s] DEBUG:colcon.colcon_core.event_handler.log_command:Invoked command in '/home/autodrive/laser_ws/src/keyboard_serial' returned '0': PYTHONPATH=/home/autodrive/laser_ws/build/keyboard_serial/prefix_override:/usr/lib/python3/dist-packages/colcon_core/task/python/colcon_distutils_commands:/home/autodrive/laser_ws/install/keyboard_serial/lib/python3.8/site-packages:${PYTHONPATH} /usr/bin/python3 -W ignore:setup.py install is deprecated -W ignore:easy_install command is deprecated setup.py egg_info --egg-base ../../build/keyboard_serial build --build-base /home/autodrive/laser_ws/build/keyboard_serial/build install --record /home/autodrive/laser_ws/build/keyboard_serial/install.log --install-scripts $base/lib/keyboard_serial --single-version-externally-managed install_data
[4.525s] Level 1:colcon.colcon_core.environment:checking '/home/autodrive/laser_ws/install/keyboard_serial' for CMake config files
[4.528s] Level 1:colcon.colcon_core.environment:checking '/home/autodrive/laser_ws/install/keyboard_serial/lib'
[4.528s] Level 1:colcon.colcon_core.environment:checking '/home/autodrive/laser_ws/install/keyboard_serial/bin'
[4.528s] Level 1:colcon.colcon_core.environment:checking '/home/autodrive/laser_ws/install/keyboard_serial/lib/pkgconfig/keyboard_serial.pc'
[4.528s] Level 1:colcon.colcon_core.environment:checking '/home/autodrive/laser_ws/install/keyboard_serial/lib/python3.8/site-packages'
[4.529s] Level 1:colcon.colcon_core.shell:create_environment_hook('keyboard_serial', 'pythonpath')
[4.529s] INFO:colcon.colcon_core.shell:Creating environment hook '/home/autodrive/laser_ws/install/keyboard_serial/share/keyboard_serial/hook/pythonpath.ps1'
[4.530s] INFO:colcon.colcon_core.shell:Creating environment descriptor '/home/autodrive/laser_ws/install/keyboard_serial/share/keyboard_serial/hook/pythonpath.dsv'
[4.534s] INFO:colcon.colcon_core.shell:Creating environment hook '/home/autodrive/laser_ws/install/keyboard_serial/share/keyboard_serial/hook/pythonpath.sh'
[4.536s] Level 1:colcon.colcon_core.environment:checking '/home/autodrive/laser_ws/install/keyboard_serial/bin'
[4.536s] Level 1:colcon.colcon_core.environment:create_environment_scripts_only(keyboard_serial)
[4.537s] INFO:colcon.colcon_core.shell:Creating package script '/home/autodrive/laser_ws/install/keyboard_serial/share/keyboard_serial/package.ps1'
[4.540s] INFO:colcon.colcon_core.shell:Creating package descriptor '/home/autodrive/laser_ws/install/keyboard_serial/share/keyboard_serial/package.dsv'
[4.542s] INFO:colcon.colcon_core.shell:Creating package script '/home/autodrive/laser_ws/install/keyboard_serial/share/keyboard_serial/package.sh'
[4.544s] INFO:colcon.colcon_core.shell:Creating package script '/home/autodrive/laser_ws/install/keyboard_serial/share/keyboard_serial/package.bash'
[4.545s] INFO:colcon.colcon_core.shell:Creating package script '/home/autodrive/laser_ws/install/keyboard_serial/share/keyboard_serial/package.zsh'
[4.545s] Level 1:colcon.colcon_core.environment:create_file_with_runtime_dependencies(/home/autodrive/laser_ws/install/keyboard_serial/share/colcon-core/packages/keyboard_serial)
[4.547s] DEBUG:colcon.colcon_parallel_executor.executor.parallel:closing loop
[4.548s] DEBUG:colcon.colcon_parallel_executor.executor.parallel:loop closed
[4.548s] DEBUG:colcon.colcon_parallel_executor.executor.parallel:run_until_complete finished with '0'
[4.548s] DEBUG:colcon.colcon_core.event_reactor:joining thread
[4.562s] INFO:colcon.colcon_core.plugin_system:Skipping extension 'colcon_notification.desktop_notification.terminal_notifier': Not used on non-Darwin systems
[4.562s] INFO:colcon.colcon_core.plugin_system:Skipping extension 'colcon_notification.desktop_notification.win32': Not used on non-Windows systems
[4.562s] INFO:colcon.colcon_notification.desktop_notification:Sending desktop notification using 'notify2'
[4.606s] DEBUG:colcon.colcon_core.event_reactor:joined thread
[4.607s] INFO:colcon.colcon_core.shell:Creating prefix script '/home/autodrive/laser_ws/install/local_setup.ps1'
[4.610s] INFO:colcon.colcon_core.shell:Creating prefix util module '/home/autodrive/laser_ws/install/_local_setup_util_ps1.py'
[4.613s] INFO:colcon.colcon_core.shell:Creating prefix chain script '/home/autodrive/laser_ws/install/setup.ps1'
[4.615s] INFO:colcon.colcon_core.shell:Creating prefix script '/home/autodrive/laser_ws/install/local_setup.sh'
[4.617s] INFO:colcon.colcon_core.shell:Creating prefix util module '/home/autodrive/laser_ws/install/_local_setup_util_sh.py'
[4.618s] INFO:colcon.colcon_core.shell:Creating prefix chain script '/home/autodrive/laser_ws/install/setup.sh'
[4.623s] INFO:colcon.colcon_core.shell:Creating prefix script '/home/autodrive/laser_ws/install/local_setup.bash'
[4.625s] INFO:colcon.colcon_core.shell:Creating prefix chain script '/home/autodrive/laser_ws/install/setup.bash'
[4.628s] INFO:colcon.colcon_core.shell:Creating prefix script '/home/autodrive/laser_ws/install/local_setup.zsh'
[4.629s] INFO:colcon.colcon_core.shell:Creating prefix chain script '/home/autodrive/laser_ws/install/setup.zsh'
