[0.403s] DEBUG:colcon:Command line arguments: ['/usr/bin/colcon', 'build']
[0.404s] DEBUG:colcon:Parsed command line arguments: Namespace(allow_overriding=[], ament_cmake_args=None, base_paths=['.'], build_base='build', catkin_cmake_args=None, catkin_skip_building_tests=False, cmake_args=None, cmake_clean_cache=False, cmake_clean_first=False, cmake_force_configure=False, cmake_target=None, cmake_target_skip_unavailable=False, continue_on_error=False, event_handlers=None, executor='parallel', ignore_user_meta=False, install_base='install', log_base=None, log_level=None, main=<bound method BuildVerb.main of <colcon_core.verb.build.BuildVerb object at 0xffffabba9070>>, merge_install=False, metas=['./colcon.meta'], packages_above=None, packages_above_and_dependencies=None, packages_above_depth=None, packages_end=None, packages_ignore=None, packages_ignore_regex=None, packages_select=None, packages_select_build_failed=False, packages_select_by_dep=None, packages_select_regex=None, packages_select_test_failures=False, packages_skip=None, packages_skip_build_finished=False, packages_skip_by_dep=None, packages_skip_regex=None, packages_skip_test_passed=False, packages_skip_up_to=None, packages_start=None, packages_up_to=None, packages_up_to_regex=None, parallel_workers=6, paths=None, symlink_install=False, test_result_base=None, verb_extension=<colcon_core.verb.build.BuildVerb object at 0xffffabba9070>, verb_name='build', verb_parser=<colcon_defaults.argument_parser.defaults.DefaultArgumentsDecorator object at 0xffffabbb8430>)
[0.727s] Level 1:colcon.colcon_core.package_discovery:discover_packages(colcon_meta) check parameters
[0.727s] Level 1:colcon.colcon_core.package_discovery:discover_packages(recursive) check parameters
[0.728s] Level 1:colcon.colcon_core.package_discovery:discover_packages(ignore) check parameters
[0.728s] Level 1:colcon.colcon_core.package_discovery:discover_packages(path) check parameters
[0.728s] Level 1:colcon.colcon_core.package_discovery:discover_packages(colcon_meta) discover
[0.728s] Level 1:colcon.colcon_core.package_discovery:discover_packages(recursive) discover
[0.728s] INFO:colcon.colcon_core.package_discovery:Crawling recursively for packages in '/home/autodrive/laser_ws'
[0.728s] Level 1:colcon.colcon_core.package_identification:_identify(.) by extensions ['ignore', 'ignore_ament_install']
[0.729s] Level 1:colcon.colcon_core.package_identification:_identify(.) by extension 'ignore'
[0.729s] Level 1:colcon.colcon_core.package_identification:_identify(.) by extension 'ignore_ament_install'
[0.729s] Level 1:colcon.colcon_core.package_identification:_identify(.) by extensions ['colcon_pkg']
[0.729s] Level 1:colcon.colcon_core.package_identification:_identify(.) by extension 'colcon_pkg'
[0.729s] Level 1:colcon.colcon_core.package_identification:_identify(.) by extensions ['colcon_meta']
[0.729s] Level 1:colcon.colcon_core.package_identification:_identify(.) by extension 'colcon_meta'
[0.730s] Level 1:colcon.colcon_core.package_identification:_identify(.) by extensions ['ros']
[0.730s] Level 1:colcon.colcon_core.package_identification:_identify(.) by extension 'ros'
[0.754s] Level 1:colcon.colcon_core.package_identification:_identify(.) by extensions ['cmake', 'python']
[0.754s] Level 1:colcon.colcon_core.package_identification:_identify(.) by extension 'cmake'
[0.754s] Level 1:colcon.colcon_core.package_identification:_identify(.) by extension 'python'
[0.755s] Level 1:colcon.colcon_core.package_identification:_identify(.) by extensions ['python_setup_py']
[0.755s] Level 1:colcon.colcon_core.package_identification:_identify(.) by extension 'python_setup_py'
[0.755s] Level 1:colcon.colcon_core.package_identification:_identify(build) by extensions ['ignore', 'ignore_ament_install']
[0.755s] Level 1:colcon.colcon_core.package_identification:_identify(build) by extension 'ignore'
[0.755s] Level 1:colcon.colcon_core.package_identification:_identify(build) ignored
[0.756s] Level 1:colcon.colcon_core.package_identification:_identify(install) by extensions ['ignore', 'ignore_ament_install']
[0.756s] Level 1:colcon.colcon_core.package_identification:_identify(install) by extension 'ignore'
[0.756s] Level 1:colcon.colcon_core.package_identification:_identify(install) ignored
[0.756s] Level 1:colcon.colcon_core.package_identification:_identify(log) by extensions ['ignore', 'ignore_ament_install']
[0.757s] Level 1:colcon.colcon_core.package_identification:_identify(log) by extension 'ignore'
[0.757s] Level 1:colcon.colcon_core.package_identification:_identify(log) ignored
[0.757s] Level 1:colcon.colcon_core.package_identification:_identify(src) by extensions ['ignore', 'ignore_ament_install']
[0.757s] Level 1:colcon.colcon_core.package_identification:_identify(src) by extension 'ignore'
[0.757s] Level 1:colcon.colcon_core.package_identification:_identify(src) by extension 'ignore_ament_install'
[0.757s] Level 1:colcon.colcon_core.package_identification:_identify(src) by extensions ['colcon_pkg']
[0.757s] Level 1:colcon.colcon_core.package_identification:_identify(src) by extension 'colcon_pkg'
[0.758s] Level 1:colcon.colcon_core.package_identification:_identify(src) by extensions ['colcon_meta']
[0.758s] Level 1:colcon.colcon_core.package_identification:_identify(src) by extension 'colcon_meta'
[0.758s] Level 1:colcon.colcon_core.package_identification:_identify(src) by extensions ['ros']
[0.758s] Level 1:colcon.colcon_core.package_identification:_identify(src) by extension 'ros'
[0.758s] Level 1:colcon.colcon_core.package_identification:_identify(src) by extensions ['cmake', 'python']
[0.758s] Level 1:colcon.colcon_core.package_identification:_identify(src) by extension 'cmake'
[0.758s] Level 1:colcon.colcon_core.package_identification:_identify(src) by extension 'python'
[0.758s] Level 1:colcon.colcon_core.package_identification:_identify(src) by extensions ['python_setup_py']
[0.758s] Level 1:colcon.colcon_core.package_identification:_identify(src) by extension 'python_setup_py'
[0.759s] Level 1:colcon.colcon_core.package_identification:_identify(src/urg_node-ros2-devel) by extensions ['ignore', 'ignore_ament_install']
[0.759s] Level 1:colcon.colcon_core.package_identification:_identify(src/urg_node-ros2-devel) by extension 'ignore'
[0.759s] Level 1:colcon.colcon_core.package_identification:_identify(src/urg_node-ros2-devel) by extension 'ignore_ament_install'
[0.759s] Level 1:colcon.colcon_core.package_identification:_identify(src/urg_node-ros2-devel) by extensions ['colcon_pkg']
[0.759s] Level 1:colcon.colcon_core.package_identification:_identify(src/urg_node-ros2-devel) by extension 'colcon_pkg'
[0.759s] Level 1:colcon.colcon_core.package_identification:_identify(src/urg_node-ros2-devel) by extensions ['colcon_meta']
[0.759s] Level 1:colcon.colcon_core.package_identification:_identify(src/urg_node-ros2-devel) by extension 'colcon_meta'
[0.759s] Level 1:colcon.colcon_core.package_identification:_identify(src/urg_node-ros2-devel) by extensions ['ros']
[0.760s] Level 1:colcon.colcon_core.package_identification:_identify(src/urg_node-ros2-devel) by extension 'ros'
[0.767s] DEBUG:colcon.colcon_core.package_identification:Package 'src/urg_node-ros2-devel' with type 'ros.ament_cmake' and name 'urg_node'
[0.767s] Level 1:colcon.colcon_core.package_discovery:discover_packages(recursive) using defaults
[0.767s] Level 1:colcon.colcon_core.package_discovery:discover_packages(ignore) discover
[0.767s] Level 1:colcon.colcon_core.package_discovery:discover_packages(ignore) using defaults
[0.767s] Level 1:colcon.colcon_core.package_discovery:discover_packages(path) discover
[0.767s] Level 1:colcon.colcon_core.package_discovery:discover_packages(path) using defaults
[0.801s] Level 1:colcon.colcon_core.package_discovery:discover_packages(prefix_path) check parameters
[0.801s] Level 1:colcon.colcon_core.package_discovery:discover_packages(prefix_path) discover
[0.806s] DEBUG:colcon.colcon_installed_package_information.package_discovery:Found 270 installed packages in /opt/ros/foxy
[0.810s] Level 1:colcon.colcon_core.package_discovery:discover_packages(prefix_path) using defaults
[0.968s] Level 5:colcon.colcon_core.verb:set package 'urg_node' build argument 'cmake_args' from command line to 'None'
[0.968s] Level 5:colcon.colcon_core.verb:set package 'urg_node' build argument 'cmake_target' from command line to 'None'
[0.968s] Level 5:colcon.colcon_core.verb:set package 'urg_node' build argument 'cmake_target_skip_unavailable' from command line to 'False'
[0.968s] Level 5:colcon.colcon_core.verb:set package 'urg_node' build argument 'cmake_clean_cache' from command line to 'False'
[0.968s] Level 5:colcon.colcon_core.verb:set package 'urg_node' build argument 'cmake_clean_first' from command line to 'False'
[0.969s] Level 5:colcon.colcon_core.verb:set package 'urg_node' build argument 'cmake_force_configure' from command line to 'False'
[0.969s] Level 5:colcon.colcon_core.verb:set package 'urg_node' build argument 'ament_cmake_args' from command line to 'None'
[0.969s] Level 5:colcon.colcon_core.verb:set package 'urg_node' build argument 'catkin_cmake_args' from command line to 'None'
[0.969s] Level 5:colcon.colcon_core.verb:set package 'urg_node' build argument 'catkin_skip_building_tests' from command line to 'False'
[0.969s] DEBUG:colcon.colcon_core.verb:Building package 'urg_node' with the following arguments: {'ament_cmake_args': None, 'build_base': '/home/autodrive/laser_ws/build/urg_node', 'catkin_cmake_args': None, 'catkin_skip_building_tests': False, 'cmake_args': None, 'cmake_clean_cache': False, 'cmake_clean_first': False, 'cmake_force_configure': False, 'cmake_target': None, 'cmake_target_skip_unavailable': False, 'install_base': '/home/autodrive/laser_ws/install/urg_node', 'merge_install': False, 'path': '/home/autodrive/laser_ws/src/urg_node-ros2-devel', 'symlink_install': False, 'test_result_base': None}
[0.969s] INFO:colcon.colcon_core.executor:Executing jobs using 'parallel' executor
[0.972s] DEBUG:colcon.colcon_parallel_executor.executor.parallel:run_until_complete
[0.972s] INFO:colcon.colcon_ros.task.ament_cmake.build:Building ROS package in '/home/autodrive/laser_ws/src/urg_node-ros2-devel' with build type 'ament_cmake'
[0.973s] INFO:colcon.colcon_cmake.task.cmake.build:Building CMake package in '/home/autodrive/laser_ws/src/urg_node-ros2-devel'
[0.977s] INFO:colcon.colcon_core.plugin_system:Skipping extension 'colcon_core.shell.bat': Not used on non-Windows systems
[0.978s] INFO:colcon.colcon_core.shell:Skip shell extension 'powershell' for command environment: Not usable outside of PowerShell
[0.978s] DEBUG:colcon.colcon_core.shell:Skip shell extension 'dsv' for command environment
[1.004s] DEBUG:colcon.colcon_core.event_handler.log_command:Invoking command in '/home/autodrive/laser_ws/build/urg_node': CMAKE_PREFIX_PATH=/opt/ros/foxy /usr/bin/cmake --build /home/autodrive/laser_ws/build/urg_node -- -j6 -l6
[7.802s] DEBUG:colcon.colcon_core.event_handler.log_command:Invoked command in '/home/autodrive/laser_ws/build/urg_node' returned '2': CMAKE_PREFIX_PATH=/opt/ros/foxy /usr/bin/cmake --build /home/autodrive/laser_ws/build/urg_node -- -j6 -l6
[7.803s] Level 1:colcon.colcon_core.environment:create_environment_scripts_only(urg_node)
[7.809s] Level 1:colcon.colcon_core.environment:checking '/home/autodrive/laser_ws/install/urg_node' for CMake module files
[7.811s] Level 1:colcon.colcon_core.environment:checking '/home/autodrive/laser_ws/install/urg_node' for CMake config files
[7.812s] Level 1:colcon.colcon_core.shell:create_environment_hook('urg_node', 'cmake_prefix_path')
[7.812s] INFO:colcon.colcon_core.shell:Creating environment hook '/home/autodrive/laser_ws/install/urg_node/share/urg_node/hook/cmake_prefix_path.ps1'
[7.815s] INFO:colcon.colcon_core.shell:Creating environment descriptor '/home/autodrive/laser_ws/install/urg_node/share/urg_node/hook/cmake_prefix_path.dsv'
[7.816s] INFO:colcon.colcon_core.shell:Creating environment hook '/home/autodrive/laser_ws/install/urg_node/share/urg_node/hook/cmake_prefix_path.sh'
[7.818s] Level 1:colcon.colcon_core.environment:checking '/home/autodrive/laser_ws/install/urg_node/lib'
[7.819s] Level 1:colcon.colcon_core.shell:create_environment_hook('urg_node', 'ld_library_path_lib')
[7.819s] INFO:colcon.colcon_core.shell:Creating environment hook '/home/autodrive/laser_ws/install/urg_node/share/urg_node/hook/ld_library_path_lib.ps1'
[7.821s] INFO:colcon.colcon_core.shell:Creating environment descriptor '/home/autodrive/laser_ws/install/urg_node/share/urg_node/hook/ld_library_path_lib.dsv'
[7.822s] INFO:colcon.colcon_core.shell:Creating environment hook '/home/autodrive/laser_ws/install/urg_node/share/urg_node/hook/ld_library_path_lib.sh'
[7.823s] Level 1:colcon.colcon_core.environment:checking '/home/autodrive/laser_ws/install/urg_node/bin'
[7.823s] Level 1:colcon.colcon_core.environment:checking '/home/autodrive/laser_ws/install/urg_node/lib/pkgconfig/urg_node.pc'
[7.824s] Level 1:colcon.colcon_core.environment:checking '/home/autodrive/laser_ws/install/urg_node/lib/python3.8/site-packages'
[7.824s] Level 1:colcon.colcon_core.environment:checking '/home/autodrive/laser_ws/install/urg_node/bin'
[7.825s] INFO:colcon.colcon_core.shell:Creating package script '/home/autodrive/laser_ws/install/urg_node/share/urg_node/package.ps1'
[7.827s] INFO:colcon.colcon_core.shell:Creating package descriptor '/home/autodrive/laser_ws/install/urg_node/share/urg_node/package.dsv'
[7.829s] INFO:colcon.colcon_core.shell:Creating package script '/home/autodrive/laser_ws/install/urg_node/share/urg_node/package.sh'
[7.830s] INFO:colcon.colcon_core.shell:Creating package script '/home/autodrive/laser_ws/install/urg_node/share/urg_node/package.bash'
[7.832s] INFO:colcon.colcon_core.shell:Creating package script '/home/autodrive/laser_ws/install/urg_node/share/urg_node/package.zsh'
[7.834s] Level 1:colcon.colcon_core.environment:create_file_with_runtime_dependencies(/home/autodrive/laser_ws/install/urg_node/share/colcon-core/packages/urg_node)
[7.845s] DEBUG:colcon.colcon_parallel_executor.executor.parallel:closing loop
[7.846s] DEBUG:colcon.colcon_parallel_executor.executor.parallel:loop closed
[7.846s] DEBUG:colcon.colcon_parallel_executor.executor.parallel:run_until_complete finished with '2'
[7.846s] DEBUG:colcon.colcon_core.event_reactor:joining thread
[7.866s] INFO:colcon.colcon_core.plugin_system:Skipping extension 'colcon_notification.desktop_notification.terminal_notifier': Not used on non-Darwin systems
[7.867s] INFO:colcon.colcon_core.plugin_system:Skipping extension 'colcon_notification.desktop_notification.win32': Not used on non-Windows systems
[7.867s] INFO:colcon.colcon_notification.desktop_notification:Sending desktop notification using 'notify2'
[7.902s] DEBUG:colcon.colcon_core.event_reactor:joined thread
[7.903s] INFO:colcon.colcon_core.shell:Creating prefix script '/home/autodrive/laser_ws/install/local_setup.ps1'
[7.906s] INFO:colcon.colcon_core.shell:Creating prefix util module '/home/autodrive/laser_ws/install/_local_setup_util_ps1.py'
[7.909s] INFO:colcon.colcon_core.shell:Creating prefix chain script '/home/autodrive/laser_ws/install/setup.ps1'
[7.911s] INFO:colcon.colcon_core.shell:Creating prefix script '/home/autodrive/laser_ws/install/local_setup.sh'
[7.912s] INFO:colcon.colcon_core.shell:Creating prefix util module '/home/autodrive/laser_ws/install/_local_setup_util_sh.py'
[7.913s] INFO:colcon.colcon_core.shell:Creating prefix chain script '/home/autodrive/laser_ws/install/setup.sh'
[7.915s] INFO:colcon.colcon_core.shell:Creating prefix script '/home/autodrive/laser_ws/install/local_setup.bash'
[7.916s] INFO:colcon.colcon_core.shell:Creating prefix chain script '/home/autodrive/laser_ws/install/setup.bash'
[7.918s] INFO:colcon.colcon_core.shell:Creating prefix script '/home/autodrive/laser_ws/install/local_setup.zsh'
[7.919s] INFO:colcon.colcon_core.shell:Creating prefix chain script '/home/autodrive/laser_ws/install/setup.zsh'
