[0.025s] Invoking command in '/home/autodrive/laser_ws/build/urg_node': CMAKE_PREFIX_PATH=/opt/ros/foxy /usr/bin/cmake --build /home/autodrive/laser_ws/build/urg_node -- -j6 -l6
[0.151s] [ 22%] Built target urg_node_driver
[0.151s] [ 55%] Built target urg_node
[0.180s] [35m[1mScanning dependencies of target pointcloud_2d_to_3d[0m
[0.216s] [ 77%] Built target getID
[0.237s] [ 88%] [32mBuilding CXX object CMakeFiles/pointcloud_2d_to_3d.dir/src/pointcloud_2d_to_3d.cpp.o[0m
[11.902s] [100%] [32m[1mLinking CXX executable pointcloud_2d_to_3d[0m
[12.508s] [100%] Built target pointcloud_2d_to_3d
[12.535s] Invoked command in '/home/autodrive/laser_ws/build/urg_node' returned '0': CMAKE_PREFIX_PATH=/opt/ros/foxy /usr/bin/cmake --build /home/autodrive/laser_ws/build/urg_node -- -j6 -l6
[12.566s] Invoking command in '/home/autodrive/laser_ws/build/urg_node': CMAKE_PREFIX_PATH=/opt/ros/foxy /usr/bin/cmake --install /home/autodrive/laser_ws/build/urg_node
[12.584s] -- Install configuration: ""
[12.584s] -- Up-to-date: /home/autodrive/laser_ws/install/urg_node/lib/urg_node/urg_node_driver
[12.585s] -- Installing: /home/autodrive/laser_ws/install/urg_node/lib/urg_node/pointcloud_2d_to_3d
[12.591s] -- Set runtime path of "/home/autodrive/laser_ws/install/urg_node/lib/urg_node/pointcloud_2d_to_3d" to ""
[12.591s] -- Up-to-date: /home/autodrive/laser_ws/install/urg_node/lib/liburg_node.so
[12.592s] -- Up-to-date: /home/autodrive/laser_ws/install/urg_node/lib/urg_node/getID
[12.592s] -- Up-to-date: /home/autodrive/laser_ws/install/urg_node/include
[12.592s] -- Up-to-date: /home/autodrive/laser_ws/install/urg_node/include/urg_node
[12.593s] -- Up-to-date: /home/autodrive/laser_ws/install/urg_node/include/urg_node/urg_node.hpp
[12.593s] -- Up-to-date: /home/autodrive/laser_ws/install/urg_node/include/urg_node/urg_c_wrapper.hpp
[12.593s] -- Up-to-date: /home/autodrive/laser_ws/install/urg_node/lib/urg_node/set_urg_ip.py
[12.594s] -- Up-to-date: /home/autodrive/laser_ws/install/urg_node/share/urg_node/launch
[12.594s] -- Up-to-date: /home/autodrive/laser_ws/install/urg_node/share/urg_node/launch/urg_node_ethernet.yaml
[12.594s] -- Up-to-date: /home/autodrive/laser_ws/install/urg_node/share/urg_node/launch/urg_node_launch.py
[12.594s] -- Up-to-date: /home/autodrive/laser_ws/install/urg_node/share/urg_node/launch/urg_lidar.launch
[12.594s] -- Up-to-date: /home/autodrive/laser_ws/install/urg_node/share/urg_node/launch/hokuyo_laser.urdf
[12.595s] -- Up-to-date: /home/autodrive/laser_ws/install/urg_node/share/urg_node/launch/urg_node_serial.yaml
[12.595s] -- Up-to-date: /home/autodrive/laser_ws/install/urg_node/share/urg_node/meshes
[12.595s] -- Up-to-date: /home/autodrive/laser_ws/install/urg_node/share/urg_node/meshes/hokuyo_ust10.stl
[12.595s] -- Up-to-date: /home/autodrive/laser_ws/install/urg_node/share/urg_node/urdf
[12.595s] -- Up-to-date: /home/autodrive/laser_ws/install/urg_node/share/urg_node/urdf/hokuyo_ust10.urdf.xacro
[12.596s] -- Up-to-date: /home/autodrive/laser_ws/install/urg_node/share/urg_node/environment/library_path.sh
[12.596s] -- Up-to-date: /home/autodrive/laser_ws/install/urg_node/share/urg_node/environment/library_path.dsv
[12.596s] -- Up-to-date: /home/autodrive/laser_ws/install/urg_node/share/ament_index/resource_index/package_run_dependencies/urg_node
[12.596s] -- Up-to-date: /home/autodrive/laser_ws/install/urg_node/share/ament_index/resource_index/parent_prefix_path/urg_node
[12.596s] -- Up-to-date: /home/autodrive/laser_ws/install/urg_node/share/urg_node/environment/ament_prefix_path.sh
[12.596s] -- Up-to-date: /home/autodrive/laser_ws/install/urg_node/share/urg_node/environment/ament_prefix_path.dsv
[12.596s] -- Up-to-date: /home/autodrive/laser_ws/install/urg_node/share/urg_node/environment/path.sh
[12.597s] -- Up-to-date: /home/autodrive/laser_ws/install/urg_node/share/urg_node/environment/path.dsv
[12.597s] -- Up-to-date: /home/autodrive/laser_ws/install/urg_node/share/urg_node/local_setup.bash
[12.597s] -- Up-to-date: /home/autodrive/laser_ws/install/urg_node/share/urg_node/local_setup.sh
[12.597s] -- Up-to-date: /home/autodrive/laser_ws/install/urg_node/share/urg_node/local_setup.zsh
[12.597s] -- Up-to-date: /home/autodrive/laser_ws/install/urg_node/share/urg_node/local_setup.dsv
[12.597s] -- Installing: /home/autodrive/laser_ws/install/urg_node/share/urg_node/package.dsv
[12.598s] -- Up-to-date: /home/autodrive/laser_ws/install/urg_node/share/ament_index/resource_index/packages/urg_node
[12.598s] -- Up-to-date: /home/autodrive/laser_ws/install/urg_node/share/ament_index/resource_index/rclcpp_components/urg_node
[12.598s] -- Up-to-date: /home/autodrive/laser_ws/install/urg_node/share/urg_node/cmake/ament_cmake_export_dependencies-extras.cmake
[12.598s] -- Up-to-date: /home/autodrive/laser_ws/install/urg_node/share/urg_node/cmake/ament_cmake_export_include_directories-extras.cmake
[12.598s] -- Up-to-date: /home/autodrive/laser_ws/install/urg_node/share/urg_node/cmake/ament_cmake_export_libraries-extras.cmake
[12.599s] -- Up-to-date: /home/autodrive/laser_ws/install/urg_node/share/urg_node/cmake/urg_nodeConfig.cmake
[12.600s] -- Up-to-date: /home/autodrive/laser_ws/install/urg_node/share/urg_node/cmake/urg_nodeConfig-version.cmake
[12.601s] -- Up-to-date: /home/autodrive/laser_ws/install/urg_node/share/urg_node/package.xml
[12.602s] Invoked command in '/home/autodrive/laser_ws/build/urg_node' returned '0': CMAKE_PREFIX_PATH=/opt/ros/foxy /usr/bin/cmake --install /home/autodrive/laser_ws/build/urg_node
