-- Found ament_cmake: 0.9.12 (/opt/ros/foxy/share/ament_cmake/cmake)
-- Using PYTHON_EXECUTABLE: /usr/bin/python3
-- Override CMake install command with custom implementation using symlinks instead of copying resources
-- Found rclcpp: 2.4.3 (/opt/ros/foxy/share/rclcpp/cmake)
-- Using all available rosidl_typesupport_c: rosidl_typesupport_fastrtps_c;rosidl_typesupport_introspection_c
-- Found rosidl_adapter: 1.3.1 (/opt/ros/foxy/share/rosidl_adapter/cmake)
-- Using all available rosidl_typesupport_cpp: rosidl_typesupport_fastrtps_cpp;rosidl_typesupport_introspection_cpp
-- Found rmw_implementation_cmake: 1.0.4 (/opt/ros/foxy/share/rmw_implementation_cmake/cmake)
-- Using RMW implementation 'rmw_fastrtps_cpp' as default
-- Found tf2: 0.13.14 (/opt/ros/foxy/share/tf2/cmake)
-- Found sensor_msgs: 2.0.5 (/opt/ros/foxy/share/sensor_msgs/cmake)
-- Found ament_lint_auto: 0.9.8 (/opt/ros/foxy/share/ament_lint_auto/cmake)
-- Added test 'copyright' to check source files copyright and LICENSE
-- Added test 'cppcheck' to perform static code analysis on C / C++ code
-- Configured cppcheck include dirs: $<BUILD_INTERFACE:/home/autodrive/laser_ws/src/imu/include>
-- Configured cppcheck exclude dirs and/or files: 
-- Added test 'cpplint' to check C / C++ code against the Google style
-- Configured cpplint exclude dirs and/or files: 
-- Added test 'flake8' to check Python code syntax and style conventions
-- Added test 'lint_cmake' to check CMake code style
-- Added test 'pep257' to check Python code against some of the style conventions in PEP 257
-- Added test 'uncrustify' to check C / C++ code style
-- Configured uncrustify additional arguments: 
-- Added test 'xmllint' to check XML markup files
-- Configuring done
-- Generating done
-- Build files have been written to: /home/autodrive/laser_ws/build/gnss_imu_sim
[100%] Built target imu_driver_exe
-- Install configuration: ""
-- Execute custom install script
-- Up-to-date symlink: /home/autodrive/laser_ws/install/gnss_imu_sim/lib/gnss_imu_sim/imu_driver_exe
-- Up-to-date symlink: /home/autodrive/laser_ws/install/gnss_imu_sim/share/gnss_imu_sim/launch/imu_driver_launch.py
-- Up-to-date symlink: /home/autodrive/laser_ws/install/gnss_imu_sim/share/ament_index/resource_index/package_run_dependencies/gnss_imu_sim
-- Up-to-date symlink: /home/autodrive/laser_ws/install/gnss_imu_sim/share/ament_index/resource_index/parent_prefix_path/gnss_imu_sim
-- Up-to-date symlink: /home/autodrive/laser_ws/install/gnss_imu_sim/share/gnss_imu_sim/environment/ament_prefix_path.sh
-- Up-to-date symlink: /home/autodrive/laser_ws/install/gnss_imu_sim/share/gnss_imu_sim/environment/ament_prefix_path.dsv
-- Up-to-date symlink: /home/autodrive/laser_ws/install/gnss_imu_sim/share/gnss_imu_sim/environment/path.sh
-- Up-to-date symlink: /home/autodrive/laser_ws/install/gnss_imu_sim/share/gnss_imu_sim/environment/path.dsv
-- Up-to-date symlink: /home/autodrive/laser_ws/install/gnss_imu_sim/share/gnss_imu_sim/local_setup.bash
-- Up-to-date symlink: /home/autodrive/laser_ws/install/gnss_imu_sim/share/gnss_imu_sim/local_setup.sh
-- Up-to-date symlink: /home/autodrive/laser_ws/install/gnss_imu_sim/share/gnss_imu_sim/local_setup.zsh
-- Up-to-date symlink: /home/autodrive/laser_ws/install/gnss_imu_sim/share/gnss_imu_sim/local_setup.dsv
-- Symlinking: /home/autodrive/laser_ws/install/gnss_imu_sim/share/gnss_imu_sim/package.dsv
-- Up-to-date symlink: /home/autodrive/laser_ws/install/gnss_imu_sim/share/ament_index/resource_index/packages/gnss_imu_sim
-- Up-to-date symlink: /home/autodrive/laser_ws/install/gnss_imu_sim/share/gnss_imu_sim/cmake/gnss_imu_simConfig.cmake
-- Up-to-date symlink: /home/autodrive/laser_ws/install/gnss_imu_sim/share/gnss_imu_sim/cmake/gnss_imu_simConfig-version.cmake
-- Up-to-date symlink: /home/autodrive/laser_ws/install/gnss_imu_sim/share/gnss_imu_sim/package.xml
