[0.026s] Invoking command in '/home/autodrive/laser_ws/build/urg_node': CMAKE_PREFIX_PATH=/opt/ros/foxy /usr/bin/cmake --build /home/autodrive/laser_ws/build/urg_node -- -j6 -l6
[0.159s] [ 22%] Built target urg_node_driver
[0.161s] [ 55%] Built target urg_node
[0.188s] [35m[1mScanning dependencies of target pointcloud_2d_to_3d[0m
[0.228s] [ 77%] Built target getID
[0.247s] [ 88%] [32mBuilding CXX object CMakeFiles/pointcloud_2d_to_3d.dir/src/pointcloud_2d_to_3d.cpp.o[0m
[3.300s] [01m[K/home/autodrive/laser_ws/src/urg_node-ros2-devel/src/pointcloud_2d_to_3d.cpp:[m[K In member function ‘[01m[Kvoid PointCloudNode::laserScanToPointCloud2(const LaserScan&)[m[K’:
[3.301s] [01m[K/home/autodrive/laser_ws/src/urg_node-ros2-devel/src/pointcloud_2d_to_3d.cpp:63:13:[m[K [01;35m[Kwarning: [m[Kunused variable ‘[01m[Kangle_max[m[K’ [[01;35m[K-Wunused-variable[m[K]
[3.301s]    63 |       float [01;35m[Kangle_max[m[K = scan_msg.angle_max;
[3.301s]       |             [01;35m[K^~~~~~~~~[m[K
[12.352s] [100%] [32m[1mLinking CXX executable pointcloud_2d_to_3d[0m
[12.945s] [100%] Built target pointcloud_2d_to_3d
[12.970s] Invoked command in '/home/autodrive/laser_ws/build/urg_node' returned '0': CMAKE_PREFIX_PATH=/opt/ros/foxy /usr/bin/cmake --build /home/autodrive/laser_ws/build/urg_node -- -j6 -l6
[12.999s] Invoking command in '/home/autodrive/laser_ws/build/urg_node': CMAKE_PREFIX_PATH=/opt/ros/foxy /usr/bin/cmake --install /home/autodrive/laser_ws/build/urg_node
[13.016s] -- Install configuration: ""
[13.016s] -- Execute custom install script
[13.017s] -- Up-to-date symlink: /home/autodrive/laser_ws/install/urg_node/lib/urg_node/urg_node_driver
[13.018s] -- Up-to-date symlink: /home/autodrive/laser_ws/install/urg_node/lib/urg_node/pointcloud_2d_to_3d
[13.019s] -- Up-to-date symlink: /home/autodrive/laser_ws/install/urg_node/lib/liburg_node.so
[13.019s] -- Up-to-date symlink: /home/autodrive/laser_ws/install/urg_node/lib/urg_node/getID
[13.020s] -- Up-to-date symlink: /home/autodrive/laser_ws/install/urg_node/include/urg_node/urg_c_wrapper.hpp
[13.020s] -- Up-to-date symlink: /home/autodrive/laser_ws/install/urg_node/include/urg_node/urg_node.hpp
[13.021s] -- Up-to-date symlink: /home/autodrive/laser_ws/install/urg_node/lib/urg_node/set_urg_ip.py
[13.022s] -- Up-to-date symlink: /home/autodrive/laser_ws/install/urg_node/share/urg_node/launch/hokuyo_laser.urdf
[13.022s] -- Up-to-date symlink: /home/autodrive/laser_ws/install/urg_node/share/urg_node/launch/urg_lidar.launch
[13.022s] -- Up-to-date symlink: /home/autodrive/laser_ws/install/urg_node/share/urg_node/launch/urg_node_ethernet.yaml
[13.023s] -- Up-to-date symlink: /home/autodrive/laser_ws/install/urg_node/share/urg_node/launch/urg_node_launch.py
[13.023s] -- Up-to-date symlink: /home/autodrive/laser_ws/install/urg_node/share/urg_node/launch/urg_node_serial.yaml
[13.024s] -- Up-to-date symlink: /home/autodrive/laser_ws/install/urg_node/share/urg_node/meshes/hokuyo_ust10.stl
[13.024s] -- Up-to-date symlink: /home/autodrive/laser_ws/install/urg_node/share/urg_node/urdf/hokuyo_ust10.urdf.xacro
[13.025s] -- Up-to-date symlink: /home/autodrive/laser_ws/install/urg_node/share/urg_node/environment/library_path.sh
[13.025s] -- Up-to-date symlink: /home/autodrive/laser_ws/install/urg_node/share/urg_node/environment/library_path.dsv
[13.026s] -- Up-to-date symlink: /home/autodrive/laser_ws/install/urg_node/share/ament_index/resource_index/package_run_dependencies/urg_node
[13.026s] -- Up-to-date symlink: /home/autodrive/laser_ws/install/urg_node/share/ament_index/resource_index/parent_prefix_path/urg_node
[13.027s] -- Up-to-date symlink: /home/autodrive/laser_ws/install/urg_node/share/urg_node/environment/ament_prefix_path.sh
[13.027s] -- Up-to-date symlink: /home/autodrive/laser_ws/install/urg_node/share/urg_node/environment/ament_prefix_path.dsv
[13.028s] -- Up-to-date symlink: /home/autodrive/laser_ws/install/urg_node/share/urg_node/environment/path.sh
[13.028s] -- Up-to-date symlink: /home/autodrive/laser_ws/install/urg_node/share/urg_node/environment/path.dsv
[13.029s] -- Up-to-date symlink: /home/autodrive/laser_ws/install/urg_node/share/urg_node/local_setup.bash
[13.029s] -- Up-to-date symlink: /home/autodrive/laser_ws/install/urg_node/share/urg_node/local_setup.sh
[13.029s] -- Up-to-date symlink: /home/autodrive/laser_ws/install/urg_node/share/urg_node/local_setup.zsh
[13.030s] -- Up-to-date symlink: /home/autodrive/laser_ws/install/urg_node/share/urg_node/local_setup.dsv
[13.030s] -- Symlinking: /home/autodrive/laser_ws/install/urg_node/share/urg_node/package.dsv
[13.049s] -- Up-to-date symlink: /home/autodrive/laser_ws/install/urg_node/share/ament_index/resource_index/packages/urg_node
[13.050s] -- Up-to-date symlink: /home/autodrive/laser_ws/install/urg_node/share/ament_index/resource_index/rclcpp_components/urg_node
[13.050s] -- Up-to-date symlink: /home/autodrive/laser_ws/install/urg_node/share/urg_node/cmake/ament_cmake_export_dependencies-extras.cmake
[13.050s] -- Up-to-date symlink: /home/autodrive/laser_ws/install/urg_node/share/urg_node/cmake/ament_cmake_export_include_directories-extras.cmake
[13.051s] -- Up-to-date symlink: /home/autodrive/laser_ws/install/urg_node/share/urg_node/cmake/ament_cmake_export_libraries-extras.cmake
[13.051s] -- Up-to-date symlink: /home/autodrive/laser_ws/install/urg_node/share/urg_node/cmake/urg_nodeConfig.cmake
[13.052s] -- Up-to-date symlink: /home/autodrive/laser_ws/install/urg_node/share/urg_node/cmake/urg_nodeConfig-version.cmake
[13.052s] -- Up-to-date symlink: /home/autodrive/laser_ws/install/urg_node/share/urg_node/package.xml
[13.057s] Invoked command in '/home/autodrive/laser_ws/build/urg_node' returned '0': CMAKE_PREFIX_PATH=/opt/ros/foxy /usr/bin/cmake --install /home/autodrive/laser_ws/build/urg_node
