[0.210s] Invoking command in '/home/autodrive/laser_ws/build/gnss_imu_sim': CMAKE_PREFIX_PATH=/opt/ros/foxy /usr/bin/cmake --build /home/autodrive/laser_ws/build/gnss_imu_sim -- -j6 -l6
[1.970s] [100%] Built target imu_driver_exe
[2.089s] Invoked command in '/home/autodrive/laser_ws/build/gnss_imu_sim' returned '0': CMAKE_PREFIX_PATH=/opt/ros/foxy /usr/bin/cmake --build /home/autodrive/laser_ws/build/gnss_imu_sim -- -j6 -l6
[2.151s] Invoking command in '/home/autodrive/laser_ws/build/gnss_imu_sim': CMAKE_PREFIX_PATH=/opt/ros/foxy /usr/bin/cmake --install /home/autodrive/laser_ws/build/gnss_imu_sim
[2.201s] -- Install configuration: ""
[2.202s] -- Up-to-date: /home/autodrive/laser_ws/install/gnss_imu_sim/lib/gnss_imu_sim/imu_driver_exe
[2.203s] -- Up-to-date: /home/autodrive/laser_ws/install/gnss_imu_sim/share/gnss_imu_sim/launch
[2.206s] -- Up-to-date: /home/autodrive/laser_ws/install/gnss_imu_sim/share/gnss_imu_sim/launch/imu_driver_launch.py
[2.206s] -- Up-to-date: /home/autodrive/laser_ws/install/gnss_imu_sim/share/ament_index/resource_index/package_run_dependencies/gnss_imu_sim
[2.207s] -- Up-to-date: /home/autodrive/laser_ws/install/gnss_imu_sim/share/ament_index/resource_index/parent_prefix_path/gnss_imu_sim
[2.208s] -- Up-to-date: /home/autodrive/laser_ws/install/gnss_imu_sim/share/gnss_imu_sim/environment/ament_prefix_path.sh
[2.209s] -- Up-to-date: /home/autodrive/laser_ws/install/gnss_imu_sim/share/gnss_imu_sim/environment/ament_prefix_path.dsv
[2.209s] -- Up-to-date: /home/autodrive/laser_ws/install/gnss_imu_sim/share/gnss_imu_sim/environment/path.sh
[2.210s] -- Up-to-date: /home/autodrive/laser_ws/install/gnss_imu_sim/share/gnss_imu_sim/environment/path.dsv
[2.212s] -- Up-to-date: /home/autodrive/laser_ws/install/gnss_imu_sim/share/gnss_imu_sim/local_setup.bash
[2.213s] -- Up-to-date: /home/autodrive/laser_ws/install/gnss_imu_sim/share/gnss_imu_sim/local_setup.sh
[2.214s] -- Up-to-date: /home/autodrive/laser_ws/install/gnss_imu_sim/share/gnss_imu_sim/local_setup.zsh
[2.215s] -- Up-to-date: /home/autodrive/laser_ws/install/gnss_imu_sim/share/gnss_imu_sim/local_setup.dsv
[2.215s] -- Installing: /home/autodrive/laser_ws/install/gnss_imu_sim/share/gnss_imu_sim/package.dsv
[2.225s] -- Up-to-date: /home/autodrive/laser_ws/install/gnss_imu_sim/share/ament_index/resource_index/packages/gnss_imu_sim
[2.225s] -- Up-to-date: /home/autodrive/laser_ws/install/gnss_imu_sim/share/gnss_imu_sim/cmake/gnss_imu_simConfig.cmake
[2.225s] -- Up-to-date: /home/autodrive/laser_ws/install/gnss_imu_sim/share/gnss_imu_sim/cmake/gnss_imu_simConfig-version.cmake
[2.225s] -- Up-to-date: /home/autodrive/laser_ws/install/gnss_imu_sim/share/gnss_imu_sim/package.xml
[2.232s] Invoked command in '/home/autodrive/laser_ws/build/gnss_imu_sim' returned '0': CMAKE_PREFIX_PATH=/opt/ros/foxy /usr/bin/cmake --install /home/autodrive/laser_ws/build/gnss_imu_sim
