[2.191s] DEBUG:colcon:Command line arguments: ['/usr/bin/colcon', 'build']
[2.191s] DEBUG:colcon:Parsed command line arguments: Namespace(allow_overriding=[], ament_cmake_args=None, base_paths=['.'], build_base='build', catkin_cmake_args=None, catkin_skip_building_tests=False, cmake_args=None, cmake_clean_cache=False, cmake_clean_first=False, cmake_force_configure=False, cmake_target=None, cmake_target_skip_unavailable=False, continue_on_error=False, event_handlers=None, executor='parallel', ignore_user_meta=False, install_base='install', log_base=None, log_level=None, main=<bound method BuildVerb.main of <colcon_core.verb.build.BuildVerb object at 0xffff82a52700>>, merge_install=False, metas=['./colcon.meta'], packages_above=None, packages_above_and_dependencies=None, packages_above_depth=None, packages_end=None, packages_ignore=None, packages_ignore_regex=None, packages_select=None, packages_select_build_failed=False, packages_select_by_dep=None, packages_select_regex=None, packages_select_test_failures=False, packages_skip=None, packages_skip_build_finished=False, packages_skip_by_dep=None, packages_skip_regex=None, packages_skip_test_passed=False, packages_skip_up_to=None, packages_start=None, packages_up_to=None, packages_up_to_regex=None, parallel_workers=6, paths=None, symlink_install=False, test_result_base=None, verb_extension=<colcon_core.verb.build.BuildVerb object at 0xffff82a52700>, verb_name='build', verb_parser=<colcon_defaults.argument_parser.defaults.DefaultArgumentsDecorator object at 0xffff82a61370>)
[3.250s] Level 1:colcon.colcon_core.package_discovery:discover_packages(colcon_meta) check parameters
[3.251s] Level 1:colcon.colcon_core.package_discovery:discover_packages(recursive) check parameters
[3.251s] Level 1:colcon.colcon_core.package_discovery:discover_packages(ignore) check parameters
[3.252s] Level 1:colcon.colcon_core.package_discovery:discover_packages(path) check parameters
[3.252s] Level 1:colcon.colcon_core.package_discovery:discover_packages(colcon_meta) discover
[3.252s] Level 1:colcon.colcon_core.package_discovery:discover_packages(recursive) discover
[3.253s] INFO:colcon.colcon_core.package_discovery:Crawling recursively for packages in '/home/autodrive/laser_ws'
[3.253s] Level 1:colcon.colcon_core.package_identification:_identify(.) by extensions ['ignore', 'ignore_ament_install']
[3.253s] Level 1:colcon.colcon_core.package_identification:_identify(.) by extension 'ignore'
[3.254s] Level 1:colcon.colcon_core.package_identification:_identify(.) by extension 'ignore_ament_install'
[3.254s] Level 1:colcon.colcon_core.package_identification:_identify(.) by extensions ['colcon_pkg']
[3.254s] Level 1:colcon.colcon_core.package_identification:_identify(.) by extension 'colcon_pkg'
[3.254s] Level 1:colcon.colcon_core.package_identification:_identify(.) by extensions ['colcon_meta']
[3.255s] Level 1:colcon.colcon_core.package_identification:_identify(.) by extension 'colcon_meta'
[3.255s] Level 1:colcon.colcon_core.package_identification:_identify(.) by extensions ['ros']
[3.255s] Level 1:colcon.colcon_core.package_identification:_identify(.) by extension 'ros'
[3.357s] Level 1:colcon.colcon_core.package_identification:_identify(.) by extensions ['cmake', 'python']
[3.378s] Level 1:colcon.colcon_core.package_identification:_identify(.) by extension 'cmake'
[3.379s] Level 1:colcon.colcon_core.package_identification:_identify(.) by extension 'python'
[3.379s] Level 1:colcon.colcon_core.package_identification:_identify(.) by extensions ['python_setup_py']
[3.380s] Level 1:colcon.colcon_core.package_identification:_identify(.) by extension 'python_setup_py'
[3.380s] Level 1:colcon.colcon_core.package_identification:_identify(build) by extensions ['ignore', 'ignore_ament_install']
[3.381s] Level 1:colcon.colcon_core.package_identification:_identify(build) by extension 'ignore'
[3.381s] Level 1:colcon.colcon_core.package_identification:_identify(build) ignored
[3.393s] Level 1:colcon.colcon_core.package_identification:_identify(install) by extensions ['ignore', 'ignore_ament_install']
[3.397s] Level 1:colcon.colcon_core.package_identification:_identify(install) by extension 'ignore'
[3.398s] Level 1:colcon.colcon_core.package_identification:_identify(install) ignored
[3.404s] Level 1:colcon.colcon_core.package_identification:_identify(log) by extensions ['ignore', 'ignore_ament_install']
[3.417s] Level 1:colcon.colcon_core.package_identification:_identify(log) by extension 'ignore'
[3.418s] Level 1:colcon.colcon_core.package_identification:_identify(log) ignored
[3.421s] Level 1:colcon.colcon_core.package_identification:_identify(src) by extensions ['ignore', 'ignore_ament_install']
[3.429s] Level 1:colcon.colcon_core.package_identification:_identify(src) by extension 'ignore'
[3.430s] Level 1:colcon.colcon_core.package_identification:_identify(src) by extension 'ignore_ament_install'
[3.431s] Level 1:colcon.colcon_core.package_identification:_identify(src) by extensions ['colcon_pkg']
[3.431s] Level 1:colcon.colcon_core.package_identification:_identify(src) by extension 'colcon_pkg'
[3.432s] Level 1:colcon.colcon_core.package_identification:_identify(src) by extensions ['colcon_meta']
[3.433s] Level 1:colcon.colcon_core.package_identification:_identify(src) by extension 'colcon_meta'
[3.433s] Level 1:colcon.colcon_core.package_identification:_identify(src) by extensions ['ros']
[3.433s] Level 1:colcon.colcon_core.package_identification:_identify(src) by extension 'ros'
[3.434s] Level 1:colcon.colcon_core.package_identification:_identify(src) by extensions ['cmake', 'python']
[3.434s] Level 1:colcon.colcon_core.package_identification:_identify(src) by extension 'cmake'
[3.434s] Level 1:colcon.colcon_core.package_identification:_identify(src) by extension 'python'
[3.435s] Level 1:colcon.colcon_core.package_identification:_identify(src) by extensions ['python_setup_py']
[3.436s] Level 1:colcon.colcon_core.package_identification:_identify(src) by extension 'python_setup_py'
[3.443s] Level 1:colcon.colcon_core.package_identification:_identify(src/imu) by extensions ['ignore', 'ignore_ament_install']
[3.453s] Level 1:colcon.colcon_core.package_identification:_identify(src/imu) by extension 'ignore'
[3.457s] Level 1:colcon.colcon_core.package_identification:_identify(src/imu) by extension 'ignore_ament_install'
[3.458s] Level 1:colcon.colcon_core.package_identification:_identify(src/imu) by extensions ['colcon_pkg']
[3.458s] Level 1:colcon.colcon_core.package_identification:_identify(src/imu) by extension 'colcon_pkg'
[3.459s] Level 1:colcon.colcon_core.package_identification:_identify(src/imu) by extensions ['colcon_meta']
[3.459s] Level 1:colcon.colcon_core.package_identification:_identify(src/imu) by extension 'colcon_meta'
[3.462s] Level 1:colcon.colcon_core.package_identification:_identify(src/imu) by extensions ['ros']
[3.462s] Level 1:colcon.colcon_core.package_identification:_identify(src/imu) by extension 'ros'
[3.516s] DEBUG:colcon.colcon_core.package_identification:Package 'src/imu' with type 'ros.ament_cmake' and name 'gnss_imu_sim'
[3.527s] Level 1:colcon.colcon_core.package_identification:_identify(src/keyboard_serial) by extensions ['ignore', 'ignore_ament_install']
[3.531s] Level 1:colcon.colcon_core.package_identification:_identify(src/keyboard_serial) by extension 'ignore'
[3.532s] Level 1:colcon.colcon_core.package_identification:_identify(src/keyboard_serial) by extension 'ignore_ament_install'
[3.533s] Level 1:colcon.colcon_core.package_identification:_identify(src/keyboard_serial) by extensions ['colcon_pkg']
[3.540s] Level 1:colcon.colcon_core.package_identification:_identify(src/keyboard_serial) by extension 'colcon_pkg'
[3.541s] Level 1:colcon.colcon_core.package_identification:_identify(src/keyboard_serial) by extensions ['colcon_meta']
[3.543s] Level 1:colcon.colcon_core.package_identification:_identify(src/keyboard_serial) by extension 'colcon_meta'
[3.543s] Level 1:colcon.colcon_core.package_identification:_identify(src/keyboard_serial) by extensions ['ros']
[3.543s] Level 1:colcon.colcon_core.package_identification:_identify(src/keyboard_serial) by extension 'ros'
[3.552s] DEBUG:colcon.colcon_core.package_identification:Package 'src/keyboard_serial' with type 'ros.ament_python' and name 'keyboard_serial'
[3.558s] Level 1:colcon.colcon_core.package_identification:_identify(src/urg_node-ros2-devel) by extensions ['ignore', 'ignore_ament_install']
[3.559s] Level 1:colcon.colcon_core.package_identification:_identify(src/urg_node-ros2-devel) by extension 'ignore'
[3.563s] Level 1:colcon.colcon_core.package_identification:_identify(src/urg_node-ros2-devel) by extension 'ignore_ament_install'
[3.565s] Level 1:colcon.colcon_core.package_identification:_identify(src/urg_node-ros2-devel) by extensions ['colcon_pkg']
[3.566s] Level 1:colcon.colcon_core.package_identification:_identify(src/urg_node-ros2-devel) by extension 'colcon_pkg'
[3.574s] Level 1:colcon.colcon_core.package_identification:_identify(src/urg_node-ros2-devel) by extensions ['colcon_meta']
[3.575s] Level 1:colcon.colcon_core.package_identification:_identify(src/urg_node-ros2-devel) by extension 'colcon_meta'
[3.575s] Level 1:colcon.colcon_core.package_identification:_identify(src/urg_node-ros2-devel) by extensions ['ros']
[3.576s] Level 1:colcon.colcon_core.package_identification:_identify(src/urg_node-ros2-devel) by extension 'ros'
[3.598s] DEBUG:colcon.colcon_core.package_identification:Package 'src/urg_node-ros2-devel' with type 'ros.ament_cmake' and name 'urg_node'
[3.603s] Level 1:colcon.colcon_core.package_discovery:discover_packages(recursive) using defaults
[3.604s] Level 1:colcon.colcon_core.package_discovery:discover_packages(ignore) discover
[3.606s] Level 1:colcon.colcon_core.package_discovery:discover_packages(ignore) using defaults
[3.609s] Level 1:colcon.colcon_core.package_discovery:discover_packages(path) discover
[3.610s] Level 1:colcon.colcon_core.package_discovery:discover_packages(path) using defaults
[3.705s] Level 1:colcon.colcon_core.package_discovery:discover_packages(prefix_path) check parameters
[3.706s] Level 1:colcon.colcon_core.package_discovery:discover_packages(prefix_path) discover
[3.713s] DEBUG:colcon.colcon_installed_package_information.package_discovery:Found 270 installed packages in /opt/ros/foxy
[3.723s] Level 1:colcon.colcon_core.package_discovery:discover_packages(prefix_path) using defaults
[4.225s] Level 5:colcon.colcon_core.verb:set package 'gnss_imu_sim' build argument 'cmake_args' from command line to 'None'
[4.226s] Level 5:colcon.colcon_core.verb:set package 'gnss_imu_sim' build argument 'cmake_target' from command line to 'None'
[4.226s] Level 5:colcon.colcon_core.verb:set package 'gnss_imu_sim' build argument 'cmake_target_skip_unavailable' from command line to 'False'
[4.226s] Level 5:colcon.colcon_core.verb:set package 'gnss_imu_sim' build argument 'cmake_clean_cache' from command line to 'False'
[4.234s] Level 5:colcon.colcon_core.verb:set package 'gnss_imu_sim' build argument 'cmake_clean_first' from command line to 'False'
[4.235s] Level 5:colcon.colcon_core.verb:set package 'gnss_imu_sim' build argument 'cmake_force_configure' from command line to 'False'
[4.235s] Level 5:colcon.colcon_core.verb:set package 'gnss_imu_sim' build argument 'ament_cmake_args' from command line to 'None'
[4.235s] Level 5:colcon.colcon_core.verb:set package 'gnss_imu_sim' build argument 'catkin_cmake_args' from command line to 'None'
[4.235s] Level 5:colcon.colcon_core.verb:set package 'gnss_imu_sim' build argument 'catkin_skip_building_tests' from command line to 'False'
[4.235s] DEBUG:colcon.colcon_core.verb:Building package 'gnss_imu_sim' with the following arguments: {'ament_cmake_args': None, 'build_base': '/home/autodrive/laser_ws/build/gnss_imu_sim', 'catkin_cmake_args': None, 'catkin_skip_building_tests': False, 'cmake_args': None, 'cmake_clean_cache': False, 'cmake_clean_first': False, 'cmake_force_configure': False, 'cmake_target': None, 'cmake_target_skip_unavailable': False, 'install_base': '/home/autodrive/laser_ws/install/gnss_imu_sim', 'merge_install': False, 'path': '/home/autodrive/laser_ws/src/imu', 'symlink_install': False, 'test_result_base': None}
[4.236s] Level 5:colcon.colcon_core.verb:set package 'keyboard_serial' build argument 'cmake_args' from command line to 'None'
[4.237s] Level 5:colcon.colcon_core.verb:set package 'keyboard_serial' build argument 'cmake_target' from command line to 'None'
[4.237s] Level 5:colcon.colcon_core.verb:set package 'keyboard_serial' build argument 'cmake_target_skip_unavailable' from command line to 'False'
[4.237s] Level 5:colcon.colcon_core.verb:set package 'keyboard_serial' build argument 'cmake_clean_cache' from command line to 'False'
[4.237s] Level 5:colcon.colcon_core.verb:set package 'keyboard_serial' build argument 'cmake_clean_first' from command line to 'False'
[4.237s] Level 5:colcon.colcon_core.verb:set package 'keyboard_serial' build argument 'cmake_force_configure' from command line to 'False'
[4.237s] Level 5:colcon.colcon_core.verb:set package 'keyboard_serial' build argument 'ament_cmake_args' from command line to 'None'
[4.237s] Level 5:colcon.colcon_core.verb:set package 'keyboard_serial' build argument 'catkin_cmake_args' from command line to 'None'
[4.237s] Level 5:colcon.colcon_core.verb:set package 'keyboard_serial' build argument 'catkin_skip_building_tests' from command line to 'False'
[4.237s] DEBUG:colcon.colcon_core.verb:Building package 'keyboard_serial' with the following arguments: {'ament_cmake_args': None, 'build_base': '/home/autodrive/laser_ws/build/keyboard_serial', 'catkin_cmake_args': None, 'catkin_skip_building_tests': False, 'cmake_args': None, 'cmake_clean_cache': False, 'cmake_clean_first': False, 'cmake_force_configure': False, 'cmake_target': None, 'cmake_target_skip_unavailable': False, 'install_base': '/home/autodrive/laser_ws/install/keyboard_serial', 'merge_install': False, 'path': '/home/autodrive/laser_ws/src/keyboard_serial', 'symlink_install': False, 'test_result_base': None}
[4.238s] Level 5:colcon.colcon_core.verb:set package 'urg_node' build argument 'cmake_args' from command line to 'None'
[4.238s] Level 5:colcon.colcon_core.verb:set package 'urg_node' build argument 'cmake_target' from command line to 'None'
[4.238s] Level 5:colcon.colcon_core.verb:set package 'urg_node' build argument 'cmake_target_skip_unavailable' from command line to 'False'
[4.238s] Level 5:colcon.colcon_core.verb:set package 'urg_node' build argument 'cmake_clean_cache' from command line to 'False'
[4.238s] Level 5:colcon.colcon_core.verb:set package 'urg_node' build argument 'cmake_clean_first' from command line to 'False'
[4.238s] Level 5:colcon.colcon_core.verb:set package 'urg_node' build argument 'cmake_force_configure' from command line to 'False'
[4.238s] Level 5:colcon.colcon_core.verb:set package 'urg_node' build argument 'ament_cmake_args' from command line to 'None'
[4.238s] Level 5:colcon.colcon_core.verb:set package 'urg_node' build argument 'catkin_cmake_args' from command line to 'None'
[4.238s] Level 5:colcon.colcon_core.verb:set package 'urg_node' build argument 'catkin_skip_building_tests' from command line to 'False'
[4.238s] DEBUG:colcon.colcon_core.verb:Building package 'urg_node' with the following arguments: {'ament_cmake_args': None, 'build_base': '/home/autodrive/laser_ws/build/urg_node', 'catkin_cmake_args': None, 'catkin_skip_building_tests': False, 'cmake_args': None, 'cmake_clean_cache': False, 'cmake_clean_first': False, 'cmake_force_configure': False, 'cmake_target': None, 'cmake_target_skip_unavailable': False, 'install_base': '/home/autodrive/laser_ws/install/urg_node', 'merge_install': False, 'path': '/home/autodrive/laser_ws/src/urg_node-ros2-devel', 'symlink_install': False, 'test_result_base': None}
[4.239s] INFO:colcon.colcon_core.executor:Executing jobs using 'parallel' executor
[4.259s] DEBUG:colcon.colcon_parallel_executor.executor.parallel:run_until_complete
[4.260s] INFO:colcon.colcon_ros.task.ament_cmake.build:Building ROS package in '/home/autodrive/laser_ws/src/imu' with build type 'ament_cmake'
[4.260s] INFO:colcon.colcon_cmake.task.cmake.build:Building CMake package in '/home/autodrive/laser_ws/src/imu'
[4.271s] INFO:colcon.colcon_core.plugin_system:Skipping extension 'colcon_core.shell.bat': Not used on non-Windows systems
[4.272s] INFO:colcon.colcon_core.shell:Skip shell extension 'powershell' for command environment: Not usable outside of PowerShell
[4.272s] DEBUG:colcon.colcon_core.shell:Skip shell extension 'dsv' for command environment
[4.299s] INFO:colcon.colcon_ros.task.ament_python.build:Building ROS package in '/home/autodrive/laser_ws/src/keyboard_serial' with build type 'ament_python'
[4.301s] Level 1:colcon.colcon_core.shell:create_environment_hook('keyboard_serial', 'ament_prefix_path')
[4.303s] INFO:colcon.colcon_core.shell:Creating environment hook '/home/autodrive/laser_ws/install/keyboard_serial/share/keyboard_serial/hook/ament_prefix_path.ps1'
[4.322s] INFO:colcon.colcon_core.shell:Creating environment descriptor '/home/autodrive/laser_ws/install/keyboard_serial/share/keyboard_serial/hook/ament_prefix_path.dsv'
[4.331s] INFO:colcon.colcon_core.shell:Creating environment hook '/home/autodrive/laser_ws/install/keyboard_serial/share/keyboard_serial/hook/ament_prefix_path.sh'
[4.334s] INFO:colcon.colcon_core.shell:Skip shell extension 'powershell' for command environment: Not usable outside of PowerShell
[4.335s] DEBUG:colcon.colcon_core.shell:Skip shell extension 'dsv' for command environment
[4.384s] INFO:colcon.colcon_ros.task.ament_cmake.build:Building ROS package in '/home/autodrive/laser_ws/src/urg_node-ros2-devel' with build type 'ament_cmake'
[4.385s] INFO:colcon.colcon_cmake.task.cmake.build:Building CMake package in '/home/autodrive/laser_ws/src/urg_node-ros2-devel'
[4.386s] INFO:colcon.colcon_core.shell:Skip shell extension 'powershell' for command environment: Not usable outside of PowerShell
[4.387s] DEBUG:colcon.colcon_core.shell:Skip shell extension 'dsv' for command environment
[4.476s] DEBUG:colcon.colcon_core.event_handler.log_command:Invoking command in '/home/autodrive/laser_ws/build/gnss_imu_sim': CMAKE_PREFIX_PATH=/opt/ros/foxy /usr/bin/cmake --build /home/autodrive/laser_ws/build/gnss_imu_sim -- -j6 -l6
[5.741s] INFO:colcon.colcon_core.task.python.build:Building Python package in '/home/autodrive/laser_ws/src/keyboard_serial'
[5.743s] INFO:colcon.colcon_core.shell:Skip shell extension 'powershell' for command environment: Not usable outside of PowerShell
[5.743s] DEBUG:colcon.colcon_core.shell:Skip shell extension 'dsv' for command environment
[5.805s] DEBUG:colcon.colcon_core.event_handler.log_command:Invoking command in '/home/autodrive/laser_ws/build/urg_node': CMAKE_PREFIX_PATH=/opt/ros/foxy /usr/bin/cmake --build /home/autodrive/laser_ws/build/urg_node -- -j6 -l6
[5.898s] DEBUG:colcon.colcon_core.event_handler.log_command:Invoked command in '/home/autodrive/laser_ws/build/gnss_imu_sim' returned '0': CMAKE_PREFIX_PATH=/opt/ros/foxy /usr/bin/cmake --build /home/autodrive/laser_ws/build/gnss_imu_sim -- -j6 -l6
[5.981s] DEBUG:colcon.colcon_core.event_handler.log_command:Invoking command in '/home/autodrive/laser_ws/build/gnss_imu_sim': CMAKE_PREFIX_PATH=/opt/ros/foxy /usr/bin/cmake --install /home/autodrive/laser_ws/build/gnss_imu_sim
[6.083s] Level 1:colcon.colcon_core.environment:create_environment_scripts_only(gnss_imu_sim)
[6.087s] DEBUG:colcon.colcon_core.event_handler.log_command:Invoked command in '/home/autodrive/laser_ws/build/gnss_imu_sim' returned '0': CMAKE_PREFIX_PATH=/opt/ros/foxy /usr/bin/cmake --install /home/autodrive/laser_ws/build/gnss_imu_sim
[6.108s] Level 1:colcon.colcon_core.environment:checking '/home/autodrive/laser_ws/install/gnss_imu_sim' for CMake module files
[6.113s] Level 1:colcon.colcon_core.environment:checking '/home/autodrive/laser_ws/install/gnss_imu_sim' for CMake config files
[6.116s] Level 1:colcon.colcon_core.shell:create_environment_hook('gnss_imu_sim', 'cmake_prefix_path')
[6.117s] INFO:colcon.colcon_core.shell:Creating environment hook '/home/autodrive/laser_ws/install/gnss_imu_sim/share/gnss_imu_sim/hook/cmake_prefix_path.ps1'
[6.119s] INFO:colcon.colcon_core.shell:Creating environment descriptor '/home/autodrive/laser_ws/install/gnss_imu_sim/share/gnss_imu_sim/hook/cmake_prefix_path.dsv'
[6.120s] INFO:colcon.colcon_core.shell:Creating environment hook '/home/autodrive/laser_ws/install/gnss_imu_sim/share/gnss_imu_sim/hook/cmake_prefix_path.sh'
[6.123s] Level 1:colcon.colcon_core.environment:checking '/home/autodrive/laser_ws/install/gnss_imu_sim/lib'
[6.126s] Level 1:colcon.colcon_core.environment:checking '/home/autodrive/laser_ws/install/gnss_imu_sim/bin'
[6.127s] Level 1:colcon.colcon_core.environment:checking '/home/autodrive/laser_ws/install/gnss_imu_sim/lib/pkgconfig/gnss_imu_sim.pc'
[6.128s] Level 1:colcon.colcon_core.environment:checking '/home/autodrive/laser_ws/install/gnss_imu_sim/lib/python3.8/site-packages'
[6.128s] Level 1:colcon.colcon_core.environment:checking '/home/autodrive/laser_ws/install/gnss_imu_sim/bin'
[6.129s] INFO:colcon.colcon_core.shell:Creating package script '/home/autodrive/laser_ws/install/gnss_imu_sim/share/gnss_imu_sim/package.ps1'
[6.142s] INFO:colcon.colcon_core.shell:Creating package descriptor '/home/autodrive/laser_ws/install/gnss_imu_sim/share/gnss_imu_sim/package.dsv'
[6.154s] INFO:colcon.colcon_core.shell:Creating package script '/home/autodrive/laser_ws/install/gnss_imu_sim/share/gnss_imu_sim/package.sh'
[6.159s] INFO:colcon.colcon_core.shell:Creating package script '/home/autodrive/laser_ws/install/gnss_imu_sim/share/gnss_imu_sim/package.bash'
[6.164s] INFO:colcon.colcon_core.shell:Creating package script '/home/autodrive/laser_ws/install/gnss_imu_sim/share/gnss_imu_sim/package.zsh'
[6.170s] Level 1:colcon.colcon_core.environment:create_file_with_runtime_dependencies(/home/autodrive/laser_ws/install/gnss_imu_sim/share/colcon-core/packages/gnss_imu_sim)
[6.179s] Level 1:colcon.colcon_core.environment:create_environment_scripts_only(gnss_imu_sim)
[6.179s] Level 1:colcon.colcon_core.environment:checking '/home/autodrive/laser_ws/install/gnss_imu_sim' for CMake module files
[6.187s] Level 1:colcon.colcon_core.environment:checking '/home/autodrive/laser_ws/install/gnss_imu_sim' for CMake config files
[6.187s] Level 1:colcon.colcon_core.shell:create_environment_hook('gnss_imu_sim', 'cmake_prefix_path')
[6.188s] INFO:colcon.colcon_core.shell:Creating environment hook '/home/autodrive/laser_ws/install/gnss_imu_sim/share/gnss_imu_sim/hook/cmake_prefix_path.ps1'
[6.193s] INFO:colcon.colcon_core.shell:Creating environment descriptor '/home/autodrive/laser_ws/install/gnss_imu_sim/share/gnss_imu_sim/hook/cmake_prefix_path.dsv'
[6.195s] INFO:colcon.colcon_core.shell:Creating environment hook '/home/autodrive/laser_ws/install/gnss_imu_sim/share/gnss_imu_sim/hook/cmake_prefix_path.sh'
[6.203s] Level 1:colcon.colcon_core.environment:checking '/home/autodrive/laser_ws/install/gnss_imu_sim/lib'
[6.203s] Level 1:colcon.colcon_core.environment:checking '/home/autodrive/laser_ws/install/gnss_imu_sim/bin'
[6.204s] Level 1:colcon.colcon_core.environment:checking '/home/autodrive/laser_ws/install/gnss_imu_sim/lib/pkgconfig/gnss_imu_sim.pc'
[6.206s] Level 1:colcon.colcon_core.environment:checking '/home/autodrive/laser_ws/install/gnss_imu_sim/lib/python3.8/site-packages'
[6.207s] Level 1:colcon.colcon_core.environment:checking '/home/autodrive/laser_ws/install/gnss_imu_sim/bin'
[6.208s] INFO:colcon.colcon_core.shell:Creating package script '/home/autodrive/laser_ws/install/gnss_imu_sim/share/gnss_imu_sim/package.ps1'
[6.211s] INFO:colcon.colcon_core.shell:Creating package descriptor '/home/autodrive/laser_ws/install/gnss_imu_sim/share/gnss_imu_sim/package.dsv'
[6.223s] INFO:colcon.colcon_core.shell:Creating package script '/home/autodrive/laser_ws/install/gnss_imu_sim/share/gnss_imu_sim/package.sh'
[6.224s] INFO:colcon.colcon_core.shell:Creating package script '/home/autodrive/laser_ws/install/gnss_imu_sim/share/gnss_imu_sim/package.bash'
[6.225s] INFO:colcon.colcon_core.shell:Creating package script '/home/autodrive/laser_ws/install/gnss_imu_sim/share/gnss_imu_sim/package.zsh'
[6.226s] Level 1:colcon.colcon_core.environment:create_file_with_runtime_dependencies(/home/autodrive/laser_ws/install/gnss_imu_sim/share/colcon-core/packages/gnss_imu_sim)
[6.901s] DEBUG:colcon.colcon_core.event_handler.log_command:Invoked command in '/home/autodrive/laser_ws/build/urg_node' returned '0': CMAKE_PREFIX_PATH=/opt/ros/foxy /usr/bin/cmake --build /home/autodrive/laser_ws/build/urg_node -- -j6 -l6
[6.907s] DEBUG:colcon.colcon_core.event_handler.log_command:Invoking command in '/home/autodrive/laser_ws/build/urg_node': CMAKE_PREFIX_PATH=/opt/ros/foxy /usr/bin/cmake --install /home/autodrive/laser_ws/build/urg_node
[7.123s] Level 1:colcon.colcon_core.environment:create_environment_scripts_only(urg_node)
[7.125s] Level 1:colcon.colcon_core.environment:checking '/home/autodrive/laser_ws/install/urg_node' for CMake module files
[7.126s] Level 1:colcon.colcon_core.environment:checking '/home/autodrive/laser_ws/install/urg_node' for CMake config files
[7.128s] DEBUG:colcon.colcon_core.event_handler.log_command:Invoked command in '/home/autodrive/laser_ws/build/urg_node' returned '0': CMAKE_PREFIX_PATH=/opt/ros/foxy /usr/bin/cmake --install /home/autodrive/laser_ws/build/urg_node
[7.128s] Level 1:colcon.colcon_core.shell:create_environment_hook('urg_node', 'cmake_prefix_path')
[7.129s] INFO:colcon.colcon_core.shell:Creating environment hook '/home/autodrive/laser_ws/install/urg_node/share/urg_node/hook/cmake_prefix_path.ps1'
[7.132s] INFO:colcon.colcon_core.shell:Creating environment descriptor '/home/autodrive/laser_ws/install/urg_node/share/urg_node/hook/cmake_prefix_path.dsv'
[7.134s] INFO:colcon.colcon_core.shell:Creating environment hook '/home/autodrive/laser_ws/install/urg_node/share/urg_node/hook/cmake_prefix_path.sh'
[7.145s] Level 1:colcon.colcon_core.environment:checking '/home/autodrive/laser_ws/install/urg_node/lib'
[7.145s] Level 1:colcon.colcon_core.shell:create_environment_hook('urg_node', 'ld_library_path_lib')
[7.146s] INFO:colcon.colcon_core.shell:Creating environment hook '/home/autodrive/laser_ws/install/urg_node/share/urg_node/hook/ld_library_path_lib.ps1'
[7.155s] INFO:colcon.colcon_core.shell:Creating environment descriptor '/home/autodrive/laser_ws/install/urg_node/share/urg_node/hook/ld_library_path_lib.dsv'
[7.157s] INFO:colcon.colcon_core.shell:Creating environment hook '/home/autodrive/laser_ws/install/urg_node/share/urg_node/hook/ld_library_path_lib.sh'
[7.159s] Level 1:colcon.colcon_core.environment:checking '/home/autodrive/laser_ws/install/urg_node/bin'
[7.160s] Level 1:colcon.colcon_core.environment:checking '/home/autodrive/laser_ws/install/urg_node/lib/pkgconfig/urg_node.pc'
[7.160s] Level 1:colcon.colcon_core.environment:checking '/home/autodrive/laser_ws/install/urg_node/lib/python3.8/site-packages'
[7.161s] Level 1:colcon.colcon_core.environment:checking '/home/autodrive/laser_ws/install/urg_node/bin'
[7.162s] INFO:colcon.colcon_core.shell:Creating package script '/home/autodrive/laser_ws/install/urg_node/share/urg_node/package.ps1'
[7.164s] INFO:colcon.colcon_core.shell:Creating package descriptor '/home/autodrive/laser_ws/install/urg_node/share/urg_node/package.dsv'
[7.177s] INFO:colcon.colcon_core.shell:Creating package script '/home/autodrive/laser_ws/install/urg_node/share/urg_node/package.sh'
[7.180s] INFO:colcon.colcon_core.shell:Creating package script '/home/autodrive/laser_ws/install/urg_node/share/urg_node/package.bash'
[7.188s] INFO:colcon.colcon_core.shell:Creating package script '/home/autodrive/laser_ws/install/urg_node/share/urg_node/package.zsh'
[7.193s] Level 1:colcon.colcon_core.environment:create_file_with_runtime_dependencies(/home/autodrive/laser_ws/install/urg_node/share/colcon-core/packages/urg_node)
[7.196s] Level 1:colcon.colcon_core.environment:create_environment_scripts_only(urg_node)
[7.199s] Level 1:colcon.colcon_core.environment:checking '/home/autodrive/laser_ws/install/urg_node' for CMake module files
[7.201s] Level 1:colcon.colcon_core.environment:checking '/home/autodrive/laser_ws/install/urg_node' for CMake config files
[7.202s] Level 1:colcon.colcon_core.shell:create_environment_hook('urg_node', 'cmake_prefix_path')
[7.207s] INFO:colcon.colcon_core.shell:Creating environment hook '/home/autodrive/laser_ws/install/urg_node/share/urg_node/hook/cmake_prefix_path.ps1'
[7.210s] INFO:colcon.colcon_core.shell:Creating environment descriptor '/home/autodrive/laser_ws/install/urg_node/share/urg_node/hook/cmake_prefix_path.dsv'
[7.212s] INFO:colcon.colcon_core.shell:Creating environment hook '/home/autodrive/laser_ws/install/urg_node/share/urg_node/hook/cmake_prefix_path.sh'
[7.214s] Level 1:colcon.colcon_core.environment:checking '/home/autodrive/laser_ws/install/urg_node/lib'
[7.215s] Level 1:colcon.colcon_core.shell:create_environment_hook('urg_node', 'ld_library_path_lib')
[7.216s] INFO:colcon.colcon_core.shell:Creating environment hook '/home/autodrive/laser_ws/install/urg_node/share/urg_node/hook/ld_library_path_lib.ps1'
[7.224s] INFO:colcon.colcon_core.shell:Creating environment descriptor '/home/autodrive/laser_ws/install/urg_node/share/urg_node/hook/ld_library_path_lib.dsv'
[7.226s] INFO:colcon.colcon_core.shell:Creating environment hook '/home/autodrive/laser_ws/install/urg_node/share/urg_node/hook/ld_library_path_lib.sh'
[7.227s] Level 1:colcon.colcon_core.environment:checking '/home/autodrive/laser_ws/install/urg_node/bin'
[7.228s] Level 1:colcon.colcon_core.environment:checking '/home/autodrive/laser_ws/install/urg_node/lib/pkgconfig/urg_node.pc'
[7.228s] Level 1:colcon.colcon_core.environment:checking '/home/autodrive/laser_ws/install/urg_node/lib/python3.8/site-packages'
[7.229s] Level 1:colcon.colcon_core.environment:checking '/home/autodrive/laser_ws/install/urg_node/bin'
[7.230s] INFO:colcon.colcon_core.shell:Creating package script '/home/autodrive/laser_ws/install/urg_node/share/urg_node/package.ps1'
[7.234s] INFO:colcon.colcon_core.shell:Creating package descriptor '/home/autodrive/laser_ws/install/urg_node/share/urg_node/package.dsv'
[7.242s] INFO:colcon.colcon_core.shell:Creating package script '/home/autodrive/laser_ws/install/urg_node/share/urg_node/package.sh'
[7.245s] INFO:colcon.colcon_core.shell:Creating package script '/home/autodrive/laser_ws/install/urg_node/share/urg_node/package.bash'
[7.247s] INFO:colcon.colcon_core.shell:Creating package script '/home/autodrive/laser_ws/install/urg_node/share/urg_node/package.zsh'
[7.259s] Level 1:colcon.colcon_core.environment:create_file_with_runtime_dependencies(/home/autodrive/laser_ws/install/urg_node/share/colcon-core/packages/urg_node)
[8.610s] DEBUG:colcon.colcon_core.event_handler.log_command:Invoking command in '/home/autodrive/laser_ws/src/keyboard_serial': PYTHONPATH=/home/autodrive/laser_ws/build/keyboard_serial/prefix_override:/usr/lib/python3/dist-packages/colcon_core/task/python/colcon_distutils_commands:/home/autodrive/laser_ws/install/keyboard_serial/lib/python3.8/site-packages:${PYTHONPATH} /usr/bin/python3 -W ignore:setup.py install is deprecated -W ignore:easy_install command is deprecated setup.py egg_info --egg-base ../../build/keyboard_serial build --build-base /home/autodrive/laser_ws/build/keyboard_serial/build install --record /home/autodrive/laser_ws/build/keyboard_serial/install.log --install-scripts $base/lib/keyboard_serial --single-version-externally-managed install_data
[9.638s] Level 1:colcon.colcon_core.environment:checking '/home/autodrive/laser_ws/install/keyboard_serial' for CMake module files
[9.640s] Level 1:colcon.colcon_core.environment:checking '/home/autodrive/laser_ws/install/keyboard_serial' for CMake config files
[9.641s] DEBUG:colcon.colcon_core.event_handler.log_command:Invoked command in '/home/autodrive/laser_ws/src/keyboard_serial' returned '0': PYTHONPATH=/home/autodrive/laser_ws/build/keyboard_serial/prefix_override:/usr/lib/python3/dist-packages/colcon_core/task/python/colcon_distutils_commands:/home/autodrive/laser_ws/install/keyboard_serial/lib/python3.8/site-packages:${PYTHONPATH} /usr/bin/python3 -W ignore:setup.py install is deprecated -W ignore:easy_install command is deprecated setup.py egg_info --egg-base ../../build/keyboard_serial build --build-base /home/autodrive/laser_ws/build/keyboard_serial/build install --record /home/autodrive/laser_ws/build/keyboard_serial/install.log --install-scripts $base/lib/keyboard_serial --single-version-externally-managed install_data
[9.644s] Level 1:colcon.colcon_core.environment:checking '/home/autodrive/laser_ws/install/keyboard_serial/lib'
[9.645s] Level 1:colcon.colcon_core.environment:checking '/home/autodrive/laser_ws/install/keyboard_serial/bin'
[9.645s] Level 1:colcon.colcon_core.environment:checking '/home/autodrive/laser_ws/install/keyboard_serial/lib/pkgconfig/keyboard_serial.pc'
[9.646s] Level 1:colcon.colcon_core.environment:checking '/home/autodrive/laser_ws/install/keyboard_serial/lib/python3.8/site-packages'
[9.647s] Level 1:colcon.colcon_core.shell:create_environment_hook('keyboard_serial', 'pythonpath')
[9.648s] INFO:colcon.colcon_core.shell:Creating environment hook '/home/autodrive/laser_ws/install/keyboard_serial/share/keyboard_serial/hook/pythonpath.ps1'
[9.650s] INFO:colcon.colcon_core.shell:Creating environment descriptor '/home/autodrive/laser_ws/install/keyboard_serial/share/keyboard_serial/hook/pythonpath.dsv'
[9.651s] INFO:colcon.colcon_core.shell:Creating environment hook '/home/autodrive/laser_ws/install/keyboard_serial/share/keyboard_serial/hook/pythonpath.sh'
[9.653s] Level 1:colcon.colcon_core.environment:checking '/home/autodrive/laser_ws/install/keyboard_serial/bin'
[9.654s] Level 1:colcon.colcon_core.environment:create_environment_scripts_only(keyboard_serial)
[9.655s] INFO:colcon.colcon_core.shell:Creating package script '/home/autodrive/laser_ws/install/keyboard_serial/share/keyboard_serial/package.ps1'
[9.657s] INFO:colcon.colcon_core.shell:Creating package descriptor '/home/autodrive/laser_ws/install/keyboard_serial/share/keyboard_serial/package.dsv'
[9.659s] INFO:colcon.colcon_core.shell:Creating package script '/home/autodrive/laser_ws/install/keyboard_serial/share/keyboard_serial/package.sh'
[9.664s] INFO:colcon.colcon_core.shell:Creating package script '/home/autodrive/laser_ws/install/keyboard_serial/share/keyboard_serial/package.bash'
[9.669s] INFO:colcon.colcon_core.shell:Creating package script '/home/autodrive/laser_ws/install/keyboard_serial/share/keyboard_serial/package.zsh'
[9.671s] Level 1:colcon.colcon_core.environment:create_file_with_runtime_dependencies(/home/autodrive/laser_ws/install/keyboard_serial/share/colcon-core/packages/keyboard_serial)
[9.675s] DEBUG:colcon.colcon_parallel_executor.executor.parallel:closing loop
[9.676s] DEBUG:colcon.colcon_parallel_executor.executor.parallel:loop closed
[9.676s] DEBUG:colcon.colcon_parallel_executor.executor.parallel:run_until_complete finished with '0'
[9.677s] DEBUG:colcon.colcon_core.event_reactor:joining thread
[9.704s] INFO:colcon.colcon_core.plugin_system:Skipping extension 'colcon_notification.desktop_notification.terminal_notifier': Not used on non-Darwin systems
[9.704s] INFO:colcon.colcon_core.plugin_system:Skipping extension 'colcon_notification.desktop_notification.win32': Not used on non-Windows systems
[9.705s] INFO:colcon.colcon_notification.desktop_notification:Sending desktop notification using 'notify2'
[9.791s] DEBUG:colcon.colcon_core.event_reactor:joined thread
[9.793s] INFO:colcon.colcon_core.shell:Creating prefix script '/home/autodrive/laser_ws/install/local_setup.ps1'
[9.799s] INFO:colcon.colcon_core.shell:Creating prefix util module '/home/autodrive/laser_ws/install/_local_setup_util_ps1.py'
[9.810s] INFO:colcon.colcon_core.shell:Creating prefix chain script '/home/autodrive/laser_ws/install/setup.ps1'
[9.814s] INFO:colcon.colcon_core.shell:Creating prefix script '/home/autodrive/laser_ws/install/local_setup.sh'
[9.817s] INFO:colcon.colcon_core.shell:Creating prefix util module '/home/autodrive/laser_ws/install/_local_setup_util_sh.py'
[9.823s] INFO:colcon.colcon_core.shell:Creating prefix chain script '/home/autodrive/laser_ws/install/setup.sh'
[9.826s] INFO:colcon.colcon_core.shell:Creating prefix script '/home/autodrive/laser_ws/install/local_setup.bash'
[9.827s] INFO:colcon.colcon_core.shell:Creating prefix chain script '/home/autodrive/laser_ws/install/setup.bash'
[9.830s] INFO:colcon.colcon_core.shell:Creating prefix script '/home/autodrive/laser_ws/install/local_setup.zsh'
[9.832s] INFO:colcon.colcon_core.shell:Creating prefix chain script '/home/autodrive/laser_ws/install/setup.zsh'
