[0.031s] Invoking command in '/home/autodrive/laser_ws/build/urg_node': CMAKE_PREFIX_PATH=/opt/ros/foxy /usr/bin/cmake --build /home/autodrive/laser_ws/build/urg_node -- -j6 -l6
[0.157s] [ 22%] Built target urg_node_driver
[0.162s] [ 55%] Built target urg_node
[0.187s] [35m[1mScanning dependencies of target pointcloud_2d_to_3d[0m
[0.225s] [ 77%] Built target getID
[0.250s] [ 88%] [32mBuilding CXX object CMakeFiles/pointcloud_2d_to_3d.dir/src/pointcloud_2d_to_3d.cpp.o[0m
[3.232s] [01m[K/home/autodrive/laser_ws/src/urg_node-ros2-devel/src/pointcloud_2d_to_3d.cpp:[m[K In function ‘[01m[Kvoid laserScanCallback(sensor_msgs::msg::LaserScan_<std::allocator<void> >::SharedPtr, sensor_msgs::msg::PointCloud2_<std::allocator<void> >::SharedPtr)[m[K’:
[3.233s] [01m[K/home/autodrive/laser_ws/src/urg_node-ros2-devel/src/pointcloud_2d_to_3d.cpp:67:34:[m[K [01;31m[Kerror: [m[Kexpected ‘[01m[K;[m[K’ before ‘[01m[KlaserScanToPointCloud2[m[K’
[3.233s]    67 |     printf("1111111111111111111")
[3.233s]       |                                  [01;31m[K^[m[K
[3.233s]       |                                  [32m[K;[m[K
[3.233s]    68 |     [32m[KlaserScanToPointCloud2[m[K(*scan_msg, *cloud_msg);
[3.234s]       |     [32m[K~~~~~~~~~~~~~~~~~~~~~~[m[K        
[3.234s] [01m[K/home/autodrive/laser_ws/src/urg_node-ros2-devel/src/pointcloud_2d_to_3d.cpp:65:69:[m[K [01;35m[Kwarning: [m[Kunused parameter ‘[01m[Kscan_msg[m[K’ [[01;35m[K-Wunused-parameter[m[K]
[3.234s]    65 | void laserScanCallback([01;35m[Kconst sensor_msgs::msg::LaserScan::SharedPtr scan_msg[m[K, sensor_msgs::msg::PointCloud2::SharedPtr cloud_msg)
[3.234s]       |                        [01;35m[K~~~~~~~~~~~~~~~~~~~~~~~~~~~~~~~~~~~~~~~~~~~~~^~~~~~~~[m[K
[3.234s] [01m[K/home/autodrive/laser_ws/src/urg_node-ros2-devel/src/pointcloud_2d_to_3d.cpp:65:120:[m[K [01;35m[Kwarning: [m[Kunused parameter ‘[01m[Kcloud_msg[m[K’ [[01;35m[K-Wunused-parameter[m[K]
[3.234s]    65 | void laserScanCallback(const sensor_msgs::msg::LaserScan::SharedPtr scan_msg, [01;35m[Ksensor_msgs::msg::PointCloud2::SharedPtr cloud_msg[m[K)
[3.234s]       |                                                                               [01;35m[K~~~~~~~~~~~~~~~~~~~~~~~~~~~~~~~~~~~~~~~~~^~~~~~~~~[m[K
[7.070s] make[2]: *** [CMakeFiles/pointcloud_2d_to_3d.dir/build.make:63: CMakeFiles/pointcloud_2d_to_3d.dir/src/pointcloud_2d_to_3d.cpp.o] Error 1
[7.071s] make[1]: *** [CMakeFiles/Makefile2:84: CMakeFiles/pointcloud_2d_to_3d.dir/all] Error 2
[7.071s] make: *** [Makefile:141: all] Error 2
[7.080s] Invoked command in '/home/autodrive/laser_ws/build/urg_node' returned '2': CMAKE_PREFIX_PATH=/opt/ros/foxy /usr/bin/cmake --build /home/autodrive/laser_ws/build/urg_node -- -j6 -l6
