[0.025s] Invoking command in '/home/autodrive/laser_ws/build/urg_node': CMAKE_PREFIX_PATH=/opt/ros/foxy /usr/bin/cmake /home/autodrive/laser_ws/src/urg_node-ros2-devel -DAMENT_CMAKE_SYMLINK_INSTALL=1 -DCMAKE_INSTALL_PREFIX=/home/autodrive/laser_ws/install/urg_node
[0.061s] -- Found ament_cmake: 0.9.12 (/opt/ros/foxy/share/ament_cmake/cmake)
[0.103s] -- Using PYTHON_EXECUTABLE: /usr/bin/python3
[0.469s] -- Override CMake install command with custom implementation using symlinks instead of copying resources
[0.493s] -- Found diagnostic_updater: 3.1.2 (/opt/ros/foxy/share/diagnostic_updater/cmake)
[0.537s] -- Using all available rosidl_typesupport_c: rosidl_typesupport_fastrtps_c;rosidl_typesupport_introspection_c
[0.543s] -- Found rosidl_adapter: 1.3.1 (/opt/ros/foxy/share/rosidl_adapter/cmake)
[0.778s] -- Using all available rosidl_typesupport_cpp: rosidl_typesupport_fastrtps_cpp;rosidl_typesupport_introspection_cpp
[1.006s] -- Found rmw_implementation_cmake: 1.0.4 (/opt/ros/foxy/share/rmw_implementation_cmake/cmake)
[1.008s] -- Using RMW implementation 'rmw_fastrtps_cpp' as default
[1.274s] -- Found laser_proc: 1.0.2 (/opt/ros/foxy/share/laser_proc/cmake)
[1.505s] -- Found rclcpp_components: 2.4.3 (/opt/ros/foxy/share/rclcpp_components/cmake)
[1.605s] -- Found std_srvs: 2.0.5 (/opt/ros/foxy/share/std_srvs/cmake)
[1.621s] -- Found urg_c: 1.0.4001 (/opt/ros/foxy/share/urg_c/cmake)
[1.624s] -- Found urg_node_msgs: 1.0.1 (/opt/ros/foxy/share/urg_node_msgs/cmake)
[1.689s] -- Found laser_geometry: 2.2.0 (/opt/ros/foxy/share/laser_geometry/cmake)
[1.717s] CMake Error at CMakeLists.txt:32 (find_package):
[1.718s]   By not providing "FindEigen.cmake" in CMAKE_MODULE_PATH this project has
[1.718s]   asked CMake to find a package configuration file provided by "Eigen", but
[1.718s]   CMake did not find one.
[1.718s] 
[1.718s]   Could not find a package configuration file provided by "Eigen" with any of
[1.718s]   the following names:
[1.718s] 
[1.719s]     EigenConfig.cmake
[1.719s]     eigen-config.cmake
[1.719s] 
[1.719s]   Add the installation prefix of "Eigen" to CMAKE_PREFIX_PATH or set
[1.719s]   "Eigen_DIR" to a directory containing one of the above files.  If "Eigen"
[1.719s]   provides a separate development package or SDK, be sure it has been
[1.719s]   installed.
[1.720s] 
[1.720s] 
[1.722s] -- Configuring incomplete, errors occurred!
[1.722s] See also "/home/autodrive/laser_ws/build/urg_node/CMakeFiles/CMakeOutput.log".
[1.722s] See also "/home/autodrive/laser_ws/build/urg_node/CMakeFiles/CMakeError.log".
[1.745s] Invoked command in '/home/autodrive/laser_ws/build/urg_node' returned '1': CMAKE_PREFIX_PATH=/opt/ros/foxy /usr/bin/cmake /home/autodrive/laser_ws/src/urg_node-ros2-devel -DAMENT_CMAKE_SYMLINK_INSTALL=1 -DCMAKE_INSTALL_PREFIX=/home/autodrive/laser_ws/install/urg_node
