[0.068s] Invoking command in '/home/autodrive/laser_ws/build/gnss_imu_sim': CMAKE_PREFIX_PATH=/opt/ros/foxy /usr/bin/cmake --build /home/autodrive/laser_ws/build/gnss_imu_sim -- -j6 -l6
[1.020s] [100%] Built target imu_driver_exe
[1.025s] Invoked command in '/home/autodrive/laser_ws/build/gnss_imu_sim' returned '0': CMAKE_PREFIX_PATH=/opt/ros/foxy /usr/bin/cmake --build /home/autodrive/laser_ws/build/gnss_imu_sim -- -j6 -l6
[1.050s] Invoking command in '/home/autodrive/laser_ws/build/gnss_imu_sim': CMAKE_PREFIX_PATH=/opt/ros/foxy /usr/bin/cmake --install /home/autodrive/laser_ws/build/gnss_imu_sim
[1.071s] -- Install configuration: ""
[1.072s] -- Up-to-date: /home/autodrive/laser_ws/install/gnss_imu_sim/lib/gnss_imu_sim/imu_driver_exe
[1.073s] -- Up-to-date: /home/autodrive/laser_ws/install/gnss_imu_sim/share/gnss_imu_sim/launch
[1.074s] -- Up-to-date: /home/autodrive/laser_ws/install/gnss_imu_sim/share/gnss_imu_sim/launch/imu_driver_launch.py
[1.074s] -- Up-to-date: /home/autodrive/laser_ws/install/gnss_imu_sim/share/ament_index/resource_index/package_run_dependencies/gnss_imu_sim
[1.074s] -- Up-to-date: /home/autodrive/laser_ws/install/gnss_imu_sim/share/ament_index/resource_index/parent_prefix_path/gnss_imu_sim
[1.074s] -- Up-to-date: /home/autodrive/laser_ws/install/gnss_imu_sim/share/gnss_imu_sim/environment/ament_prefix_path.sh
[1.075s] -- Up-to-date: /home/autodrive/laser_ws/install/gnss_imu_sim/share/gnss_imu_sim/environment/ament_prefix_path.dsv
[1.075s] -- Up-to-date: /home/autodrive/laser_ws/install/gnss_imu_sim/share/gnss_imu_sim/environment/path.sh
[1.075s] -- Up-to-date: /home/autodrive/laser_ws/install/gnss_imu_sim/share/gnss_imu_sim/environment/path.dsv
[1.075s] -- Up-to-date: /home/autodrive/laser_ws/install/gnss_imu_sim/share/gnss_imu_sim/local_setup.bash
[1.075s] -- Up-to-date: /home/autodrive/laser_ws/install/gnss_imu_sim/share/gnss_imu_sim/local_setup.sh
[1.076s] -- Up-to-date: /home/autodrive/laser_ws/install/gnss_imu_sim/share/gnss_imu_sim/local_setup.zsh
[1.076s] -- Up-to-date: /home/autodrive/laser_ws/install/gnss_imu_sim/share/gnss_imu_sim/local_setup.dsv
[1.076s] -- Installing: /home/autodrive/laser_ws/install/gnss_imu_sim/share/gnss_imu_sim/package.dsv
[1.076s] -- Up-to-date: /home/autodrive/laser_ws/install/gnss_imu_sim/share/ament_index/resource_index/packages/gnss_imu_sim
[1.079s] -- Up-to-date: /home/autodrive/laser_ws/install/gnss_imu_sim/share/gnss_imu_sim/cmake/gnss_imu_simConfig.cmake
[1.080s] -- Up-to-date: /home/autodrive/laser_ws/install/gnss_imu_sim/share/gnss_imu_sim/cmake/gnss_imu_simConfig-version.cmake
[1.080s] -- Up-to-date: /home/autodrive/laser_ws/install/gnss_imu_sim/share/gnss_imu_sim/package.xml
[1.091s] Invoked command in '/home/autodrive/laser_ws/build/gnss_imu_sim' returned '0': CMAKE_PREFIX_PATH=/opt/ros/foxy /usr/bin/cmake --install /home/autodrive/laser_ws/build/gnss_imu_sim
