[0.382s] DEBUG:colcon:Command line arguments: ['/usr/bin/colcon', 'build']
[0.382s] DEBUG:colcon:Parsed command line arguments: Namespace(allow_overriding=[], ament_cmake_args=None, base_paths=['.'], build_base='build', catkin_cmake_args=None, catkin_skip_building_tests=False, cmake_args=None, cmake_clean_cache=False, cmake_clean_first=False, cmake_force_configure=False, cmake_target=None, cmake_target_skip_unavailable=False, continue_on_error=False, event_handlers=None, executor='parallel', ignore_user_meta=False, install_base='install', log_base=None, log_level=None, main=<bound method BuildVerb.main of <colcon_core.verb.build.BuildVerb object at 0xffffb489e730>>, merge_install=False, metas=['./colcon.meta'], packages_above=None, packages_above_and_dependencies=None, packages_above_depth=None, packages_end=None, packages_ignore=None, packages_ignore_regex=None, packages_select=None, packages_select_build_failed=False, packages_select_by_dep=None, packages_select_regex=None, packages_select_test_failures=False, packages_skip=None, packages_skip_build_finished=False, packages_skip_by_dep=None, packages_skip_regex=None, packages_skip_test_passed=False, packages_skip_up_to=None, packages_start=None, packages_up_to=None, packages_up_to_regex=None, parallel_workers=6, paths=None, symlink_install=False, test_result_base=None, verb_extension=<colcon_core.verb.build.BuildVerb object at 0xffffb489e730>, verb_name='build', verb_parser=<colcon_defaults.argument_parser.defaults.DefaultArgumentsDecorator object at 0xffffb48ad3a0>)
[0.688s] Level 1:colcon.colcon_core.package_discovery:discover_packages(colcon_meta) check parameters
[0.688s] Level 1:colcon.colcon_core.package_discovery:discover_packages(recursive) check parameters
[0.688s] Level 1:colcon.colcon_core.package_discovery:discover_packages(ignore) check parameters
[0.688s] Level 1:colcon.colcon_core.package_discovery:discover_packages(path) check parameters
[0.688s] Level 1:colcon.colcon_core.package_discovery:discover_packages(colcon_meta) discover
[0.689s] Level 1:colcon.colcon_core.package_discovery:discover_packages(recursive) discover
[0.689s] INFO:colcon.colcon_core.package_discovery:Crawling recursively for packages in '/home/autodrive/laser_ws'
[0.689s] Level 1:colcon.colcon_core.package_identification:_identify(.) by extensions ['ignore', 'ignore_ament_install']
[0.689s] Level 1:colcon.colcon_core.package_identification:_identify(.) by extension 'ignore'
[0.689s] Level 1:colcon.colcon_core.package_identification:_identify(.) by extension 'ignore_ament_install'
[0.689s] Level 1:colcon.colcon_core.package_identification:_identify(.) by extensions ['colcon_pkg']
[0.690s] Level 1:colcon.colcon_core.package_identification:_identify(.) by extension 'colcon_pkg'
[0.690s] Level 1:colcon.colcon_core.package_identification:_identify(.) by extensions ['colcon_meta']
[0.690s] Level 1:colcon.colcon_core.package_identification:_identify(.) by extension 'colcon_meta'
[0.690s] Level 1:colcon.colcon_core.package_identification:_identify(.) by extensions ['ros']
[0.690s] Level 1:colcon.colcon_core.package_identification:_identify(.) by extension 'ros'
[0.713s] Level 1:colcon.colcon_core.package_identification:_identify(.) by extensions ['cmake', 'python']
[0.713s] Level 1:colcon.colcon_core.package_identification:_identify(.) by extension 'cmake'
[0.713s] Level 1:colcon.colcon_core.package_identification:_identify(.) by extension 'python'
[0.713s] Level 1:colcon.colcon_core.package_identification:_identify(.) by extensions ['python_setup_py']
[0.714s] Level 1:colcon.colcon_core.package_identification:_identify(.) by extension 'python_setup_py'
[0.714s] Level 1:colcon.colcon_core.package_identification:_identify(build) by extensions ['ignore', 'ignore_ament_install']
[0.714s] Level 1:colcon.colcon_core.package_identification:_identify(build) by extension 'ignore'
[0.714s] Level 1:colcon.colcon_core.package_identification:_identify(build) ignored
[0.714s] Level 1:colcon.colcon_core.package_identification:_identify(install) by extensions ['ignore', 'ignore_ament_install']
[0.715s] Level 1:colcon.colcon_core.package_identification:_identify(install) by extension 'ignore'
[0.715s] Level 1:colcon.colcon_core.package_identification:_identify(install) ignored
[0.715s] Level 1:colcon.colcon_core.package_identification:_identify(log) by extensions ['ignore', 'ignore_ament_install']
[0.715s] Level 1:colcon.colcon_core.package_identification:_identify(log) by extension 'ignore'
[0.715s] Level 1:colcon.colcon_core.package_identification:_identify(log) ignored
[0.716s] Level 1:colcon.colcon_core.package_identification:_identify(src) by extensions ['ignore', 'ignore_ament_install']
[0.716s] Level 1:colcon.colcon_core.package_identification:_identify(src) by extension 'ignore'
[0.716s] Level 1:colcon.colcon_core.package_identification:_identify(src) by extension 'ignore_ament_install'
[0.716s] Level 1:colcon.colcon_core.package_identification:_identify(src) by extensions ['colcon_pkg']
[0.716s] Level 1:colcon.colcon_core.package_identification:_identify(src) by extension 'colcon_pkg'
[0.716s] Level 1:colcon.colcon_core.package_identification:_identify(src) by extensions ['colcon_meta']
[0.716s] Level 1:colcon.colcon_core.package_identification:_identify(src) by extension 'colcon_meta'
[0.716s] Level 1:colcon.colcon_core.package_identification:_identify(src) by extensions ['ros']
[0.717s] Level 1:colcon.colcon_core.package_identification:_identify(src) by extension 'ros'
[0.717s] Level 1:colcon.colcon_core.package_identification:_identify(src) by extensions ['cmake', 'python']
[0.717s] Level 1:colcon.colcon_core.package_identification:_identify(src) by extension 'cmake'
[0.717s] Level 1:colcon.colcon_core.package_identification:_identify(src) by extension 'python'
[0.717s] Level 1:colcon.colcon_core.package_identification:_identify(src) by extensions ['python_setup_py']
[0.717s] Level 1:colcon.colcon_core.package_identification:_identify(src) by extension 'python_setup_py'
[0.717s] Level 1:colcon.colcon_core.package_identification:_identify(src/imu) by extensions ['ignore', 'ignore_ament_install']
[0.718s] Level 1:colcon.colcon_core.package_identification:_identify(src/imu) by extension 'ignore'
[0.718s] Level 1:colcon.colcon_core.package_identification:_identify(src/imu) by extension 'ignore_ament_install'
[0.718s] Level 1:colcon.colcon_core.package_identification:_identify(src/imu) by extensions ['colcon_pkg']
[0.718s] Level 1:colcon.colcon_core.package_identification:_identify(src/imu) by extension 'colcon_pkg'
[0.718s] Level 1:colcon.colcon_core.package_identification:_identify(src/imu) by extensions ['colcon_meta']
[0.718s] Level 1:colcon.colcon_core.package_identification:_identify(src/imu) by extension 'colcon_meta'
[0.718s] Level 1:colcon.colcon_core.package_identification:_identify(src/imu) by extensions ['ros']
[0.718s] Level 1:colcon.colcon_core.package_identification:_identify(src/imu) by extension 'ros'
[0.724s] DEBUG:colcon.colcon_core.package_identification:Package 'src/imu' with type 'ros.ament_cmake' and name 'gnss_imu_sim'
[0.725s] Level 1:colcon.colcon_core.package_identification:_identify(src/keyboard_serial) by extensions ['ignore', 'ignore_ament_install']
[0.725s] Level 1:colcon.colcon_core.package_identification:_identify(src/keyboard_serial) by extension 'ignore'
[0.725s] Level 1:colcon.colcon_core.package_identification:_identify(src/keyboard_serial) by extension 'ignore_ament_install'
[0.725s] Level 1:colcon.colcon_core.package_identification:_identify(src/keyboard_serial) by extensions ['colcon_pkg']
[0.725s] Level 1:colcon.colcon_core.package_identification:_identify(src/keyboard_serial) by extension 'colcon_pkg'
[0.725s] Level 1:colcon.colcon_core.package_identification:_identify(src/keyboard_serial) by extensions ['colcon_meta']
[0.725s] Level 1:colcon.colcon_core.package_identification:_identify(src/keyboard_serial) by extension 'colcon_meta'
[0.726s] Level 1:colcon.colcon_core.package_identification:_identify(src/keyboard_serial) by extensions ['ros']
[0.726s] Level 1:colcon.colcon_core.package_identification:_identify(src/keyboard_serial) by extension 'ros'
[0.727s] DEBUG:colcon.colcon_core.package_identification:Package 'src/keyboard_serial' with type 'ros.ament_python' and name 'keyboard_serial'
[0.727s] Level 1:colcon.colcon_core.package_identification:_identify(src/urg_node-ros2-devel) by extensions ['ignore', 'ignore_ament_install']
[0.727s] Level 1:colcon.colcon_core.package_identification:_identify(src/urg_node-ros2-devel) by extension 'ignore'
[0.728s] Level 1:colcon.colcon_core.package_identification:_identify(src/urg_node-ros2-devel) by extension 'ignore_ament_install'
[0.728s] Level 1:colcon.colcon_core.package_identification:_identify(src/urg_node-ros2-devel) by extensions ['colcon_pkg']
[0.728s] Level 1:colcon.colcon_core.package_identification:_identify(src/urg_node-ros2-devel) by extension 'colcon_pkg'
[0.728s] Level 1:colcon.colcon_core.package_identification:_identify(src/urg_node-ros2-devel) by extensions ['colcon_meta']
[0.728s] Level 1:colcon.colcon_core.package_identification:_identify(src/urg_node-ros2-devel) by extension 'colcon_meta'
[0.728s] Level 1:colcon.colcon_core.package_identification:_identify(src/urg_node-ros2-devel) by extensions ['ros']
[0.728s] Level 1:colcon.colcon_core.package_identification:_identify(src/urg_node-ros2-devel) by extension 'ros'
[0.731s] DEBUG:colcon.colcon_core.package_identification:Package 'src/urg_node-ros2-devel' with type 'ros.ament_cmake' and name 'urg_node'
[0.731s] Level 1:colcon.colcon_core.package_discovery:discover_packages(recursive) using defaults
[0.731s] Level 1:colcon.colcon_core.package_discovery:discover_packages(ignore) discover
[0.731s] Level 1:colcon.colcon_core.package_discovery:discover_packages(ignore) using defaults
[0.731s] Level 1:colcon.colcon_core.package_discovery:discover_packages(path) discover
[0.731s] Level 1:colcon.colcon_core.package_discovery:discover_packages(path) using defaults
[0.763s] Level 1:colcon.colcon_core.package_discovery:discover_packages(prefix_path) check parameters
[0.763s] Level 1:colcon.colcon_core.package_discovery:discover_packages(prefix_path) discover
[0.768s] DEBUG:colcon.colcon_installed_package_information.package_discovery:Found 270 installed packages in /opt/ros/foxy
[0.771s] Level 1:colcon.colcon_core.package_discovery:discover_packages(prefix_path) using defaults
[0.919s] Level 5:colcon.colcon_core.verb:set package 'gnss_imu_sim' build argument 'cmake_args' from command line to 'None'
[0.920s] Level 5:colcon.colcon_core.verb:set package 'gnss_imu_sim' build argument 'cmake_target' from command line to 'None'
[0.920s] Level 5:colcon.colcon_core.verb:set package 'gnss_imu_sim' build argument 'cmake_target_skip_unavailable' from command line to 'False'
[0.920s] Level 5:colcon.colcon_core.verb:set package 'gnss_imu_sim' build argument 'cmake_clean_cache' from command line to 'False'
[0.920s] Level 5:colcon.colcon_core.verb:set package 'gnss_imu_sim' build argument 'cmake_clean_first' from command line to 'False'
[0.920s] Level 5:colcon.colcon_core.verb:set package 'gnss_imu_sim' build argument 'cmake_force_configure' from command line to 'False'
[0.920s] Level 5:colcon.colcon_core.verb:set package 'gnss_imu_sim' build argument 'ament_cmake_args' from command line to 'None'
[0.920s] Level 5:colcon.colcon_core.verb:set package 'gnss_imu_sim' build argument 'catkin_cmake_args' from command line to 'None'
[0.920s] Level 5:colcon.colcon_core.verb:set package 'gnss_imu_sim' build argument 'catkin_skip_building_tests' from command line to 'False'
[0.920s] DEBUG:colcon.colcon_core.verb:Building package 'gnss_imu_sim' with the following arguments: {'ament_cmake_args': None, 'build_base': '/home/autodrive/laser_ws/build/gnss_imu_sim', 'catkin_cmake_args': None, 'catkin_skip_building_tests': False, 'cmake_args': None, 'cmake_clean_cache': False, 'cmake_clean_first': False, 'cmake_force_configure': False, 'cmake_target': None, 'cmake_target_skip_unavailable': False, 'install_base': '/home/autodrive/laser_ws/install/gnss_imu_sim', 'merge_install': False, 'path': '/home/autodrive/laser_ws/src/imu', 'symlink_install': False, 'test_result_base': None}
[0.921s] Level 5:colcon.colcon_core.verb:set package 'keyboard_serial' build argument 'cmake_args' from command line to 'None'
[0.921s] Level 5:colcon.colcon_core.verb:set package 'keyboard_serial' build argument 'cmake_target' from command line to 'None'
[0.921s] Level 5:colcon.colcon_core.verb:set package 'keyboard_serial' build argument 'cmake_target_skip_unavailable' from command line to 'False'
[0.921s] Level 5:colcon.colcon_core.verb:set package 'keyboard_serial' build argument 'cmake_clean_cache' from command line to 'False'
[0.921s] Level 5:colcon.colcon_core.verb:set package 'keyboard_serial' build argument 'cmake_clean_first' from command line to 'False'
[0.921s] Level 5:colcon.colcon_core.verb:set package 'keyboard_serial' build argument 'cmake_force_configure' from command line to 'False'
[0.921s] Level 5:colcon.colcon_core.verb:set package 'keyboard_serial' build argument 'ament_cmake_args' from command line to 'None'
[0.922s] Level 5:colcon.colcon_core.verb:set package 'keyboard_serial' build argument 'catkin_cmake_args' from command line to 'None'
[0.922s] Level 5:colcon.colcon_core.verb:set package 'keyboard_serial' build argument 'catkin_skip_building_tests' from command line to 'False'
[0.922s] DEBUG:colcon.colcon_core.verb:Building package 'keyboard_serial' with the following arguments: {'ament_cmake_args': None, 'build_base': '/home/autodrive/laser_ws/build/keyboard_serial', 'catkin_cmake_args': None, 'catkin_skip_building_tests': False, 'cmake_args': None, 'cmake_clean_cache': False, 'cmake_clean_first': False, 'cmake_force_configure': False, 'cmake_target': None, 'cmake_target_skip_unavailable': False, 'install_base': '/home/autodrive/laser_ws/install/keyboard_serial', 'merge_install': False, 'path': '/home/autodrive/laser_ws/src/keyboard_serial', 'symlink_install': False, 'test_result_base': None}
[0.922s] Level 5:colcon.colcon_core.verb:set package 'urg_node' build argument 'cmake_args' from command line to 'None'
[0.922s] Level 5:colcon.colcon_core.verb:set package 'urg_node' build argument 'cmake_target' from command line to 'None'
[0.923s] Level 5:colcon.colcon_core.verb:set package 'urg_node' build argument 'cmake_target_skip_unavailable' from command line to 'False'
[0.923s] Level 5:colcon.colcon_core.verb:set package 'urg_node' build argument 'cmake_clean_cache' from command line to 'False'
[0.923s] Level 5:colcon.colcon_core.verb:set package 'urg_node' build argument 'cmake_clean_first' from command line to 'False'
[0.923s] Level 5:colcon.colcon_core.verb:set package 'urg_node' build argument 'cmake_force_configure' from command line to 'False'
[0.923s] Level 5:colcon.colcon_core.verb:set package 'urg_node' build argument 'ament_cmake_args' from command line to 'None'
[0.923s] Level 5:colcon.colcon_core.verb:set package 'urg_node' build argument 'catkin_cmake_args' from command line to 'None'
[0.923s] Level 5:colcon.colcon_core.verb:set package 'urg_node' build argument 'catkin_skip_building_tests' from command line to 'False'
[0.923s] DEBUG:colcon.colcon_core.verb:Building package 'urg_node' with the following arguments: {'ament_cmake_args': None, 'build_base': '/home/autodrive/laser_ws/build/urg_node', 'catkin_cmake_args': None, 'catkin_skip_building_tests': False, 'cmake_args': None, 'cmake_clean_cache': False, 'cmake_clean_first': False, 'cmake_force_configure': False, 'cmake_target': None, 'cmake_target_skip_unavailable': False, 'install_base': '/home/autodrive/laser_ws/install/urg_node', 'merge_install': False, 'path': '/home/autodrive/laser_ws/src/urg_node-ros2-devel', 'symlink_install': False, 'test_result_base': None}
[0.923s] INFO:colcon.colcon_core.executor:Executing jobs using 'parallel' executor
[0.926s] DEBUG:colcon.colcon_parallel_executor.executor.parallel:run_until_complete
[0.927s] INFO:colcon.colcon_ros.task.ament_cmake.build:Building ROS package in '/home/autodrive/laser_ws/src/imu' with build type 'ament_cmake'
[0.927s] INFO:colcon.colcon_cmake.task.cmake.build:Building CMake package in '/home/autodrive/laser_ws/src/imu'
[0.931s] INFO:colcon.colcon_core.plugin_system:Skipping extension 'colcon_core.shell.bat': Not used on non-Windows systems
[0.932s] INFO:colcon.colcon_core.shell:Skip shell extension 'powershell' for command environment: Not usable outside of PowerShell
[0.932s] DEBUG:colcon.colcon_core.shell:Skip shell extension 'dsv' for command environment
[0.942s] INFO:colcon.colcon_ros.task.ament_python.build:Building ROS package in '/home/autodrive/laser_ws/src/keyboard_serial' with build type 'ament_python'
[0.943s] Level 1:colcon.colcon_core.shell:create_environment_hook('keyboard_serial', 'ament_prefix_path')
[0.944s] INFO:colcon.colcon_core.shell:Creating environment hook '/home/autodrive/laser_ws/install/keyboard_serial/share/keyboard_serial/hook/ament_prefix_path.ps1'
[0.946s] INFO:colcon.colcon_core.shell:Creating environment descriptor '/home/autodrive/laser_ws/install/keyboard_serial/share/keyboard_serial/hook/ament_prefix_path.dsv'
[0.947s] INFO:colcon.colcon_core.shell:Creating environment hook '/home/autodrive/laser_ws/install/keyboard_serial/share/keyboard_serial/hook/ament_prefix_path.sh'
[0.949s] INFO:colcon.colcon_core.shell:Skip shell extension 'powershell' for command environment: Not usable outside of PowerShell
[0.949s] DEBUG:colcon.colcon_core.shell:Skip shell extension 'dsv' for command environment
[0.957s] INFO:colcon.colcon_ros.task.ament_cmake.build:Building ROS package in '/home/autodrive/laser_ws/src/urg_node-ros2-devel' with build type 'ament_cmake'
[0.957s] INFO:colcon.colcon_cmake.task.cmake.build:Building CMake package in '/home/autodrive/laser_ws/src/urg_node-ros2-devel'
[0.958s] INFO:colcon.colcon_core.shell:Skip shell extension 'powershell' for command environment: Not usable outside of PowerShell
[0.959s] DEBUG:colcon.colcon_core.shell:Skip shell extension 'dsv' for command environment
[0.975s] DEBUG:colcon.colcon_core.event_handler.log_command:Invoking command in '/home/autodrive/laser_ws/build/gnss_imu_sim': CMAKE_PREFIX_PATH=/opt/ros/foxy /usr/bin/cmake --build /home/autodrive/laser_ws/build/gnss_imu_sim -- -j6 -l6
[1.436s] INFO:colcon.colcon_core.task.python.build:Building Python package in '/home/autodrive/laser_ws/src/keyboard_serial'
[1.437s] INFO:colcon.colcon_core.shell:Skip shell extension 'powershell' for command environment: Not usable outside of PowerShell
[1.437s] DEBUG:colcon.colcon_core.shell:Skip shell extension 'dsv' for command environment
[1.457s] DEBUG:colcon.colcon_core.event_handler.log_command:Invoking command in '/home/autodrive/laser_ws/build/urg_node': CMAKE_PREFIX_PATH=/opt/ros/foxy /usr/bin/cmake --build /home/autodrive/laser_ws/build/urg_node -- -j6 -l6
[1.463s] DEBUG:colcon.colcon_core.event_handler.log_command:Invoked command in '/home/autodrive/laser_ws/build/gnss_imu_sim' returned '0': CMAKE_PREFIX_PATH=/opt/ros/foxy /usr/bin/cmake --build /home/autodrive/laser_ws/build/gnss_imu_sim -- -j6 -l6
[1.489s] DEBUG:colcon.colcon_core.event_handler.log_command:Invoking command in '/home/autodrive/laser_ws/build/gnss_imu_sim': CMAKE_PREFIX_PATH=/opt/ros/foxy /usr/bin/cmake --install /home/autodrive/laser_ws/build/gnss_imu_sim
[1.512s] Level 1:colcon.colcon_core.environment:create_environment_scripts_only(gnss_imu_sim)
[1.513s] DEBUG:colcon.colcon_core.event_handler.log_command:Invoked command in '/home/autodrive/laser_ws/build/gnss_imu_sim' returned '0': CMAKE_PREFIX_PATH=/opt/ros/foxy /usr/bin/cmake --install /home/autodrive/laser_ws/build/gnss_imu_sim
[1.518s] Level 1:colcon.colcon_core.environment:checking '/home/autodrive/laser_ws/install/gnss_imu_sim' for CMake module files
[1.519s] Level 1:colcon.colcon_core.environment:checking '/home/autodrive/laser_ws/install/gnss_imu_sim' for CMake config files
[1.520s] Level 1:colcon.colcon_core.shell:create_environment_hook('gnss_imu_sim', 'cmake_prefix_path')
[1.520s] INFO:colcon.colcon_core.shell:Creating environment hook '/home/autodrive/laser_ws/install/gnss_imu_sim/share/gnss_imu_sim/hook/cmake_prefix_path.ps1'
[1.522s] INFO:colcon.colcon_core.shell:Creating environment descriptor '/home/autodrive/laser_ws/install/gnss_imu_sim/share/gnss_imu_sim/hook/cmake_prefix_path.dsv'
[1.522s] INFO:colcon.colcon_core.shell:Creating environment hook '/home/autodrive/laser_ws/install/gnss_imu_sim/share/gnss_imu_sim/hook/cmake_prefix_path.sh'
[1.524s] Level 1:colcon.colcon_core.environment:checking '/home/autodrive/laser_ws/install/gnss_imu_sim/lib'
[1.525s] Level 1:colcon.colcon_core.environment:checking '/home/autodrive/laser_ws/install/gnss_imu_sim/bin'
[1.525s] Level 1:colcon.colcon_core.environment:checking '/home/autodrive/laser_ws/install/gnss_imu_sim/lib/pkgconfig/gnss_imu_sim.pc'
[1.525s] Level 1:colcon.colcon_core.environment:checking '/home/autodrive/laser_ws/install/gnss_imu_sim/lib/python3.8/site-packages'
[1.526s] Level 1:colcon.colcon_core.environment:checking '/home/autodrive/laser_ws/install/gnss_imu_sim/bin'
[1.526s] INFO:colcon.colcon_core.shell:Creating package script '/home/autodrive/laser_ws/install/gnss_imu_sim/share/gnss_imu_sim/package.ps1'
[1.529s] INFO:colcon.colcon_core.shell:Creating package descriptor '/home/autodrive/laser_ws/install/gnss_imu_sim/share/gnss_imu_sim/package.dsv'
[1.530s] INFO:colcon.colcon_core.shell:Creating package script '/home/autodrive/laser_ws/install/gnss_imu_sim/share/gnss_imu_sim/package.sh'
[1.531s] INFO:colcon.colcon_core.shell:Creating package script '/home/autodrive/laser_ws/install/gnss_imu_sim/share/gnss_imu_sim/package.bash'
[1.533s] INFO:colcon.colcon_core.shell:Creating package script '/home/autodrive/laser_ws/install/gnss_imu_sim/share/gnss_imu_sim/package.zsh'
[1.534s] Level 1:colcon.colcon_core.environment:create_file_with_runtime_dependencies(/home/autodrive/laser_ws/install/gnss_imu_sim/share/colcon-core/packages/gnss_imu_sim)
[1.536s] Level 1:colcon.colcon_core.environment:create_environment_scripts_only(gnss_imu_sim)
[1.537s] Level 1:colcon.colcon_core.environment:checking '/home/autodrive/laser_ws/install/gnss_imu_sim' for CMake module files
[1.538s] Level 1:colcon.colcon_core.environment:checking '/home/autodrive/laser_ws/install/gnss_imu_sim' for CMake config files
[1.538s] Level 1:colcon.colcon_core.shell:create_environment_hook('gnss_imu_sim', 'cmake_prefix_path')
[1.539s] INFO:colcon.colcon_core.shell:Creating environment hook '/home/autodrive/laser_ws/install/gnss_imu_sim/share/gnss_imu_sim/hook/cmake_prefix_path.ps1'
[1.540s] INFO:colcon.colcon_core.shell:Creating environment descriptor '/home/autodrive/laser_ws/install/gnss_imu_sim/share/gnss_imu_sim/hook/cmake_prefix_path.dsv'
[1.541s] INFO:colcon.colcon_core.shell:Creating environment hook '/home/autodrive/laser_ws/install/gnss_imu_sim/share/gnss_imu_sim/hook/cmake_prefix_path.sh'
[1.542s] Level 1:colcon.colcon_core.environment:checking '/home/autodrive/laser_ws/install/gnss_imu_sim/lib'
[1.542s] Level 1:colcon.colcon_core.environment:checking '/home/autodrive/laser_ws/install/gnss_imu_sim/bin'
[1.542s] Level 1:colcon.colcon_core.environment:checking '/home/autodrive/laser_ws/install/gnss_imu_sim/lib/pkgconfig/gnss_imu_sim.pc'
[1.543s] Level 1:colcon.colcon_core.environment:checking '/home/autodrive/laser_ws/install/gnss_imu_sim/lib/python3.8/site-packages'
[1.543s] Level 1:colcon.colcon_core.environment:checking '/home/autodrive/laser_ws/install/gnss_imu_sim/bin'
[1.543s] INFO:colcon.colcon_core.shell:Creating package script '/home/autodrive/laser_ws/install/gnss_imu_sim/share/gnss_imu_sim/package.ps1'
[1.545s] INFO:colcon.colcon_core.shell:Creating package descriptor '/home/autodrive/laser_ws/install/gnss_imu_sim/share/gnss_imu_sim/package.dsv'
[1.546s] INFO:colcon.colcon_core.shell:Creating package script '/home/autodrive/laser_ws/install/gnss_imu_sim/share/gnss_imu_sim/package.sh'
[1.546s] INFO:colcon.colcon_core.shell:Creating package script '/home/autodrive/laser_ws/install/gnss_imu_sim/share/gnss_imu_sim/package.bash'
[1.547s] INFO:colcon.colcon_core.shell:Creating package script '/home/autodrive/laser_ws/install/gnss_imu_sim/share/gnss_imu_sim/package.zsh'
[1.548s] Level 1:colcon.colcon_core.environment:create_file_with_runtime_dependencies(/home/autodrive/laser_ws/install/gnss_imu_sim/share/colcon-core/packages/gnss_imu_sim)
[2.478s] DEBUG:colcon.colcon_core.event_handler.log_command:Invoking command in '/home/autodrive/laser_ws/src/keyboard_serial': PYTHONPATH=/home/autodrive/laser_ws/build/keyboard_serial/prefix_override:/usr/lib/python3/dist-packages/colcon_core/task/python/colcon_distutils_commands:/home/autodrive/laser_ws/install/keyboard_serial/lib/python3.8/site-packages:${PYTHONPATH} /usr/bin/python3 -W ignore:setup.py install is deprecated -W ignore:easy_install command is deprecated setup.py egg_info --egg-base ../../build/keyboard_serial build --build-base /home/autodrive/laser_ws/build/keyboard_serial/build install --record /home/autodrive/laser_ws/build/keyboard_serial/install.log --install-scripts $base/lib/keyboard_serial --single-version-externally-managed install_data
[3.071s] Level 1:colcon.colcon_core.environment:checking '/home/autodrive/laser_ws/install/keyboard_serial' for CMake module files
[3.073s] DEBUG:colcon.colcon_core.event_handler.log_command:Invoked command in '/home/autodrive/laser_ws/src/keyboard_serial' returned '0': PYTHONPATH=/home/autodrive/laser_ws/build/keyboard_serial/prefix_override:/usr/lib/python3/dist-packages/colcon_core/task/python/colcon_distutils_commands:/home/autodrive/laser_ws/install/keyboard_serial/lib/python3.8/site-packages:${PYTHONPATH} /usr/bin/python3 -W ignore:setup.py install is deprecated -W ignore:easy_install command is deprecated setup.py egg_info --egg-base ../../build/keyboard_serial build --build-base /home/autodrive/laser_ws/build/keyboard_serial/build install --record /home/autodrive/laser_ws/build/keyboard_serial/install.log --install-scripts $base/lib/keyboard_serial --single-version-externally-managed install_data
[3.074s] Level 1:colcon.colcon_core.environment:checking '/home/autodrive/laser_ws/install/keyboard_serial' for CMake config files
[3.076s] Level 1:colcon.colcon_core.environment:checking '/home/autodrive/laser_ws/install/keyboard_serial/lib'
[3.076s] Level 1:colcon.colcon_core.environment:checking '/home/autodrive/laser_ws/install/keyboard_serial/bin'
[3.077s] Level 1:colcon.colcon_core.environment:checking '/home/autodrive/laser_ws/install/keyboard_serial/lib/pkgconfig/keyboard_serial.pc'
[3.078s] Level 1:colcon.colcon_core.environment:checking '/home/autodrive/laser_ws/install/keyboard_serial/lib/python3.8/site-packages'
[3.078s] Level 1:colcon.colcon_core.shell:create_environment_hook('keyboard_serial', 'pythonpath')
[3.079s] INFO:colcon.colcon_core.shell:Creating environment hook '/home/autodrive/laser_ws/install/keyboard_serial/share/keyboard_serial/hook/pythonpath.ps1'
[3.081s] INFO:colcon.colcon_core.shell:Creating environment descriptor '/home/autodrive/laser_ws/install/keyboard_serial/share/keyboard_serial/hook/pythonpath.dsv'
[3.082s] INFO:colcon.colcon_core.shell:Creating environment hook '/home/autodrive/laser_ws/install/keyboard_serial/share/keyboard_serial/hook/pythonpath.sh'
[3.084s] Level 1:colcon.colcon_core.environment:checking '/home/autodrive/laser_ws/install/keyboard_serial/bin'
[3.084s] Level 1:colcon.colcon_core.environment:create_environment_scripts_only(keyboard_serial)
[3.086s] INFO:colcon.colcon_core.shell:Creating package script '/home/autodrive/laser_ws/install/keyboard_serial/share/keyboard_serial/package.ps1'
[3.087s] INFO:colcon.colcon_core.shell:Creating package descriptor '/home/autodrive/laser_ws/install/keyboard_serial/share/keyboard_serial/package.dsv'
[3.089s] INFO:colcon.colcon_core.shell:Creating package script '/home/autodrive/laser_ws/install/keyboard_serial/share/keyboard_serial/package.sh'
[3.090s] INFO:colcon.colcon_core.shell:Creating package script '/home/autodrive/laser_ws/install/keyboard_serial/share/keyboard_serial/package.bash'
[3.091s] INFO:colcon.colcon_core.shell:Creating package script '/home/autodrive/laser_ws/install/keyboard_serial/share/keyboard_serial/package.zsh'
[3.092s] Level 1:colcon.colcon_core.environment:create_file_with_runtime_dependencies(/home/autodrive/laser_ws/install/keyboard_serial/share/colcon-core/packages/keyboard_serial)
[13.806s] DEBUG:colcon.colcon_core.event_handler.log_command:Invoked command in '/home/autodrive/laser_ws/build/urg_node' returned '0': CMAKE_PREFIX_PATH=/opt/ros/foxy /usr/bin/cmake --build /home/autodrive/laser_ws/build/urg_node -- -j6 -l6
[13.814s] DEBUG:colcon.colcon_core.event_handler.log_command:Invoking command in '/home/autodrive/laser_ws/build/urg_node': CMAKE_PREFIX_PATH=/opt/ros/foxy /usr/bin/cmake --install /home/autodrive/laser_ws/build/urg_node
[13.871s] Level 1:colcon.colcon_core.environment:create_environment_scripts_only(urg_node)
[13.872s] Level 1:colcon.colcon_core.environment:checking '/home/autodrive/laser_ws/install/urg_node' for CMake module files
[13.874s] DEBUG:colcon.colcon_core.event_handler.log_command:Invoked command in '/home/autodrive/laser_ws/build/urg_node' returned '0': CMAKE_PREFIX_PATH=/opt/ros/foxy /usr/bin/cmake --install /home/autodrive/laser_ws/build/urg_node
[13.875s] Level 1:colcon.colcon_core.environment:checking '/home/autodrive/laser_ws/install/urg_node' for CMake config files
[13.876s] Level 1:colcon.colcon_core.shell:create_environment_hook('urg_node', 'cmake_prefix_path')
[13.878s] INFO:colcon.colcon_core.shell:Creating environment hook '/home/autodrive/laser_ws/install/urg_node/share/urg_node/hook/cmake_prefix_path.ps1'
[13.880s] INFO:colcon.colcon_core.shell:Creating environment descriptor '/home/autodrive/laser_ws/install/urg_node/share/urg_node/hook/cmake_prefix_path.dsv'
[13.881s] INFO:colcon.colcon_core.shell:Creating environment hook '/home/autodrive/laser_ws/install/urg_node/share/urg_node/hook/cmake_prefix_path.sh'
[13.883s] Level 1:colcon.colcon_core.environment:checking '/home/autodrive/laser_ws/install/urg_node/lib'
[13.884s] Level 1:colcon.colcon_core.shell:create_environment_hook('urg_node', 'ld_library_path_lib')
[13.884s] INFO:colcon.colcon_core.shell:Creating environment hook '/home/autodrive/laser_ws/install/urg_node/share/urg_node/hook/ld_library_path_lib.ps1'
[13.886s] INFO:colcon.colcon_core.shell:Creating environment descriptor '/home/autodrive/laser_ws/install/urg_node/share/urg_node/hook/ld_library_path_lib.dsv'
[13.887s] INFO:colcon.colcon_core.shell:Creating environment hook '/home/autodrive/laser_ws/install/urg_node/share/urg_node/hook/ld_library_path_lib.sh'
[13.889s] Level 1:colcon.colcon_core.environment:checking '/home/autodrive/laser_ws/install/urg_node/bin'
[13.889s] Level 1:colcon.colcon_core.environment:checking '/home/autodrive/laser_ws/install/urg_node/lib/pkgconfig/urg_node.pc'
[13.890s] Level 1:colcon.colcon_core.environment:checking '/home/autodrive/laser_ws/install/urg_node/lib/python3.8/site-packages'
[13.891s] Level 1:colcon.colcon_core.environment:checking '/home/autodrive/laser_ws/install/urg_node/bin'
[13.892s] INFO:colcon.colcon_core.shell:Creating package script '/home/autodrive/laser_ws/install/urg_node/share/urg_node/package.ps1'
[13.894s] INFO:colcon.colcon_core.shell:Creating package descriptor '/home/autodrive/laser_ws/install/urg_node/share/urg_node/package.dsv'
[13.896s] INFO:colcon.colcon_core.shell:Creating package script '/home/autodrive/laser_ws/install/urg_node/share/urg_node/package.sh'
[13.897s] INFO:colcon.colcon_core.shell:Creating package script '/home/autodrive/laser_ws/install/urg_node/share/urg_node/package.bash'
[13.899s] INFO:colcon.colcon_core.shell:Creating package script '/home/autodrive/laser_ws/install/urg_node/share/urg_node/package.zsh'
[13.900s] Level 1:colcon.colcon_core.environment:create_file_with_runtime_dependencies(/home/autodrive/laser_ws/install/urg_node/share/colcon-core/packages/urg_node)
[13.902s] Level 1:colcon.colcon_core.environment:create_environment_scripts_only(urg_node)
[13.903s] Level 1:colcon.colcon_core.environment:checking '/home/autodrive/laser_ws/install/urg_node' for CMake module files
[13.905s] Level 1:colcon.colcon_core.environment:checking '/home/autodrive/laser_ws/install/urg_node' for CMake config files
[13.905s] Level 1:colcon.colcon_core.shell:create_environment_hook('urg_node', 'cmake_prefix_path')
[13.906s] INFO:colcon.colcon_core.shell:Creating environment hook '/home/autodrive/laser_ws/install/urg_node/share/urg_node/hook/cmake_prefix_path.ps1'
[13.907s] INFO:colcon.colcon_core.shell:Creating environment descriptor '/home/autodrive/laser_ws/install/urg_node/share/urg_node/hook/cmake_prefix_path.dsv'
[13.908s] INFO:colcon.colcon_core.shell:Creating environment hook '/home/autodrive/laser_ws/install/urg_node/share/urg_node/hook/cmake_prefix_path.sh'
[13.910s] Level 1:colcon.colcon_core.environment:checking '/home/autodrive/laser_ws/install/urg_node/lib'
[13.910s] Level 1:colcon.colcon_core.shell:create_environment_hook('urg_node', 'ld_library_path_lib')
[13.911s] INFO:colcon.colcon_core.shell:Creating environment hook '/home/autodrive/laser_ws/install/urg_node/share/urg_node/hook/ld_library_path_lib.ps1'
[13.912s] INFO:colcon.colcon_core.shell:Creating environment descriptor '/home/autodrive/laser_ws/install/urg_node/share/urg_node/hook/ld_library_path_lib.dsv'
[13.913s] INFO:colcon.colcon_core.shell:Creating environment hook '/home/autodrive/laser_ws/install/urg_node/share/urg_node/hook/ld_library_path_lib.sh'
[13.914s] Level 1:colcon.colcon_core.environment:checking '/home/autodrive/laser_ws/install/urg_node/bin'
[13.914s] Level 1:colcon.colcon_core.environment:checking '/home/autodrive/laser_ws/install/urg_node/lib/pkgconfig/urg_node.pc'
[13.914s] Level 1:colcon.colcon_core.environment:checking '/home/autodrive/laser_ws/install/urg_node/lib/python3.8/site-packages'
[13.914s] Level 1:colcon.colcon_core.environment:checking '/home/autodrive/laser_ws/install/urg_node/bin'
[13.915s] INFO:colcon.colcon_core.shell:Creating package script '/home/autodrive/laser_ws/install/urg_node/share/urg_node/package.ps1'
[13.917s] INFO:colcon.colcon_core.shell:Creating package descriptor '/home/autodrive/laser_ws/install/urg_node/share/urg_node/package.dsv'
[13.919s] INFO:colcon.colcon_core.shell:Creating package script '/home/autodrive/laser_ws/install/urg_node/share/urg_node/package.sh'
[13.920s] INFO:colcon.colcon_core.shell:Creating package script '/home/autodrive/laser_ws/install/urg_node/share/urg_node/package.bash'
[13.921s] INFO:colcon.colcon_core.shell:Creating package script '/home/autodrive/laser_ws/install/urg_node/share/urg_node/package.zsh'
[13.922s] Level 1:colcon.colcon_core.environment:create_file_with_runtime_dependencies(/home/autodrive/laser_ws/install/urg_node/share/colcon-core/packages/urg_node)
[13.923s] DEBUG:colcon.colcon_parallel_executor.executor.parallel:closing loop
[13.924s] DEBUG:colcon.colcon_parallel_executor.executor.parallel:loop closed
[13.924s] DEBUG:colcon.colcon_parallel_executor.executor.parallel:run_until_complete finished with '0'
[13.924s] DEBUG:colcon.colcon_core.event_reactor:joining thread
[13.945s] INFO:colcon.colcon_core.plugin_system:Skipping extension 'colcon_notification.desktop_notification.terminal_notifier': Not used on non-Darwin systems
[13.945s] INFO:colcon.colcon_core.plugin_system:Skipping extension 'colcon_notification.desktop_notification.win32': Not used on non-Windows systems
[13.945s] INFO:colcon.colcon_notification.desktop_notification:Sending desktop notification using 'notify2'
[13.984s] DEBUG:colcon.colcon_core.event_reactor:joined thread
[13.985s] INFO:colcon.colcon_core.shell:Creating prefix script '/home/autodrive/laser_ws/install/local_setup.ps1'
[13.989s] INFO:colcon.colcon_core.shell:Creating prefix util module '/home/autodrive/laser_ws/install/_local_setup_util_ps1.py'
[13.993s] INFO:colcon.colcon_core.shell:Creating prefix chain script '/home/autodrive/laser_ws/install/setup.ps1'
[13.995s] INFO:colcon.colcon_core.shell:Creating prefix script '/home/autodrive/laser_ws/install/local_setup.sh'
[13.997s] INFO:colcon.colcon_core.shell:Creating prefix util module '/home/autodrive/laser_ws/install/_local_setup_util_sh.py'
[13.998s] INFO:colcon.colcon_core.shell:Creating prefix chain script '/home/autodrive/laser_ws/install/setup.sh'
[14.001s] INFO:colcon.colcon_core.shell:Creating prefix script '/home/autodrive/laser_ws/install/local_setup.bash'
[14.002s] INFO:colcon.colcon_core.shell:Creating prefix chain script '/home/autodrive/laser_ws/install/setup.bash'
[14.004s] INFO:colcon.colcon_core.shell:Creating prefix script '/home/autodrive/laser_ws/install/local_setup.zsh'
[14.005s] INFO:colcon.colcon_core.shell:Creating prefix chain script '/home/autodrive/laser_ws/install/setup.zsh'
