[ 22%] Built target urg_node_driver
[ 55%] Built target urg_node
[35m[1mScanning dependencies of target pointcloud_2d_to_3d[0m
[ 77%] Built target getID
[ 88%] [32mBuilding CXX object CMakeFiles/pointcloud_2d_to_3d.dir/src/pointcloud_2d_to_3d.cpp.o[0m
[100%] [32m[1mLinking CXX executable pointcloud_2d_to_3d[0m
[100%] Built target pointcloud_2d_to_3d
-- Install configuration: ""
-- Execute custom install script
-- Symlinking: /home/autodrive/laser_ws/install/urg_node/lib/urg_node/urg_node_driver
-- Symlinking: /home/autodrive/laser_ws/install/urg_node/lib/urg_node/pointcloud_2d_to_3d
-- Symlinking: /home/autodrive/laser_ws/install/urg_node/lib/liburg_node.so
-- Symlinking: /home/autodrive/laser_ws/install/urg_node/lib/urg_node/getID
-- Symlinking: /home/autodrive/laser_ws/install/urg_node/include/urg_node/urg_c_wrapper.hpp
-- Symlinking: /home/autodrive/laser_ws/install/urg_node/include/urg_node/urg_node.hpp
-- Symlinking: /home/autodrive/laser_ws/install/urg_node/lib/urg_node/set_urg_ip.py
-- Symlinking: /home/autodrive/laser_ws/install/urg_node/share/urg_node/launch/hokuyo_laser.urdf
-- Symlinking: /home/autodrive/laser_ws/install/urg_node/share/urg_node/launch/urg_lidar.launch
-- Symlinking: /home/autodrive/laser_ws/install/urg_node/share/urg_node/launch/urg_node_ethernet.yaml
-- Symlinking: /home/autodrive/laser_ws/install/urg_node/share/urg_node/launch/urg_node_launch.py
-- Symlinking: /home/autodrive/laser_ws/install/urg_node/share/urg_node/launch/urg_node_serial.yaml
-- Symlinking: /home/autodrive/laser_ws/install/urg_node/share/urg_node/meshes/hokuyo_ust10.stl
-- Symlinking: /home/autodrive/laser_ws/install/urg_node/share/urg_node/urdf/hokuyo_ust10.urdf.xacro
-- Symlinking: /home/autodrive/laser_ws/install/urg_node/share/urg_node/environment/library_path.sh
-- Symlinking: /home/autodrive/laser_ws/install/urg_node/share/urg_node/environment/library_path.dsv
-- Symlinking: /home/autodrive/laser_ws/install/urg_node/share/ament_index/resource_index/package_run_dependencies/urg_node
-- Symlinking: /home/autodrive/laser_ws/install/urg_node/share/ament_index/resource_index/parent_prefix_path/urg_node
-- Symlinking: /home/autodrive/laser_ws/install/urg_node/share/urg_node/environment/ament_prefix_path.sh
-- Symlinking: /home/autodrive/laser_ws/install/urg_node/share/urg_node/environment/ament_prefix_path.dsv
-- Symlinking: /home/autodrive/laser_ws/install/urg_node/share/urg_node/environment/path.sh
-- Symlinking: /home/autodrive/laser_ws/install/urg_node/share/urg_node/environment/path.dsv
-- Symlinking: /home/autodrive/laser_ws/install/urg_node/share/urg_node/local_setup.bash
-- Symlinking: /home/autodrive/laser_ws/install/urg_node/share/urg_node/local_setup.sh
-- Symlinking: /home/autodrive/laser_ws/install/urg_node/share/urg_node/local_setup.zsh
-- Symlinking: /home/autodrive/laser_ws/install/urg_node/share/urg_node/local_setup.dsv
-- Symlinking: /home/autodrive/laser_ws/install/urg_node/share/urg_node/package.dsv
-- Symlinking: /home/autodrive/laser_ws/install/urg_node/share/ament_index/resource_index/packages/urg_node
-- Symlinking: /home/autodrive/laser_ws/install/urg_node/share/ament_index/resource_index/rclcpp_components/urg_node
-- Symlinking: /home/autodrive/laser_ws/install/urg_node/share/urg_node/cmake/ament_cmake_export_dependencies-extras.cmake
-- Symlinking: /home/autodrive/laser_ws/install/urg_node/share/urg_node/cmake/ament_cmake_export_include_directories-extras.cmake
-- Symlinking: /home/autodrive/laser_ws/install/urg_node/share/urg_node/cmake/ament_cmake_export_libraries-extras.cmake
-- Symlinking: /home/autodrive/laser_ws/install/urg_node/share/urg_node/cmake/urg_nodeConfig.cmake
-- Symlinking: /home/autodrive/laser_ws/install/urg_node/share/urg_node/cmake/urg_nodeConfig-version.cmake
-- Symlinking: /home/autodrive/laser_ws/install/urg_node/share/urg_node/package.xml
