[1.139s] Invoking command in '/home/autodrive/laser_ws/build/urg_node': CMAKE_PREFIX_PATH=${CMAKE_PREFIX_PATH}:/home/autodrive/laser_ws/install/point_cloud_subscriber:/home/autodrive/laser_ws/install/keyboard_serial:/opt/ros/foxy /usr/bin/cmake --build /home/autodrive/laser_ws/build/urg_node -- -j6 -l6
[1.320s] [ 22%] Built target urg_node_driver
[1.324s] [ 55%] Built target urg_node
[1.437s] [ 77%] Built target pointcloud_2d_to_3d
[1.449s] [100%] Built target getID
[1.480s] Invoked command in '/home/autodrive/laser_ws/build/urg_node' returned '0': CMAKE_PREFIX_PATH=${CMAKE_PREFIX_PATH}:/home/autodrive/laser_ws/install/point_cloud_subscriber:/home/autodrive/laser_ws/install/keyboard_serial:/opt/ros/foxy /usr/bin/cmake --build /home/autodrive/laser_ws/build/urg_node -- -j6 -l6
[1.481s] Invoking command in '/home/autodrive/laser_ws/build/urg_node': CMAKE_PREFIX_PATH=${CMAKE_PREFIX_PATH}:/home/autodrive/laser_ws/install/point_cloud_subscriber:/home/autodrive/laser_ws/install/keyboard_serial:/opt/ros/foxy /usr/bin/cmake --install /home/autodrive/laser_ws/build/urg_node
[1.499s] -- Install configuration: ""
[1.500s] -- Execute custom install script
[1.502s] -- Up-to-date symlink: /home/autodrive/laser_ws/install/urg_node/lib/urg_node/urg_node_driver
[1.503s] -- Up-to-date symlink: /home/autodrive/laser_ws/install/urg_node/lib/urg_node/pointcloud_2d_to_3d
[1.503s] -- Up-to-date symlink: /home/autodrive/laser_ws/install/urg_node/lib/liburg_node.so
[1.504s] -- Up-to-date symlink: /home/autodrive/laser_ws/install/urg_node/lib/urg_node/getID
[1.506s] -- Up-to-date symlink: /home/autodrive/laser_ws/install/urg_node/include/urg_node/urg_c_wrapper.hpp
[1.507s] -- Up-to-date symlink: /home/autodrive/laser_ws/install/urg_node/include/urg_node/urg_node.hpp
[1.507s] -- Up-to-date symlink: /home/autodrive/laser_ws/install/urg_node/lib/urg_node/set_urg_ip.py
[1.508s] -- Up-to-date symlink: /home/autodrive/laser_ws/install/urg_node/share/urg_node/launch/hokuyo_laser.urdf
[1.509s] -- Up-to-date symlink: /home/autodrive/laser_ws/install/urg_node/share/urg_node/launch/urg_lidar.launch
[1.510s] -- Up-to-date symlink: /home/autodrive/laser_ws/install/urg_node/share/urg_node/launch/urg_node_ethernet.yaml
[1.511s] -- Up-to-date symlink: /home/autodrive/laser_ws/install/urg_node/share/urg_node/launch/urg_node_launch.py
[1.512s] -- Up-to-date symlink: /home/autodrive/laser_ws/install/urg_node/share/urg_node/launch/urg_node_serial.yaml
[1.513s] -- Up-to-date symlink: /home/autodrive/laser_ws/install/urg_node/share/urg_node/meshes/hokuyo_ust10.stl
[1.513s] -- Up-to-date symlink: /home/autodrive/laser_ws/install/urg_node/share/urg_node/urdf/hokuyo_ust10.urdf.xacro
[1.514s] -- Up-to-date symlink: /home/autodrive/laser_ws/install/urg_node/share/urg_node/environment/library_path.sh
[1.515s] -- Up-to-date symlink: /home/autodrive/laser_ws/install/urg_node/share/urg_node/environment/library_path.dsv
[1.516s] -- Up-to-date symlink: /home/autodrive/laser_ws/install/urg_node/share/ament_index/resource_index/package_run_dependencies/urg_node
[1.516s] -- Up-to-date symlink: /home/autodrive/laser_ws/install/urg_node/share/ament_index/resource_index/parent_prefix_path/urg_node
[1.517s] -- Up-to-date symlink: /home/autodrive/laser_ws/install/urg_node/share/urg_node/environment/ament_prefix_path.sh
[1.518s] -- Up-to-date symlink: /home/autodrive/laser_ws/install/urg_node/share/urg_node/environment/ament_prefix_path.dsv
[1.518s] -- Up-to-date symlink: /home/autodrive/laser_ws/install/urg_node/share/urg_node/environment/path.sh
[1.519s] -- Up-to-date symlink: /home/autodrive/laser_ws/install/urg_node/share/urg_node/environment/path.dsv
[1.520s] -- Up-to-date symlink: /home/autodrive/laser_ws/install/urg_node/share/urg_node/local_setup.bash
[1.521s] -- Up-to-date symlink: /home/autodrive/laser_ws/install/urg_node/share/urg_node/local_setup.sh
[1.521s] -- Up-to-date symlink: /home/autodrive/laser_ws/install/urg_node/share/urg_node/local_setup.zsh
[1.522s] -- Up-to-date symlink: /home/autodrive/laser_ws/install/urg_node/share/urg_node/local_setup.dsv
[1.523s] -- Symlinking: /home/autodrive/laser_ws/install/urg_node/share/urg_node/package.dsv
[1.544s] -- Up-to-date symlink: /home/autodrive/laser_ws/install/urg_node/share/ament_index/resource_index/packages/urg_node
[1.544s] -- Up-to-date symlink: /home/autodrive/laser_ws/install/urg_node/share/ament_index/resource_index/rclcpp_components/urg_node
[1.545s] -- Up-to-date symlink: /home/autodrive/laser_ws/install/urg_node/share/urg_node/cmake/ament_cmake_export_dependencies-extras.cmake
[1.545s] -- Up-to-date symlink: /home/autodrive/laser_ws/install/urg_node/share/urg_node/cmake/ament_cmake_export_include_directories-extras.cmake
[1.546s] -- Up-to-date symlink: /home/autodrive/laser_ws/install/urg_node/share/urg_node/cmake/ament_cmake_export_libraries-extras.cmake
[1.546s] -- Up-to-date symlink: /home/autodrive/laser_ws/install/urg_node/share/urg_node/cmake/urg_nodeConfig.cmake
[1.547s] -- Up-to-date symlink: /home/autodrive/laser_ws/install/urg_node/share/urg_node/cmake/urg_nodeConfig-version.cmake
[1.548s] -- Up-to-date symlink: /home/autodrive/laser_ws/install/urg_node/share/urg_node/package.xml
[1.558s] Invoked command in '/home/autodrive/laser_ws/build/urg_node' returned '0': CMAKE_PREFIX_PATH=${CMAKE_PREFIX_PATH}:/home/autodrive/laser_ws/install/point_cloud_subscriber:/home/autodrive/laser_ws/install/keyboard_serial:/opt/ros/foxy /usr/bin/cmake --install /home/autodrive/laser_ws/build/urg_node
