[0.024s] Invoking command in '/home/autodrive/laser_ws/build/urg_node': CMAKE_PREFIX_PATH=/opt/ros/foxy /usr/bin/cmake /home/autodrive/laser_ws/src/urg_node-ros2-devel -DCMAKE_INSTALL_PREFIX=/home/autodrive/laser_ws/install/urg_node
[0.237s] -- The C compiler identification is GNU 9.4.0
[0.400s] -- The CXX compiler identification is GNU 9.4.0
[0.414s] -- Check for working C compiler: /usr/bin/cc
[0.553s] -- Check for working C compiler: /usr/bin/cc -- works
[0.556s] -- Detecting C compiler ABI info
[0.698s] -- Detecting C compiler ABI info - done
[0.734s] -- Detecting C compile features
[0.734s] -- Detecting C compile features - done
[0.741s] -- Check for working CXX compiler: /usr/bin/c++
[0.897s] -- Check for working CXX compiler: /usr/bin/c++ -- works
[0.900s] -- Detecting CXX compiler ABI info
[1.091s] -- Detecting CXX compiler ABI info - done
[1.111s] -- Detecting CXX compile features
[1.112s] -- Detecting CXX compile features - done
[1.118s] -- Found ament_cmake: 0.9.12 (/opt/ros/foxy/share/ament_cmake/cmake)
[1.167s] -- Found PythonInterp: /usr/bin/python3 (found suitable version "3.8.10", minimum required is "3") 
[1.168s] -- Using PYTHON_EXECUTABLE: /usr/bin/python3
[1.602s] -- Found Boost: /usr/lib/aarch64-linux-gnu/cmake/Boost-1.71.0/BoostConfig.cmake (found version "1.71.0")  
[1.605s] -- Found diagnostic_updater: 3.1.2 (/opt/ros/foxy/share/diagnostic_updater/cmake)
[1.663s] -- Using all available rosidl_typesupport_c: rosidl_typesupport_fastrtps_c;rosidl_typesupport_introspection_c
[1.675s] -- Found rosidl_adapter: 1.3.1 (/opt/ros/foxy/share/rosidl_adapter/cmake)
[1.849s] -- Found OpenSSL: /usr/lib/aarch64-linux-gnu/libcrypto.so (found version "1.1.1f")  
[1.904s] -- Found FastRTPS: /opt/ros/foxy/include  
[2.051s] -- Using all available rosidl_typesupport_cpp: rosidl_typesupport_fastrtps_cpp;rosidl_typesupport_introspection_cpp
[2.300s] -- Found rmw_implementation_cmake: 1.0.4 (/opt/ros/foxy/share/rmw_implementation_cmake/cmake)
[2.302s] -- Using RMW implementation 'rmw_fastrtps_cpp' as default
[2.305s] -- Looking for pthread.h
[2.469s] -- Looking for pthread.h - found
[2.469s] -- Performing Test CMAKE_HAVE_LIBC_PTHREAD
[2.613s] -- Performing Test CMAKE_HAVE_LIBC_PTHREAD - Failed
[2.613s] -- Looking for pthread_create in pthreads
[2.739s] -- Looking for pthread_create in pthreads - not found
[2.739s] -- Looking for pthread_create in pthread
[2.881s] -- Looking for pthread_create in pthread - found
[2.884s] -- Found Threads: TRUE  
[3.191s] -- Found laser_proc: 1.0.2 (/opt/ros/foxy/share/laser_proc/cmake)
[3.443s] -- Found rclcpp_components: 2.4.3 (/opt/ros/foxy/share/rclcpp_components/cmake)
[3.555s] -- Found std_srvs: 2.0.5 (/opt/ros/foxy/share/std_srvs/cmake)
[3.574s] -- Found urg_c: 1.0.4001 (/opt/ros/foxy/share/urg_c/cmake)
[3.578s] -- Found urg_node_msgs: 1.0.1 (/opt/ros/foxy/share/urg_node_msgs/cmake)
[3.666s] -- Found ament_lint_auto: 0.9.8 (/opt/ros/foxy/share/ament_lint_auto/cmake)
[3.824s] -- Added test 'cppcheck' to perform static code analysis on C / C++ code
[3.825s] -- Configured cppcheck include dirs: $<BUILD_INTERFACE:/home/autodrive/laser_ws/src/urg_node-ros2-devel/include>
[3.825s] -- Configured cppcheck exclude dirs and/or files: 
[3.828s] -- Added test 'cpplint' to check C / C++ code against the Google style
[3.828s] -- Configured cpplint exclude dirs and/or files: 
[3.829s] -- Added test 'flake8' to check Python code syntax and style conventions
[3.830s] -- Added test 'lint_cmake' to check CMake code style
[3.831s] -- Added test 'pep257' to check Python code against some of the style conventions in PEP 257
[3.834s] -- Added test 'uncrustify' to check C / C++ code style
[3.834s] -- Configured uncrustify additional arguments: 
[3.834s] -- Added test 'xmllint' to check XML markup files
[3.847s] -- Configuring done
[3.905s] -- Generating done
[3.929s] -- Build files have been written to: /home/autodrive/laser_ws/build/urg_node
[3.956s] Invoked command in '/home/autodrive/laser_ws/build/urg_node' returned '0': CMAKE_PREFIX_PATH=/opt/ros/foxy /usr/bin/cmake /home/autodrive/laser_ws/src/urg_node-ros2-devel -DCMAKE_INSTALL_PREFIX=/home/autodrive/laser_ws/install/urg_node
[3.963s] Invoking command in '/home/autodrive/laser_ws/build/urg_node': CMAKE_PREFIX_PATH=/opt/ros/foxy /usr/bin/cmake --build /home/autodrive/laser_ws/build/urg_node -- -j6 -l6
[4.052s] [35m[1mScanning dependencies of target urg_node_driver[0m
[4.052s] [35m[1mScanning dependencies of target urg_node[0m
[4.167s] [ 14%] [32mBuilding CXX object CMakeFiles/urg_node_driver.dir/rclcpp_components/node_main_urg_node_driver.cpp.o[0m
[4.185s] [ 42%] [32mBuilding CXX object CMakeFiles/urg_node.dir/src/urg_c_wrapper.cpp.o[0m
[4.186s] [ 42%] [32mBuilding CXX object CMakeFiles/urg_node.dir/src/urg_node.cpp.o[0m
[9.786s] [ 57%] [32m[1mLinking CXX executable urg_node_driver[0m
[10.101s] [ 57%] Built target urg_node_driver
[17.486s] [ 71%] [32m[1mLinking CXX shared library liburg_node.so[0m
[18.176s] [ 71%] Built target urg_node
[18.199s] [35m[1mScanning dependencies of target getID[0m
[18.270s] [ 85%] [32mBuilding CXX object CMakeFiles/getID.dir/src/get_id.cpp.o[0m
[22.399s] [100%] [32m[1mLinking CXX executable getID[0m
[22.821s] [100%] Built target getID
[22.848s] Invoked command in '/home/autodrive/laser_ws/build/urg_node' returned '0': CMAKE_PREFIX_PATH=/opt/ros/foxy /usr/bin/cmake --build /home/autodrive/laser_ws/build/urg_node -- -j6 -l6
[22.880s] Invoking command in '/home/autodrive/laser_ws/build/urg_node': CMAKE_PREFIX_PATH=/opt/ros/foxy /usr/bin/cmake --install /home/autodrive/laser_ws/build/urg_node
[22.902s] -- Install configuration: ""
[22.902s] -- Installing: /home/autodrive/laser_ws/install/urg_node/lib/urg_node/urg_node_driver
[22.903s] -- Set runtime path of "/home/autodrive/laser_ws/install/urg_node/lib/urg_node/urg_node_driver" to ""
[22.903s] -- Installing: /home/autodrive/laser_ws/install/urg_node/lib/liburg_node.so
[22.910s] -- Set runtime path of "/home/autodrive/laser_ws/install/urg_node/lib/liburg_node.so" to ""
[22.910s] -- Installing: /home/autodrive/laser_ws/install/urg_node/lib/urg_node/getID
[22.911s] -- Set runtime path of "/home/autodrive/laser_ws/install/urg_node/lib/urg_node/getID" to ""
[22.911s] -- Installing: /home/autodrive/laser_ws/install/urg_node/include
[22.911s] -- Installing: /home/autodrive/laser_ws/install/urg_node/include/urg_node
[22.911s] -- Installing: /home/autodrive/laser_ws/install/urg_node/include/urg_node/urg_node.hpp
[22.911s] -- Installing: /home/autodrive/laser_ws/install/urg_node/include/urg_node/urg_c_wrapper.hpp
[22.911s] -- Installing: /home/autodrive/laser_ws/install/urg_node/lib/urg_node/set_urg_ip.py
[22.912s] -- Installing: /home/autodrive/laser_ws/install/urg_node/share/urg_node/launch
[22.913s] -- Installing: /home/autodrive/laser_ws/install/urg_node/share/urg_node/launch/urg_node_ethernet.yaml
[22.913s] -- Installing: /home/autodrive/laser_ws/install/urg_node/share/urg_node/launch/urg_node_launch.py
[22.913s] -- Installing: /home/autodrive/laser_ws/install/urg_node/share/urg_node/launch/urg_lidar.launch
[22.913s] -- Installing: /home/autodrive/laser_ws/install/urg_node/share/urg_node/launch/hokuyo_laser.urdf
[22.914s] -- Installing: /home/autodrive/laser_ws/install/urg_node/share/urg_node/launch/urg_node_serial.yaml
[22.914s] -- Installing: /home/autodrive/laser_ws/install/urg_node/share/urg_node/meshes
[22.914s] -- Installing: /home/autodrive/laser_ws/install/urg_node/share/urg_node/meshes/hokuyo_ust10.stl
[22.915s] -- Installing: /home/autodrive/laser_ws/install/urg_node/share/urg_node/urdf
[22.915s] -- Installing: /home/autodrive/laser_ws/install/urg_node/share/urg_node/urdf/hokuyo_ust10.urdf.xacro
[22.916s] -- Installing: /home/autodrive/laser_ws/install/urg_node/share/urg_node/environment/library_path.sh
[22.916s] -- Installing: /home/autodrive/laser_ws/install/urg_node/share/urg_node/environment/library_path.dsv
[22.917s] -- Installing: /home/autodrive/laser_ws/install/urg_node/share/ament_index/resource_index/package_run_dependencies/urg_node
[22.917s] -- Installing: /home/autodrive/laser_ws/install/urg_node/share/ament_index/resource_index/parent_prefix_path/urg_node
[22.918s] -- Installing: /home/autodrive/laser_ws/install/urg_node/share/urg_node/environment/ament_prefix_path.sh
[22.918s] -- Installing: /home/autodrive/laser_ws/install/urg_node/share/urg_node/environment/ament_prefix_path.dsv
[22.919s] -- Installing: /home/autodrive/laser_ws/install/urg_node/share/urg_node/environment/path.sh
[22.919s] -- Installing: /home/autodrive/laser_ws/install/urg_node/share/urg_node/environment/path.dsv
[22.919s] -- Installing: /home/autodrive/laser_ws/install/urg_node/share/urg_node/local_setup.bash
[22.920s] -- Installing: /home/autodrive/laser_ws/install/urg_node/share/urg_node/local_setup.sh
[22.920s] -- Installing: /home/autodrive/laser_ws/install/urg_node/share/urg_node/local_setup.zsh
[22.921s] -- Installing: /home/autodrive/laser_ws/install/urg_node/share/urg_node/local_setup.dsv
[22.921s] -- Installing: /home/autodrive/laser_ws/install/urg_node/share/urg_node/package.dsv
[22.921s] -- Installing: /home/autodrive/laser_ws/install/urg_node/share/ament_index/resource_index/packages/urg_node
[22.922s] -- Installing: /home/autodrive/laser_ws/install/urg_node/share/ament_index/resource_index/rclcpp_components/urg_node
[22.922s] -- Installing: /home/autodrive/laser_ws/install/urg_node/share/urg_node/cmake/ament_cmake_export_dependencies-extras.cmake
[22.923s] -- Installing: /home/autodrive/laser_ws/install/urg_node/share/urg_node/cmake/ament_cmake_export_include_directories-extras.cmake
[22.923s] -- Installing: /home/autodrive/laser_ws/install/urg_node/share/urg_node/cmake/ament_cmake_export_libraries-extras.cmake
[22.924s] -- Installing: /home/autodrive/laser_ws/install/urg_node/share/urg_node/cmake/urg_nodeConfig.cmake
[22.924s] -- Installing: /home/autodrive/laser_ws/install/urg_node/share/urg_node/cmake/urg_nodeConfig-version.cmake
[22.924s] -- Installing: /home/autodrive/laser_ws/install/urg_node/share/urg_node/package.xml
[22.931s] Invoked command in '/home/autodrive/laser_ws/build/urg_node' returned '0': CMAKE_PREFIX_PATH=/opt/ros/foxy /usr/bin/cmake --install /home/autodrive/laser_ws/build/urg_node
